#
# A fatal error has been detected by the Java Runtime Environment:
#
#  EXCEPTION_ACCESS_VIOLATION (0xc0000005) at pc=0x00007ff81f9431b8, pid=30532, tid=8472
#
# JRE version: Java(TM) SE Runtime Environment (21.0.3+7) (build 21.0.3+7-LTS-152)
# Java VM: Java HotSpot(TM) 64-Bit Server VM (21.0.3+7-LTS-152, mixed mode, sharing, tiered, compressed oops, compressed class ptrs, g1 gc, windows-amd64)
# Problematic frame:
# C  [Phoenix3D_NativeWindowLib.dll+0x131b8]
#
# No core dump will be written. Minidumps are not enabled by default on client versions of Windows
#
# If you would like to submit a bug report, please visit:
#   https://bugreport.java.com/bugreport/crash.jsp
# The crash happened outside the Java Virtual Machine in native code.
# See problematic frame for where to report the bug.
#

---------------  S U M M A R Y ------------

Command Line: -Djava.library.path=C:\Users\Julian Tank\Desktop\Phoenix3D\src\phoenix3D\nativeIntergration\nativeLibraries\macos;C:\Users\Julian Tank\Desktop\Phoenix3D\src\phoenix3D\nativeIntergration\nativeLibraries\linux;C:\Users\Julian Tank\Desktop\Phoenix3D\src\phoenix3D\nativeIntergration\nativeLibraries\windows -javaagent:C:\Program Files\JetBrains\IntelliJ IDEA Community Edition 2020.3.4\lib\idea_rt.jar=18399:C:\Program Files\JetBrains\IntelliJ IDEA Community Edition 2020.3.4\bin -Dfile.encoding=UTF-8 phoenix3D.Test

Host: Intel(R) Core(TM) i5-8250U CPU @ 1.60GHz, 8 cores, 7G,  Windows 11 , 64 bit Build 22621 (10.0.22621.3527)
Time: Tue Jun 11 19:35:36 2024 GMT Daylight Time elapsed time: 0.182354 seconds (0d 0h 0m 0s)

---------------  T H R E A D  ---------------

Current thread (0x000001714271db30):  JavaThread "Thread-1"         [_thread_in_native, id=8472, stack(0x0000005699600000,0x0000005699700000) (1024K)]

Stack: [0x0000005699600000,0x0000005699700000],  sp=0x00000056996ff270,  free space=1020k
Native frames: (J=compiled Java code, j=interpreted, Vv=VM code, C=native code)
C  [Phoenix3D_NativeWindowLib.dll+0x131b8]

Java frames: (J=compiled Java code, j=interpreted, Vv=VM code)
j  phoenix3D.nativeIntergration.nativeObjects.NativeWindow.openWindow(J)V+0
j  phoenix3D.graphics.window.Window$1OpenableWindow.run()V+80
j  java.lang.Thread.runWith(Ljava/lang/Object;Ljava/lang/Runnable;)V+5 java.base@21.0.3
j  java.lang.Thread.run()V+19 java.base@21.0.3
v  ~StubRoutines::call_stub 0x00000171353a100d

siginfo: EXCEPTION_ACCESS_VIOLATION (0xc0000005), reading address 0xffffffff996ff238


Registers:
RAX=0xffffffff996ff238, RBX=0x0000017184408ed8, RCX=0x00007ff81f956093, RDX=0x00000056996ff460
RSP=0x00000056996ff270, RBP=0x00000056996ff290, RSI=0x00000056996ff9f0, RDI=0x00000171353a893e
R8 =0xffffffff996ff238, R9 =0x0000000000000004, R10=0x00000171353ace1c, R11=0x0000000000000101
R12=0x0000000000000000, R13=0x0000017184408ed8, R14=0x00000056996ff460, R15=0x000001714271db30
RIP=0x00007ff81f9431b8, EFLAGS=0x0000000000010202


Register to memory mapping:

RAX=0xffffffff996ff238 is an unknown value
RBX={method} {0x0000017184408ee0} 'openWindow' '(J)V' in 'phoenix3D/nativeIntergration/nativeObjects/NativeWindow'
RCX=0x00007ff81f956093 Phoenix3D_NativeWindowLib.dll
RDX=0x00000056996ff460 is pointing into the stack for thread: 0x000001714271db30
RSP=0x00000056996ff270 is pointing into the stack for thread: 0x000001714271db30
RBP=0x00000056996ff290 is pointing into the stack for thread: 0x000001714271db30
RSI=0x00000056996ff9f0 is pointing into the stack for thread: 0x000001714271db30
RDI=0x00000171353a893e is at code_begin+1406 in an Interpreter codelet
return entry points  [0x00000171353a83c0, 0x00000171353a8f60]  2976 bytes
R8 =0xffffffff996ff238 is an unknown value
R9 =0x0000000000000004 is an unknown value
R10=0x00000171353ace1c is at code_begin+1020 in an Interpreter codelet
native method entry point (kind = native)  [0x00000171353aca20, 0x00000171353ad548]  2856 bytes
R11=0x0000000000000101 is an unknown value
R12=0x0 is null
R13={method} {0x0000017184408ee0} 'openWindow' '(J)V' in 'phoenix3D/nativeIntergration/nativeObjects/NativeWindow'
R14=0x00000056996ff460 is pointing into the stack for thread: 0x000001714271db30
R15=0x000001714271db30 is a thread

Top of Stack: (sp=0x00000056996ff270)
0x00000056996ff270:   00007ff81f956093 00007fffa7f4c91c
0x00000056996ff280:   0000017142659718 00000171425f9750
0x00000056996ff290:   00000171425f9750 ffffffff996ff238
0x00000056996ff2a0:   0000000000000000 00007fffaa427349
0x00000056996ff2b0:   00000056996ff370 00007fffa7f4abac
0x00000056996ff2c0:   00000171422301a0 000000000000000d
0x00000056996ff2d0:   0000000000000006 0000000000000000
0x00000056996ff2e0:   00000171353a8988 000001714271db30
0x00000056996ff2f0:   0000436cae9cee01 00000171353a893e
0x00000056996ff300:   000001714271db30 0000017184408ed8
0x00000056996ff310:   0000000000000000 00000171353a893e
0x00000056996ff320:   00000171353a893e 000001714271db30
0x00000056996ff330:   00000056996ff430 00007fffa7cb26f5
0x00000056996ff340:   00000056996ff360 000001714271db30
0x00000056996ff350:   000000000000017c 000001714271db30
0x00000056996ff360:   0000017184408ed8 000001714271db30
0x00000056996ff370:   00000171353a893e 00000171353accbc
0x00000056996ff380:   0000017184408ed8 0000017184408ed8
0x00000056996ff390:   00007fff00000064 00000171353a893e
0x00000056996ff3a0:   00000056996ff430 00000171353ace4b
0x00000056996ff3b0:   000001714271dee8 00000056996ff460
0x00000056996ff3c0:   ffffffff996ff238 00000056996ff9f0
0x00000056996ff3d0:   0000017184408e38 0000000000000009
0x00000056996ff3e0:   00000171353acadf 00000056996ff3e8
0x00000056996ff3f0:   0000017184408ed8 0000000000000006
0x00000056996ff400:   0000017184409e60 0000000000000000
0x00000056996ff410:   0000000089b5f358 0000017184408ed8
0x00000056996ff420:   0000000000000000 00000056996ff450
0x00000056996ff430:   00000056996ff4b0 00000171353a8860
0x00000056996ff440:   0000000000000000 00000171353aa3d7
0x00000056996ff450:   ffffffff996ff238 0000000000000000
0x00000056996ff460:   0000000089b619e8 00000056996ff468 

Instructions: (pc=0x00007ff81f9431b8)
0x00007ff81f9430b8:   cc cc cc cc cc cc cc cc cc cc cc cc cc cc cc cc
0x00007ff81f9430c8:   cc cc cc cc cc cc cc cc 4c 89 44 24 18 48 89 54
0x00007ff81f9430d8:   24 10 48 89 4c 24 08 55 57 48 81 ec 28 01 00 00
0x00007ff81f9430e8:   48 8d 6c 24 20 48 8d 0d 9f 2f 01 00 e8 3a e3 ff
0x00007ff81f9430f8:   ff 48 8b 85 30 01 00 00 48 89 45 08 48 8b 45 08
0x00007ff81f943108:   48 8b 00 48 89 45 28 48 8b 4d 28 ff 15 27 11 01
0x00007ff81f943118:   00 48 8d a5 08 01 00 00 5f 5d c3 cc cc cc cc cc
0x00007ff81f943128:   cc cc cc cc cc cc cc cc cc cc cc cc cc cc cc cc
0x00007ff81f943138:   cc cc cc cc cc cc cc cc cc cc cc cc cc cc cc cc
0x00007ff81f943148:   cc cc cc cc cc cc cc cc cc cc cc cc cc cc cc cc
0x00007ff81f943158:   cc cc cc cc cc cc cc cc cc cc cc cc cc cc cc cc
0x00007ff81f943168:   cc cc cc cc cc cc cc cc cc cc cc cc cc cc cc cc
0x00007ff81f943178:   cc cc cc cc cc cc cc cc 4c 89 44 24 18 48 89 54
0x00007ff81f943188:   24 10 48 89 4c 24 08 55 57 48 81 ec 28 01 00 00
0x00007ff81f943198:   48 8d 6c 24 20 48 8d 0d ef 2e 01 00 e8 8a e2 ff
0x00007ff81f9431a8:   ff 48 8b 85 30 01 00 00 48 89 45 08 48 8b 45 08
0x00007ff81f9431b8:   48 8b 00 48 89 45 28 48 8d a5 08 01 00 00 5f 5d
0x00007ff81f9431c8:   c3 cc cc cc cc cc cc cc cc cc cc cc cc cc cc cc
0x00007ff81f9431d8:   cc cc cc cc cc cc cc cc cc cc cc cc cc cc cc cc
0x00007ff81f9431e8:   cc cc cc cc cc cc cc cc 4c 89 44 24 18 48 89 54
0x00007ff81f9431f8:   24 10 48 89 4c 24 08 55 57 48 81 ec 28 01 00 00
0x00007ff81f943208:   48 8d 6c 24 20 48 8d 0d 7f 2e 01 00 e8 1a e2 ff
0x00007ff81f943218:   ff 48 8b 85 30 01 00 00 48 89 45 08 48 8b 45 08
0x00007ff81f943228:   48 8b 00 48 89 45 28 48 8b 4d 28 ff 15 ff 0f 01
0x00007ff81f943238:   00 48 8d a5 08 01 00 00 5f 5d c3 cc cc cc cc cc
0x00007ff81f943248:   cc cc cc cc cc cc cc cc cc cc cc cc cc cc cc cc
0x00007ff81f943258:   cc cc cc cc cc cc cc cc 4c 89 44 24 18 48 89 54
0x00007ff81f943268:   24 10 48 89 4c 24 08 55 57 48 81 ec 28 01 00 00
0x00007ff81f943278:   48 8d 6c 24 20 48 8d 0d 0f 2e 01 00 e8 aa e1 ff
0x00007ff81f943288:   ff 48 8b 85 30 01 00 00 48 89 45 08 48 8b 45 08
0x00007ff81f943298:   48 8b 00 48 89 45 28 48 8b 4d 28 ff 15 df 0f 01
0x00007ff81f9432a8:   00 48 8d a5 08 01 00 00 5f 5d c3 cc cc cc cc cc 


Stack slot to memory mapping:

stack at sp + 0 slots: 0x00007ff81f956093 Phoenix3D_NativeWindowLib.dll
stack at sp + 1 slots: 0x00007fffa7f4c91c jvm.dll
stack at sp + 2 slots: 0x0000017142659718 points into unknown readable memory: 0x00007fffa828b490 | 90 b4 28 a8 ff 7f 00 00
stack at sp + 3 slots: 0x00000171425f9750 points into unknown readable memory: 0x0000000000000000 | 00 00 00 00 00 00 00 00
stack at sp + 4 slots: 0x00000171425f9750 points into unknown readable memory: 0x0000000000000000 | 00 00 00 00 00 00 00 00
stack at sp + 5 slots: 0xffffffff996ff238 is an unknown value
stack at sp + 6 slots: 0x0 is null
stack at sp + 7 slots: 0x00007fffaa427349 ucrtbased.dll


---------------  P R O C E S S  ---------------

Threads class SMR info:
_java_thread_list=0x00000171426db7f0, length=14, elements={
0x0000017142389df0, 0x000001714238aec0, 0x000001714238fbe0, 0x0000017142392ae0,
0x0000017142394ad0, 0x0000017142395d90, 0x00000171423a2530, 0x00000171423a3960,
0x0000017142355160, 0x00000171426c19b0, 0x00000171426c2020, 0x000001714271c2e0,
0x000001714271db30, 0x00000171237f25d0
}

Java Threads: ( => current thread )
  0x0000017142389df0 JavaThread "Reference Handler"          daemon [_thread_blocked, id=13364, stack(0x0000005698a00000,0x0000005698b00000) (1024K)]
  0x000001714238aec0 JavaThread "Finalizer"                  daemon [_thread_blocked, id=18108, stack(0x0000005698b00000,0x0000005698c00000) (1024K)]
  0x000001714238fbe0 JavaThread "Signal Dispatcher"          daemon [_thread_blocked, id=7152, stack(0x0000005698c00000,0x0000005698d00000) (1024K)]
  0x0000017142392ae0 JavaThread "Attach Listener"            daemon [_thread_blocked, id=26272, stack(0x0000005698d00000,0x0000005698e00000) (1024K)]
  0x0000017142394ad0 JavaThread "Service Thread"             daemon [_thread_blocked, id=19488, stack(0x0000005698e00000,0x0000005698f00000) (1024K)]
  0x0000017142395d90 JavaThread "Monitor Deflation Thread"   daemon [_thread_blocked, id=20372, stack(0x0000005698f00000,0x0000005699000000) (1024K)]
  0x00000171423a2530 JavaThread "C2 CompilerThread0"         daemon [_thread_blocked, id=12904, stack(0x0000005699000000,0x0000005699100000) (1024K)]
  0x00000171423a3960 JavaThread "C1 CompilerThread0"         daemon [_thread_blocked, id=3832, stack(0x0000005699100000,0x0000005699200000) (1024K)]
  0x0000017142355160 JavaThread "Common-Cleaner"             daemon [_thread_blocked, id=32640, stack(0x0000005699200000,0x0000005699300000) (1024K)]
  0x00000171426c19b0 JavaThread "Monitor Ctrl-Break"         daemon [_thread_in_native, id=28316, stack(0x0000005699300000,0x0000005699400000) (1024K)]
  0x00000171426c2020 JavaThread "Notification Thread"        daemon [_thread_blocked, id=18760, stack(0x0000005699400000,0x0000005699500000) (1024K)]
  0x000001714271c2e0 JavaThread "Thread-0"                          [_thread_in_native, id=17296, stack(0x0000005699500000,0x0000005699600000) (1024K)]
=>0x000001714271db30 JavaThread "Thread-1"                          [_thread_in_native, id=8472, stack(0x0000005699600000,0x0000005699700000) (1024K)]
  0x00000171237f25d0 JavaThread "DestroyJavaVM"                     [_thread_blocked, id=19380, stack(0x0000005698200000,0x0000005698300000) (1024K)]
Total: 14

Other Threads:
  0x0000017142368970 VMThread "VM Thread"                           [id=24132, stack(0x0000005698900000,0x0000005698a00000) (1024K)]
  0x00000171423524e0 WatcherThread "VM Periodic Task Thread"        [id=24952, stack(0x0000005698800000,0x0000005698900000) (1024K)]
  0x0000017125a7b610 WorkerThread "GC Thread#0"                     [id=1816, stack(0x0000005698300000,0x0000005698400000) (1024K)]
  0x0000017125a8c530 ConcurrentGCThread "G1 Main Marker"            [id=19376, stack(0x0000005698400000,0x0000005698500000) (1024K)]
  0x0000017125a8ebb0 WorkerThread "G1 Conc#0"                       [id=15468, stack(0x0000005698500000,0x0000005698600000) (1024K)]
  0x00000171422113f0 ConcurrentGCThread "G1 Refine#0"               [id=11916, stack(0x0000005698600000,0x0000005698700000) (1024K)]
  0x0000017142212f70 ConcurrentGCThread "G1 Service"                [id=18656, stack(0x0000005698700000,0x0000005698800000) (1024K)]
Total: 7

Threads with active compile tasks:
Total: 0

VM state: not at safepoint (normal execution)

VM Mutex/Monitor currently owned by a thread: None

Heap address: 0x0000000081e00000, size: 2018 MB, Compressed Oops mode: 32-bit

CDS archive(s) mapped at: [0x0000017143000000-0x0000017143c90000-0x0000017143c90000), size 13172736, SharedBaseAddress: 0x0000017143000000, ArchiveRelocationMode: 1.
Compressed class space mapped at: 0x0000017144000000-0x0000017184000000, reserved size: 1073741824
Narrow klass base: 0x0000017143000000, Narrow klass shift: 0, Narrow klass range: 0x100000000

GC Precious Log:
 CardTable entry size: 512
 Card Set container configuration: InlinePtr #cards 5 size 8 Array Of Cards #cards 12 size 40 Howl #buckets 4 coarsen threshold 1843 Howl Bitmap #cards 512 size 80 coarsen threshold 460 Card regions per heap region 1 cards per card region 2048
 CPUs: 8 total, 8 available
 Memory: 8066M
 Large Page Support: Disabled
 NUMA Support: Disabled
 Compressed Oops: Enabled (32-bit)
 Heap Region Size: 1M
 Heap Min Capacity: 8M
 Heap Initial Capacity: 128M
 Heap Max Capacity: 2018M
 Pre-touch: Disabled
 Parallel Workers: 8
 Concurrent Workers: 2
 Concurrent Refinement Workers: 8
 Periodic GC: Disabled

Heap:
 garbage-first heap   total 131072K, used 3072K [0x0000000081e00000, 0x0000000100000000)
  region size 1024K, 4 young (4096K), 0 survivors (0K)
 Metaspace       used 771K, committed 896K, reserved 1114112K
  class space    used 63K, committed 128K, reserved 1048576K

Heap Regions: E=young(eden), S=young(survivor), O=old, HS=humongous(starts), HC=humongous(continues), CS=collection set, F=free, TAMS=top-at-mark-start, PB=parsable bottom
|   0|0x0000000081e00000, 0x0000000081e00000, 0x0000000081f00000|  0%| F|  |TAMS 0x0000000081e00000| PB 0x0000000081e00000| Untracked 
|   1|0x0000000081f00000, 0x0000000081f00000, 0x0000000082000000|  0%| F|  |TAMS 0x0000000081f00000| PB 0x0000000081f00000| Untracked 
|   2|0x0000000082000000, 0x0000000082000000, 0x0000000082100000|  0%| F|  |TAMS 0x0000000082000000| PB 0x0000000082000000| Untracked 
|   3|0x0000000082100000, 0x0000000082100000, 0x0000000082200000|  0%| F|  |TAMS 0x0000000082100000| PB 0x0000000082100000| Untracked 
|   4|0x0000000082200000, 0x0000000082200000, 0x0000000082300000|  0%| F|  |TAMS 0x0000000082200000| PB 0x0000000082200000| Untracked 
|   5|0x0000000082300000, 0x0000000082300000, 0x0000000082400000|  0%| F|  |TAMS 0x0000000082300000| PB 0x0000000082300000| Untracked 
|   6|0x0000000082400000, 0x0000000082400000, 0x0000000082500000|  0%| F|  |TAMS 0x0000000082400000| PB 0x0000000082400000| Untracked 
|   7|0x0000000082500000, 0x0000000082500000, 0x0000000082600000|  0%| F|  |TAMS 0x0000000082500000| PB 0x0000000082500000| Untracked 
|   8|0x0000000082600000, 0x0000000082600000, 0x0000000082700000|  0%| F|  |TAMS 0x0000000082600000| PB 0x0000000082600000| Untracked 
|   9|0x0000000082700000, 0x0000000082700000, 0x0000000082800000|  0%| F|  |TAMS 0x0000000082700000| PB 0x0000000082700000| Untracked 
|  10|0x0000000082800000, 0x0000000082800000, 0x0000000082900000|  0%| F|  |TAMS 0x0000000082800000| PB 0x0000000082800000| Untracked 
|  11|0x0000000082900000, 0x0000000082900000, 0x0000000082a00000|  0%| F|  |TAMS 0x0000000082900000| PB 0x0000000082900000| Untracked 
|  12|0x0000000082a00000, 0x0000000082a00000, 0x0000000082b00000|  0%| F|  |TAMS 0x0000000082a00000| PB 0x0000000082a00000| Untracked 
|  13|0x0000000082b00000, 0x0000000082b00000, 0x0000000082c00000|  0%| F|  |TAMS 0x0000000082b00000| PB 0x0000000082b00000| Untracked 
|  14|0x0000000082c00000, 0x0000000082c00000, 0x0000000082d00000|  0%| F|  |TAMS 0x0000000082c00000| PB 0x0000000082c00000| Untracked 
|  15|0x0000000082d00000, 0x0000000082d00000, 0x0000000082e00000|  0%| F|  |TAMS 0x0000000082d00000| PB 0x0000000082d00000| Untracked 
|  16|0x0000000082e00000, 0x0000000082e00000, 0x0000000082f00000|  0%| F|  |TAMS 0x0000000082e00000| PB 0x0000000082e00000| Untracked 
|  17|0x0000000082f00000, 0x0000000082f00000, 0x0000000083000000|  0%| F|  |TAMS 0x0000000082f00000| PB 0x0000000082f00000| Untracked 
|  18|0x0000000083000000, 0x0000000083000000, 0x0000000083100000|  0%| F|  |TAMS 0x0000000083000000| PB 0x0000000083000000| Untracked 
|  19|0x0000000083100000, 0x0000000083100000, 0x0000000083200000|  0%| F|  |TAMS 0x0000000083100000| PB 0x0000000083100000| Untracked 
|  20|0x0000000083200000, 0x0000000083200000, 0x0000000083300000|  0%| F|  |TAMS 0x0000000083200000| PB 0x0000000083200000| Untracked 
|  21|0x0000000083300000, 0x0000000083300000, 0x0000000083400000|  0%| F|  |TAMS 0x0000000083300000| PB 0x0000000083300000| Untracked 
|  22|0x0000000083400000, 0x0000000083400000, 0x0000000083500000|  0%| F|  |TAMS 0x0000000083400000| PB 0x0000000083400000| Untracked 
|  23|0x0000000083500000, 0x0000000083500000, 0x0000000083600000|  0%| F|  |TAMS 0x0000000083500000| PB 0x0000000083500000| Untracked 
|  24|0x0000000083600000, 0x0000000083600000, 0x0000000083700000|  0%| F|  |TAMS 0x0000000083600000| PB 0x0000000083600000| Untracked 
|  25|0x0000000083700000, 0x0000000083700000, 0x0000000083800000|  0%| F|  |TAMS 0x0000000083700000| PB 0x0000000083700000| Untracked 
|  26|0x0000000083800000, 0x0000000083800000, 0x0000000083900000|  0%| F|  |TAMS 0x0000000083800000| PB 0x0000000083800000| Untracked 
|  27|0x0000000083900000, 0x0000000083900000, 0x0000000083a00000|  0%| F|  |TAMS 0x0000000083900000| PB 0x0000000083900000| Untracked 
|  28|0x0000000083a00000, 0x0000000083a00000, 0x0000000083b00000|  0%| F|  |TAMS 0x0000000083a00000| PB 0x0000000083a00000| Untracked 
|  29|0x0000000083b00000, 0x0000000083b00000, 0x0000000083c00000|  0%| F|  |TAMS 0x0000000083b00000| PB 0x0000000083b00000| Untracked 
|  30|0x0000000083c00000, 0x0000000083c00000, 0x0000000083d00000|  0%| F|  |TAMS 0x0000000083c00000| PB 0x0000000083c00000| Untracked 
|  31|0x0000000083d00000, 0x0000000083d00000, 0x0000000083e00000|  0%| F|  |TAMS 0x0000000083d00000| PB 0x0000000083d00000| Untracked 
|  32|0x0000000083e00000, 0x0000000083e00000, 0x0000000083f00000|  0%| F|  |TAMS 0x0000000083e00000| PB 0x0000000083e00000| Untracked 
|  33|0x0000000083f00000, 0x0000000083f00000, 0x0000000084000000|  0%| F|  |TAMS 0x0000000083f00000| PB 0x0000000083f00000| Untracked 
|  34|0x0000000084000000, 0x0000000084000000, 0x0000000084100000|  0%| F|  |TAMS 0x0000000084000000| PB 0x0000000084000000| Untracked 
|  35|0x0000000084100000, 0x0000000084100000, 0x0000000084200000|  0%| F|  |TAMS 0x0000000084100000| PB 0x0000000084100000| Untracked 
|  36|0x0000000084200000, 0x0000000084200000, 0x0000000084300000|  0%| F|  |TAMS 0x0000000084200000| PB 0x0000000084200000| Untracked 
|  37|0x0000000084300000, 0x0000000084300000, 0x0000000084400000|  0%| F|  |TAMS 0x0000000084300000| PB 0x0000000084300000| Untracked 
|  38|0x0000000084400000, 0x0000000084400000, 0x0000000084500000|  0%| F|  |TAMS 0x0000000084400000| PB 0x0000000084400000| Untracked 
|  39|0x0000000084500000, 0x0000000084500000, 0x0000000084600000|  0%| F|  |TAMS 0x0000000084500000| PB 0x0000000084500000| Untracked 
|  40|0x0000000084600000, 0x0000000084600000, 0x0000000084700000|  0%| F|  |TAMS 0x0000000084600000| PB 0x0000000084600000| Untracked 
|  41|0x0000000084700000, 0x0000000084700000, 0x0000000084800000|  0%| F|  |TAMS 0x0000000084700000| PB 0x0000000084700000| Untracked 
|  42|0x0000000084800000, 0x0000000084800000, 0x0000000084900000|  0%| F|  |TAMS 0x0000000084800000| PB 0x0000000084800000| Untracked 
|  43|0x0000000084900000, 0x0000000084900000, 0x0000000084a00000|  0%| F|  |TAMS 0x0000000084900000| PB 0x0000000084900000| Untracked 
|  44|0x0000000084a00000, 0x0000000084a00000, 0x0000000084b00000|  0%| F|  |TAMS 0x0000000084a00000| PB 0x0000000084a00000| Untracked 
|  45|0x0000000084b00000, 0x0000000084b00000, 0x0000000084c00000|  0%| F|  |TAMS 0x0000000084b00000| PB 0x0000000084b00000| Untracked 
|  46|0x0000000084c00000, 0x0000000084c00000, 0x0000000084d00000|  0%| F|  |TAMS 0x0000000084c00000| PB 0x0000000084c00000| Untracked 
|  47|0x0000000084d00000, 0x0000000084d00000, 0x0000000084e00000|  0%| F|  |TAMS 0x0000000084d00000| PB 0x0000000084d00000| Untracked 
|  48|0x0000000084e00000, 0x0000000084e00000, 0x0000000084f00000|  0%| F|  |TAMS 0x0000000084e00000| PB 0x0000000084e00000| Untracked 
|  49|0x0000000084f00000, 0x0000000084f00000, 0x0000000085000000|  0%| F|  |TAMS 0x0000000084f00000| PB 0x0000000084f00000| Untracked 
|  50|0x0000000085000000, 0x0000000085000000, 0x0000000085100000|  0%| F|  |TAMS 0x0000000085000000| PB 0x0000000085000000| Untracked 
|  51|0x0000000085100000, 0x0000000085100000, 0x0000000085200000|  0%| F|  |TAMS 0x0000000085100000| PB 0x0000000085100000| Untracked 
|  52|0x0000000085200000, 0x0000000085200000, 0x0000000085300000|  0%| F|  |TAMS 0x0000000085200000| PB 0x0000000085200000| Untracked 
|  53|0x0000000085300000, 0x0000000085300000, 0x0000000085400000|  0%| F|  |TAMS 0x0000000085300000| PB 0x0000000085300000| Untracked 
|  54|0x0000000085400000, 0x0000000085400000, 0x0000000085500000|  0%| F|  |TAMS 0x0000000085400000| PB 0x0000000085400000| Untracked 
|  55|0x0000000085500000, 0x0000000085500000, 0x0000000085600000|  0%| F|  |TAMS 0x0000000085500000| PB 0x0000000085500000| Untracked 
|  56|0x0000000085600000, 0x0000000085600000, 0x0000000085700000|  0%| F|  |TAMS 0x0000000085600000| PB 0x0000000085600000| Untracked 
|  57|0x0000000085700000, 0x0000000085700000, 0x0000000085800000|  0%| F|  |TAMS 0x0000000085700000| PB 0x0000000085700000| Untracked 
|  58|0x0000000085800000, 0x0000000085800000, 0x0000000085900000|  0%| F|  |TAMS 0x0000000085800000| PB 0x0000000085800000| Untracked 
|  59|0x0000000085900000, 0x0000000085900000, 0x0000000085a00000|  0%| F|  |TAMS 0x0000000085900000| PB 0x0000000085900000| Untracked 
|  60|0x0000000085a00000, 0x0000000085a00000, 0x0000000085b00000|  0%| F|  |TAMS 0x0000000085a00000| PB 0x0000000085a00000| Untracked 
|  61|0x0000000085b00000, 0x0000000085b00000, 0x0000000085c00000|  0%| F|  |TAMS 0x0000000085b00000| PB 0x0000000085b00000| Untracked 
|  62|0x0000000085c00000, 0x0000000085c00000, 0x0000000085d00000|  0%| F|  |TAMS 0x0000000085c00000| PB 0x0000000085c00000| Untracked 
|  63|0x0000000085d00000, 0x0000000085d00000, 0x0000000085e00000|  0%| F|  |TAMS 0x0000000085d00000| PB 0x0000000085d00000| Untracked 
|  64|0x0000000085e00000, 0x0000000085e00000, 0x0000000085f00000|  0%| F|  |TAMS 0x0000000085e00000| PB 0x0000000085e00000| Untracked 
|  65|0x0000000085f00000, 0x0000000085f00000, 0x0000000086000000|  0%| F|  |TAMS 0x0000000085f00000| PB 0x0000000085f00000| Untracked 
|  66|0x0000000086000000, 0x0000000086000000, 0x0000000086100000|  0%| F|  |TAMS 0x0000000086000000| PB 0x0000000086000000| Untracked 
|  67|0x0000000086100000, 0x0000000086100000, 0x0000000086200000|  0%| F|  |TAMS 0x0000000086100000| PB 0x0000000086100000| Untracked 
|  68|0x0000000086200000, 0x0000000086200000, 0x0000000086300000|  0%| F|  |TAMS 0x0000000086200000| PB 0x0000000086200000| Untracked 
|  69|0x0000000086300000, 0x0000000086300000, 0x0000000086400000|  0%| F|  |TAMS 0x0000000086300000| PB 0x0000000086300000| Untracked 
|  70|0x0000000086400000, 0x0000000086400000, 0x0000000086500000|  0%| F|  |TAMS 0x0000000086400000| PB 0x0000000086400000| Untracked 
|  71|0x0000000086500000, 0x0000000086500000, 0x0000000086600000|  0%| F|  |TAMS 0x0000000086500000| PB 0x0000000086500000| Untracked 
|  72|0x0000000086600000, 0x0000000086600000, 0x0000000086700000|  0%| F|  |TAMS 0x0000000086600000| PB 0x0000000086600000| Untracked 
|  73|0x0000000086700000, 0x0000000086700000, 0x0000000086800000|  0%| F|  |TAMS 0x0000000086700000| PB 0x0000000086700000| Untracked 
|  74|0x0000000086800000, 0x0000000086800000, 0x0000000086900000|  0%| F|  |TAMS 0x0000000086800000| PB 0x0000000086800000| Untracked 
|  75|0x0000000086900000, 0x0000000086900000, 0x0000000086a00000|  0%| F|  |TAMS 0x0000000086900000| PB 0x0000000086900000| Untracked 
|  76|0x0000000086a00000, 0x0000000086a00000, 0x0000000086b00000|  0%| F|  |TAMS 0x0000000086a00000| PB 0x0000000086a00000| Untracked 
|  77|0x0000000086b00000, 0x0000000086b00000, 0x0000000086c00000|  0%| F|  |TAMS 0x0000000086b00000| PB 0x0000000086b00000| Untracked 
|  78|0x0000000086c00000, 0x0000000086c00000, 0x0000000086d00000|  0%| F|  |TAMS 0x0000000086c00000| PB 0x0000000086c00000| Untracked 
|  79|0x0000000086d00000, 0x0000000086d00000, 0x0000000086e00000|  0%| F|  |TAMS 0x0000000086d00000| PB 0x0000000086d00000| Untracked 
|  80|0x0000000086e00000, 0x0000000086e00000, 0x0000000086f00000|  0%| F|  |TAMS 0x0000000086e00000| PB 0x0000000086e00000| Untracked 
|  81|0x0000000086f00000, 0x0000000086f00000, 0x0000000087000000|  0%| F|  |TAMS 0x0000000086f00000| PB 0x0000000086f00000| Untracked 
|  82|0x0000000087000000, 0x0000000087000000, 0x0000000087100000|  0%| F|  |TAMS 0x0000000087000000| PB 0x0000000087000000| Untracked 
|  83|0x0000000087100000, 0x0000000087100000, 0x0000000087200000|  0%| F|  |TAMS 0x0000000087100000| PB 0x0000000087100000| Untracked 
|  84|0x0000000087200000, 0x0000000087200000, 0x0000000087300000|  0%| F|  |TAMS 0x0000000087200000| PB 0x0000000087200000| Untracked 
|  85|0x0000000087300000, 0x0000000087300000, 0x0000000087400000|  0%| F|  |TAMS 0x0000000087300000| PB 0x0000000087300000| Untracked 
|  86|0x0000000087400000, 0x0000000087400000, 0x0000000087500000|  0%| F|  |TAMS 0x0000000087400000| PB 0x0000000087400000| Untracked 
|  87|0x0000000087500000, 0x0000000087500000, 0x0000000087600000|  0%| F|  |TAMS 0x0000000087500000| PB 0x0000000087500000| Untracked 
|  88|0x0000000087600000, 0x0000000087600000, 0x0000000087700000|  0%| F|  |TAMS 0x0000000087600000| PB 0x0000000087600000| Untracked 
|  89|0x0000000087700000, 0x0000000087700000, 0x0000000087800000|  0%| F|  |TAMS 0x0000000087700000| PB 0x0000000087700000| Untracked 
|  90|0x0000000087800000, 0x0000000087800000, 0x0000000087900000|  0%| F|  |TAMS 0x0000000087800000| PB 0x0000000087800000| Untracked 
|  91|0x0000000087900000, 0x0000000087900000, 0x0000000087a00000|  0%| F|  |TAMS 0x0000000087900000| PB 0x0000000087900000| Untracked 
|  92|0x0000000087a00000, 0x0000000087a00000, 0x0000000087b00000|  0%| F|  |TAMS 0x0000000087a00000| PB 0x0000000087a00000| Untracked 
|  93|0x0000000087b00000, 0x0000000087b00000, 0x0000000087c00000|  0%| F|  |TAMS 0x0000000087b00000| PB 0x0000000087b00000| Untracked 
|  94|0x0000000087c00000, 0x0000000087c00000, 0x0000000087d00000|  0%| F|  |TAMS 0x0000000087c00000| PB 0x0000000087c00000| Untracked 
|  95|0x0000000087d00000, 0x0000000087d00000, 0x0000000087e00000|  0%| F|  |TAMS 0x0000000087d00000| PB 0x0000000087d00000| Untracked 
|  96|0x0000000087e00000, 0x0000000087e00000, 0x0000000087f00000|  0%| F|  |TAMS 0x0000000087e00000| PB 0x0000000087e00000| Untracked 
|  97|0x0000000087f00000, 0x0000000087f00000, 0x0000000088000000|  0%| F|  |TAMS 0x0000000087f00000| PB 0x0000000087f00000| Untracked 
|  98|0x0000000088000000, 0x0000000088000000, 0x0000000088100000|  0%| F|  |TAMS 0x0000000088000000| PB 0x0000000088000000| Untracked 
|  99|0x0000000088100000, 0x0000000088100000, 0x0000000088200000|  0%| F|  |TAMS 0x0000000088100000| PB 0x0000000088100000| Untracked 
| 100|0x0000000088200000, 0x0000000088200000, 0x0000000088300000|  0%| F|  |TAMS 0x0000000088200000| PB 0x0000000088200000| Untracked 
| 101|0x0000000088300000, 0x0000000088300000, 0x0000000088400000|  0%| F|  |TAMS 0x0000000088300000| PB 0x0000000088300000| Untracked 
| 102|0x0000000088400000, 0x0000000088400000, 0x0000000088500000|  0%| F|  |TAMS 0x0000000088400000| PB 0x0000000088400000| Untracked 
| 103|0x0000000088500000, 0x0000000088500000, 0x0000000088600000|  0%| F|  |TAMS 0x0000000088500000| PB 0x0000000088500000| Untracked 
| 104|0x0000000088600000, 0x0000000088600000, 0x0000000088700000|  0%| F|  |TAMS 0x0000000088600000| PB 0x0000000088600000| Untracked 
| 105|0x0000000088700000, 0x0000000088700000, 0x0000000088800000|  0%| F|  |TAMS 0x0000000088700000| PB 0x0000000088700000| Untracked 
| 106|0x0000000088800000, 0x0000000088800000, 0x0000000088900000|  0%| F|  |TAMS 0x0000000088800000| PB 0x0000000088800000| Untracked 
| 107|0x0000000088900000, 0x0000000088900000, 0x0000000088a00000|  0%| F|  |TAMS 0x0000000088900000| PB 0x0000000088900000| Untracked 
| 108|0x0000000088a00000, 0x0000000088a00000, 0x0000000088b00000|  0%| F|  |TAMS 0x0000000088a00000| PB 0x0000000088a00000| Untracked 
| 109|0x0000000088b00000, 0x0000000088b00000, 0x0000000088c00000|  0%| F|  |TAMS 0x0000000088b00000| PB 0x0000000088b00000| Untracked 
| 110|0x0000000088c00000, 0x0000000088c00000, 0x0000000088d00000|  0%| F|  |TAMS 0x0000000088c00000| PB 0x0000000088c00000| Untracked 
| 111|0x0000000088d00000, 0x0000000088d00000, 0x0000000088e00000|  0%| F|  |TAMS 0x0000000088d00000| PB 0x0000000088d00000| Untracked 
| 112|0x0000000088e00000, 0x0000000088e00000, 0x0000000088f00000|  0%| F|  |TAMS 0x0000000088e00000| PB 0x0000000088e00000| Untracked 
| 113|0x0000000088f00000, 0x0000000088f00000, 0x0000000089000000|  0%| F|  |TAMS 0x0000000088f00000| PB 0x0000000088f00000| Untracked 
| 114|0x0000000089000000, 0x0000000089000000, 0x0000000089100000|  0%| F|  |TAMS 0x0000000089000000| PB 0x0000000089000000| Untracked 
| 115|0x0000000089100000, 0x0000000089100000, 0x0000000089200000|  0%| F|  |TAMS 0x0000000089100000| PB 0x0000000089100000| Untracked 
| 116|0x0000000089200000, 0x0000000089200000, 0x0000000089300000|  0%| F|  |TAMS 0x0000000089200000| PB 0x0000000089200000| Untracked 
| 117|0x0000000089300000, 0x0000000089300000, 0x0000000089400000|  0%| F|  |TAMS 0x0000000089300000| PB 0x0000000089300000| Untracked 
| 118|0x0000000089400000, 0x0000000089400000, 0x0000000089500000|  0%| F|  |TAMS 0x0000000089400000| PB 0x0000000089400000| Untracked 
| 119|0x0000000089500000, 0x0000000089500000, 0x0000000089600000|  0%| F|  |TAMS 0x0000000089500000| PB 0x0000000089500000| Untracked 
| 120|0x0000000089600000, 0x0000000089600000, 0x0000000089700000|  0%| F|  |TAMS 0x0000000089600000| PB 0x0000000089600000| Untracked 
| 121|0x0000000089700000, 0x0000000089700000, 0x0000000089800000|  0%| F|  |TAMS 0x0000000089700000| PB 0x0000000089700000| Untracked 
| 122|0x0000000089800000, 0x0000000089800000, 0x0000000089900000|  0%| F|  |TAMS 0x0000000089800000| PB 0x0000000089800000| Untracked 
| 123|0x0000000089900000, 0x0000000089900000, 0x0000000089a00000|  0%| F|  |TAMS 0x0000000089900000| PB 0x0000000089900000| Untracked 
| 124|0x0000000089a00000, 0x0000000089a76440, 0x0000000089b00000| 46%| E|  |TAMS 0x0000000089a00000| PB 0x0000000089a00000| Complete 
| 125|0x0000000089b00000, 0x0000000089c00000, 0x0000000089c00000|100%| E|CS|TAMS 0x0000000089b00000| PB 0x0000000089b00000| Complete 
| 126|0x0000000089c00000, 0x0000000089d00000, 0x0000000089d00000|100%| E|CS|TAMS 0x0000000089c00000| PB 0x0000000089c00000| Complete 
| 127|0x0000000089d00000, 0x0000000089e00000, 0x0000000089e00000|100%| E|CS|TAMS 0x0000000089d00000| PB 0x0000000089d00000| Complete 

Card table byte_map: [0x000001713d5a0000,0x000001713d9a0000] _byte_map_base: 0x000001713d191000

Marking Bits: (CMBitMap*) 0x0000017125a7bd10
 Bits: [0x000001713d9a0000, 0x000001713f928000)

Polling page: 0x00000171239d0000

Metaspace:

Usage:
  Non-class:    708.55 KB used.
      Class:     63.41 KB used.
       Both:    771.96 KB used.

Virtual space:
  Non-class space:       64.00 MB reserved,     768.00 KB (  1%) committed,  1 nodes.
      Class space:        1.00 GB reserved,     128.00 KB ( <1%) committed,  1 nodes.
             Both:        1.06 GB reserved,     896.00 KB ( <1%) committed. 

Chunk freelists:
   Non-Class:  11.95 MB
       Class:  15.73 MB
        Both:  27.68 MB

MaxMetaspaceSize: unlimited
CompressedClassSpaceSize: 1.00 GB
Initial GC threshold: 21.00 MB
Current GC threshold: 21.00 MB
CDS: on
 - commit_granule_bytes: 65536.
 - commit_granule_words: 8192.
 - virtual_space_node_default_size: 8388608.
 - enlarge_chunks_in_place: 1.
 - use_allocation_guard: 0.


Internal statistics:

num_allocs_failed_limit: 0.
num_arena_births: 24.
num_arena_deaths: 0.
num_vsnodes_births: 2.
num_vsnodes_deaths: 0.
num_space_committed: 14.
num_space_uncommitted: 0.
num_chunks_returned_to_freelist: 0.
num_chunks_taken_from_freelist: 30.
num_chunk_merges: 0.
num_chunk_splits: 20.
num_chunks_enlarged: 12.
num_inconsistent_stats: 0.

CodeHeap 'non-profiled nmethods': size=120000Kb used=75Kb max_used=75Kb free=119924Kb
 bounds [0x0000017135940000, 0x0000017135bb0000, 0x000001713ce70000]
CodeHeap 'profiled nmethods': size=120000Kb used=213Kb max_used=213Kb free=119786Kb
 bounds [0x000001712de70000, 0x000001712e0e0000, 0x00000171353a0000]
CodeHeap 'non-nmethods': size=5760Kb used=1298Kb max_used=1308Kb free=4461Kb
 bounds [0x00000171353a0000, 0x0000017135610000, 0x0000017135940000]
 total_blobs=618 nmethods=205 adapters=318
 compilation: enabled
              stopped_count=0, restarted_count=0
 full_count=0

Compilation events (20 events):
Event: 0.146 Thread 0x00000171423a3960  193       1       java.lang.invoke.MethodTypeForm::erasedType (5 bytes)
Event: 0.146 Thread 0x00000171423a3960 nmethod 193 0x0000017135951c90 code [0x0000017135951e20, 0x0000017135951ee8]
Event: 0.152 Thread 0x00000171423a3960  194       3       java.lang.System::getSecurityManager (12 bytes)
Event: 0.152 Thread 0x00000171423a3960 nmethod 194 0x000001712dea2910 code [0x000001712dea2ac0, 0x000001712dea2c30]
Event: 0.153 Thread 0x00000171423a3960  195       3       java.lang.String::charAt (25 bytes)
Event: 0.153 Thread 0x00000171423a3960 nmethod 195 0x000001712dea2d10 code [0x000001712dea2f00, 0x000001712dea3448]
Event: 0.154 Thread 0x00000171423a3960  196       3       java.lang.String::indexOf (7 bytes)
Event: 0.154 Thread 0x00000171423a3960 nmethod 196 0x000001712dea3690 code [0x000001712dea3840, 0x000001712dea3980]
Event: 0.161 Thread 0x00000171423a3960  197       3       java.lang.StringLatin1::lastIndexOf (40 bytes)
Event: 0.161 Thread 0x00000171423a3960 nmethod 197 0x000001712dea3a10 code [0x000001712dea3be0, 0x000001712dea3fd0]
Event: 0.164 Thread 0x00000171423a2530  198       4       java.lang.String::coder (15 bytes)
Event: 0.164 Thread 0x00000171423a2530 nmethod 198 0x0000017135951f90 code [0x0000017135952120, 0x00000171359521b0]
Event: 0.165 Thread 0x00000171423a2530  199       4       java.util.Objects::requireNonNull (14 bytes)
Event: 0.165 Thread 0x00000171423a2530 nmethod 199 0x0000017135952590 code [0x0000017135952720, 0x00000171359527a8]
Event: 0.165 Thread 0x00000171423a3960  201       3       jdk.internal.org.objectweb.asm.SymbolTable::put (150 bytes)
Event: 0.166 Thread 0x00000171423a3960 nmethod 201 0x000001712dea4110 code [0x000001712dea4300, 0x000001712dea4b60]
Event: 0.166 Thread 0x00000171423a3960  202       3       java.lang.Enum::<init> (15 bytes)
Event: 0.167 Thread 0x00000171423a3960 nmethod 202 0x000001712dea4e10 code [0x000001712dea4fc0, 0x000001712dea5180]
Event: 0.172 Thread 0x00000171423a3960  204       3       java.lang.ref.Reference::<init> (25 bytes)
Event: 0.172 Thread 0x00000171423a3960 nmethod 204 0x000001712dea5210 code [0x000001712dea53c0, 0x000001712dea5638]

GC Heap History (0 events):
No events

Dll operation events (10 events):
Event: 0.017 Loaded shared library C:\Program Files\Java\jdk-21\bin\java.dll
Event: 0.060 Loaded shared library C:\Program Files\Java\jdk-21\bin\jsvml.dll
Event: 0.119 Loaded shared library C:\Program Files\Java\jdk-21\bin\zip.dll
Event: 0.123 Loaded shared library C:\Program Files\Java\jdk-21\bin\instrument.dll
Event: 0.130 Loaded shared library C:\Program Files\Java\jdk-21\bin\net.dll
Event: 0.134 Loaded shared library C:\Program Files\Java\jdk-21\bin\nio.dll
Event: 0.138 Loaded shared library C:\Program Files\Java\jdk-21\bin\zip.dll
Event: 0.150 Loaded shared library C:\Program Files\JetBrains\IntelliJ IDEA Community Edition 2020.3.4\bin\breakgen64.dll
Event: 0.160 Loaded shared library C:\Users\Julian Tank\Desktop\Phoenix3D\src\phoenix3D\nativeIntergration\nativeLibraries\windows\Phoenix3D_NativeWindowLib.dll
Event: 0.162 Loaded shared library C:\Program Files\Java\jdk-21\bin\extnet.dll

Deoptimization events (4 events):
Event: 0.152 Thread 0x00000171237f25d0 Uncommon trap: trap_request=0xffffff45 fr.pc=0x0000017135950ee4 relative=0x00000000000000c4
Event: 0.152 Thread 0x00000171237f25d0 Uncommon trap: reason=unstable_if action=reinterpret pc=0x0000017135950ee4 method=java.lang.String.isLatin1()Z @ 10 c2
Event: 0.152 Thread 0x00000171237f25d0 DEOPT PACKING pc=0x0000017135950ee4 sp=0x00000056982ff2f0
Event: 0.152 Thread 0x00000171237f25d0 DEOPT UNPACKING pc=0x00000171353f46a2 sp=0x00000056982ff230 mode 2

Classes loaded (20 events):
Event: 0.167 Loading class sun/net/NetProperties done
Event: 0.167 Loading class sun/net/NetProperties$1
Event: 0.167 Loading class sun/net/NetProperties$1 done
Event: 0.169 Loading class sun/net/spi/DefaultProxySelector$NonProxyInfo
Event: 0.169 Loading class sun/net/spi/DefaultProxySelector$NonProxyInfo done
Event: 0.169 Loading class sun/net/spi/DefaultProxySelector$3
Event: 0.169 Loading class sun/net/spi/DefaultProxySelector$3 done
Event: 0.169 Loading class sun/net/NetHooks
Event: 0.170 Loading class sun/net/NetHooks done
Event: 0.170 Loading class sun/nio/ch/NativeThread
Event: 0.170 Loading class sun/nio/ch/NativeThread done
Event: 0.171 Loading class java/io/BufferedReader
Event: 0.172 Loading class java/io/BufferedReader done
Event: 0.172 Loading class java/net/Socket$SocketInputStream
Event: 0.172 Loading class java/net/Socket$SocketInputStream done
Event: 0.172 Loading class sun/nio/ch/NioSocketImpl$1
Event: 0.172 Loading class sun/nio/ch/NioSocketImpl$1 done
Event: 0.172 Loading class sun/nio/cs/StreamDecoder
Event: 0.172 Loading class sun/nio/cs/StreamDecoder done
Event: 0.173 Loading class sun/nio/cs/US_ASCII$Decoder

Classes unloaded (0 events):
No events

Classes redefined (0 events):
No events

Internal exceptions (3 events):
Event: 0.139 Thread 0x00000171237f25d0 Exception <a 'java/lang/NoSuchMethodError'{0x0000000089b38618}: 'void java.lang.invoke.DirectMethodHandle$Holder.invokeStatic(java.lang.Object, java.lang.Object, java.lang.Object)'> (0x0000000089b38618) 
thrown [s\open\src\hotspot\share\interpreter\linkResolver.cpp, line 773]
Event: 0.145 Thread 0x00000171237f25d0 Exception <a 'java/lang/NoSuchMethodError'{0x0000000089b4fb20}: 'java.lang.Object java.lang.invoke.Invokers$Holder.invokeExact_MT(java.lang.Object, java.lang.Object, java.lang.Object, java.lang.Object, java.lang.Object)'> (0x0000000089b4fb20) 
thrown [s\open\src\hotspot\share\interpreter\linkResolver.cpp, line 773]
Event: 0.165 Thread 0x00000171426c19b0 Exception <a 'java/lang/NoSuchMethodError'{0x0000000089b7efd8}: 'void java.lang.invoke.DirectMethodHandle$Holder.invokeStatic(java.lang.Object, java.lang.Object)'> (0x0000000089b7efd8) 
thrown [s\open\src\hotspot\share\interpreter\linkResolver.cpp, line 773]

ZGC Phase Switch (0 events):
No events

VM Operations (2 events):
Event: 0.101 Executing VM operation: HandshakeAllThreads (Deoptimize)
Event: 0.101 Executing VM operation: HandshakeAllThreads (Deoptimize) done

Events (16 events):
Event: 0.037 Thread 0x00000171237f25d0 Thread added: 0x00000171237f25d0
Event: 0.056 Thread 0x0000017142389df0 Thread added: 0x0000017142389df0
Event: 0.056 Thread 0x000001714238aec0 Thread added: 0x000001714238aec0
Event: 0.057 Thread 0x000001714238fbe0 Thread added: 0x000001714238fbe0
Event: 0.057 Thread 0x0000017142392ae0 Thread added: 0x0000017142392ae0
Event: 0.057 Thread 0x0000017142394ad0 Thread added: 0x0000017142394ad0
Event: 0.057 Thread 0x0000017142395d90 Thread added: 0x0000017142395d90
Event: 0.057 Thread 0x00000171423a2530 Thread added: 0x00000171423a2530
Event: 0.057 Thread 0x00000171423a3960 Thread added: 0x00000171423a3960
Event: 0.088 Thread 0x0000017142355160 Thread added: 0x0000017142355160
Event: 0.151 Thread 0x00000171426c19b0 Thread added: 0x00000171426c19b0
Event: 0.151 Thread 0x00000171426c2020 Thread added: 0x00000171426c2020
Event: 0.162 Thread 0x000001714271c2e0 Thread added: 0x000001714271c2e0
Event: 0.162 Thread 0x000001714271db30 Thread added: 0x000001714271db30
Event: 0.163 Thread 0x00000171237f25d0 Thread exited: 0x00000171237f25d0
Event: 0.163 Thread 0x00000171237f25d0 Thread added: 0x00000171237f25d0


Dynamic libraries:
0x00007ff60b690000 - 0x00007ff60b6a0000 	C:\Program Files\Java\jdk-21\bin\java.exe
0x00007ff832730000 - 0x00007ff832947000 	C:\WINDOWS\SYSTEM32\ntdll.dll
0x00007ff831660000 - 0x00007ff831724000 	C:\WINDOWS\System32\KERNEL32.DLL
0x00007ff82fbf0000 - 0x00007ff82ff97000 	C:\WINDOWS\System32\KERNELBASE.dll
0x0000000070630000 - 0x0000000070962000 	C:\Program Files\Norton Security\NortonData\22.15.0.88\Definitions\IPSDefs\20240610.064\IPSEng64.dll
0x00007ff831730000 - 0x00007ff8317e2000 	C:\WINDOWS\System32\ADVAPI32.dll
0x00007ff8315a0000 - 0x00007ff831647000 	C:\WINDOWS\System32\msvcrt.dll
0x00007ff831090000 - 0x00007ff831138000 	C:\WINDOWS\System32\sechost.dll
0x00007ff830360000 - 0x00007ff830388000 	C:\WINDOWS\System32\bcrypt.dll
0x00007ff831480000 - 0x00007ff831595000 	C:\WINDOWS\System32\RPCRT4.dll
0x00007ff831070000 - 0x00007ff831078000 	C:\WINDOWS\System32\PSAPI.DLL
0x00007ff830010000 - 0x00007ff830121000 	C:\WINDOWS\System32\ucrtbase.dll
0x00007ff82cee0000 - 0x00007ff82cef9000 	C:\Program Files\Java\jdk-21\bin\jli.dll
0x00007ff82ce80000 - 0x00007ff82ce9b000 	C:\Program Files\Java\jdk-21\bin\VCRUNTIME140.dll
0x00007ff831e30000 - 0x00007ff831fde000 	C:\WINDOWS\System32\USER32.dll
0x00007ff830390000 - 0x00007ff8303b6000 	C:\WINDOWS\System32\win32u.dll
0x00007ff8326a0000 - 0x00007ff8326c9000 	C:\WINDOWS\System32\GDI32.dll
0x00007ff82fad0000 - 0x00007ff82fbe9000 	C:\WINDOWS\System32\gdi32full.dll
0x00007ff8138c0000 - 0x00007ff813b53000 	C:\WINDOWS\WinSxS\amd64_microsoft.windows.common-controls_6595b64144ccf1df_6.0.22621.3527_none_270e469b73872a76\COMCTL32.dll
0x00007ff8303c0000 - 0x00007ff83045a000 	C:\WINDOWS\System32\msvcp_win.dll
0x00007ff81d990000 - 0x00007ff81d99a000 	C:\WINDOWS\SYSTEM32\VERSION.dll
0x00007ff832050000 - 0x00007ff832081000 	C:\WINDOWS\System32\IMM32.DLL
0x00007ff82cf20000 - 0x00007ff82cf2c000 	C:\Program Files\Java\jdk-21\bin\vcruntime140_1.dll
0x00007ffffea20000 - 0x00007ffffeaae000 	C:\Program Files\Java\jdk-21\bin\msvcp140.dll
0x00007fffa78e0000 - 0x00007fffa85ed000 	C:\Program Files\Java\jdk-21\bin\server\jvm.dll
0x00007ff8325d0000 - 0x00007ff832641000 	C:\WINDOWS\System32\WS2_32.dll
0x00007ff82f910000 - 0x00007ff82f95d000 	C:\WINDOWS\SYSTEM32\POWRPROF.dll
0x00007ff827170000 - 0x00007ff8271a4000 	C:\WINDOWS\SYSTEM32\WINMM.dll
0x00007ff82f840000 - 0x00007ff82f853000 	C:\WINDOWS\SYSTEM32\UMPDC.dll
0x00007ff82ea40000 - 0x00007ff82ea58000 	C:\WINDOWS\SYSTEM32\kernel.appcore.dll
0x00007ff82bdd0000 - 0x00007ff82bdda000 	C:\Program Files\Java\jdk-21\bin\jimage.dll
0x00007ff82d000000 - 0x00007ff82d232000 	C:\WINDOWS\SYSTEM32\DBGHELP.DLL
0x00007ff832090000 - 0x00007ff832418000 	C:\WINDOWS\System32\combase.dll
0x00007ff831850000 - 0x00007ff831927000 	C:\WINDOWS\System32\OLEAUT32.dll
0x00007ff818cc0000 - 0x00007ff818cf2000 	C:\WINDOWS\SYSTEM32\dbgcore.DLL
0x00007ff82fa50000 - 0x00007ff82fac9000 	C:\WINDOWS\System32\bcryptPrimitives.dll
0x00007ff82a360000 - 0x00007ff82a36f000 	C:\Program Files\Java\jdk-21\bin\instrument.dll
0x00007ff82a240000 - 0x00007ff82a25f000 	C:\Program Files\Java\jdk-21\bin\java.dll
0x00007ff830780000 - 0x00007ff830fdc000 	C:\WINDOWS\System32\SHELL32.dll
0x00007ff82d940000 - 0x00007ff82e236000 	C:\WINDOWS\SYSTEM32\windows.storage.dll
0x00007ff82d800000 - 0x00007ff82d93e000 	C:\WINDOWS\SYSTEM32\wintypes.dll
0x00007ff831140000 - 0x00007ff831235000 	C:\WINDOWS\System32\SHCORE.dll
0x00007ff8317f0000 - 0x00007ff83184e000 	C:\WINDOWS\System32\shlwapi.dll
0x00007ff82f980000 - 0x00007ff82f9a1000 	C:\WINDOWS\SYSTEM32\profapi.dll
0x00007fffe97e0000 - 0x00007fffe98b7000 	C:\Program Files\Java\jdk-21\bin\jsvml.dll
0x00007ff82a0c0000 - 0x00007ff82a0d8000 	C:\Program Files\Java\jdk-21\bin\zip.dll
0x00007ff82a2a0000 - 0x00007ff82a2b0000 	C:\Program Files\Java\jdk-21\bin\net.dll
0x00007ff82a100000 - 0x00007ff82a236000 	C:\WINDOWS\SYSTEM32\WINHTTP.dll
0x00007ff82eee0000 - 0x00007ff82ef49000 	C:\WINDOWS\system32\mswsock.dll
0x00007ff82a0a0000 - 0x00007ff82a0b6000 	C:\Program Files\Java\jdk-21\bin\nio.dll
0x00007ff8285c0000 - 0x00007ff8285da000 	C:\Program Files\JetBrains\IntelliJ IDEA Community Edition 2020.3.4\bin\breakgen64.dll
0x00007ff81f930000 - 0x00007ff81f95a000 	C:\Users\Julian Tank\Desktop\Phoenix3D\src\phoenix3D\nativeIntergration\nativeLibraries\windows\Phoenix3D_NativeWindowLib.dll
0x00007ff81b6a0000 - 0x00007ff81b6cb000 	C:\WINDOWS\SYSTEM32\VCRUNTIME140D.dll
0x00007fffaa3d0000 - 0x00007fffaa597000 	C:\WINDOWS\SYSTEM32\ucrtbased.dll
0x00007ff829d70000 - 0x00007ff829d79000 	C:\Program Files\Java\jdk-21\bin\extnet.dll
0x00007ff82c6b0000 - 0x00007ff82c75b000 	C:\WINDOWS\system32\uxtheme.dll
0x00007ff830620000 - 0x00007ff830773000 	C:\WINDOWS\System32\MSCTF.dll

dbghelp: loaded successfully - version: 4.0.5 - missing functions: none
symbol engine: initialized successfully - sym options: 0x614 - pdb path: .;C:\Program Files\Java\jdk-21\bin;C:\WINDOWS\SYSTEM32;C:\Program Files\Norton Security\NortonData\22.15.0.88\Definitions\IPSDefs\20240610.064;C:\WINDOWS\WinSxS\amd64_microsoft.windows.common-controls_6595b64144ccf1df_6.0.22621.3527_none_270e469b73872a76;C:\Program Files\Java\jdk-21\bin\server;C:\Program Files\JetBrains\IntelliJ IDEA Community Edition 2020.3.4\bin;C:\Users\Julian Tank\Desktop\Phoenix3D\src\phoenix3D\nativeIntergration\nativeLibraries\windows

VM Arguments:
jvm_args: -Djava.library.path=C:\Users\Julian Tank\Desktop\Phoenix3D\src\phoenix3D\nativeIntergration\nativeLibraries\macos;C:\Users\Julian Tank\Desktop\Phoenix3D\src\phoenix3D\nativeIntergration\nativeLibraries\linux;C:\Users\Julian Tank\Desktop\Phoenix3D\src\phoenix3D\nativeIntergration\nativeLibraries\windows -javaagent:C:\Program Files\JetBrains\IntelliJ IDEA Community Edition 2020.3.4\lib\idea_rt.jar=18399:C:\Program Files\JetBrains\IntelliJ IDEA Community Edition 2020.3.4\bin -Dfile.encoding=UTF-8 
java_command: phoenix3D.Test
java_class_path (initial): C:\Users\Julian Tank\Desktop\Phoenix3D\out\production\Phoenix3D
Launcher Type: SUN_STANDARD

[Global flags]
     intx CICompilerCount                          = 4                                         {product} {ergonomic}
     uint ConcGCThreads                            = 2                                         {product} {ergonomic}
     uint G1ConcRefinementThreads                  = 8                                         {product} {ergonomic}
   size_t G1HeapRegionSize                         = 1048576                                   {product} {ergonomic}
    uintx GCDrainStackTargetSize                   = 64                                        {product} {ergonomic}
   size_t InitialHeapSize                          = 134217728                                 {product} {ergonomic}
   size_t MarkStackSize                            = 4194304                                   {product} {ergonomic}
   size_t MaxHeapSize                              = 2116026368                                {product} {ergonomic}
   size_t MaxNewSize                               = 1268776960                                {product} {ergonomic}
   size_t MinHeapDeltaBytes                        = 1048576                                   {product} {ergonomic}
   size_t MinHeapSize                              = 8388608                                   {product} {ergonomic}
    uintx NonNMethodCodeHeapSize                   = 5839372                                {pd product} {ergonomic}
    uintx NonProfiledCodeHeapSize                  = 122909434                              {pd product} {ergonomic}
    uintx ProfiledCodeHeapSize                     = 122909434                              {pd product} {ergonomic}
    uintx ReservedCodeCacheSize                    = 251658240                              {pd product} {ergonomic}
     bool SegmentedCodeCache                       = true                                      {product} {ergonomic}
   size_t SoftMaxHeapSize                          = 2116026368                             {manageable} {ergonomic}
     bool UseCompressedOops                        = true                           {product lp64_product} {ergonomic}
     bool UseG1GC                                  = true                                      {product} {ergonomic}
     bool UseLargePagesIndividualAllocation        = false                                  {pd product} {ergonomic}

Logging:
Log output configuration:
 #0: stdout all=warning uptime,level,tags foldmultilines=false
 #1: stderr all=off uptime,level,tags foldmultilines=false

Environment Variables:
JAVA_HOME=C:\Program Files\Java\jdk-21
PATH=C:\Program Files\Common Files\Oracle\Java\javapath;C:\Program Files (x86)\Common Files\Oracle\Java\javapath;C:\Program Files\Eclipse Adoptium\jdk-17.0.5.8-hotspot\bin;C:\Program Files (x86)\Intel\iCLS Client\;C:\Program Files\Intel\iCLS Client\;C:\WINDOWS\system32;C:\WINDOWS;C:\WINDOWS\System32\Wbem;C:\WINDOWS\System32\WindowsPowerShell\v1.0\;C:\Program Files (x86)\Intel\Intel(R) Management Engine Components\DAL;C:\Program Files\Intel\Intel(R) Management Engine Components\DAL;C:\Program Files (x86)\Intel\Intel(R) Management Engine Components\IPT;C:\Program Files\Intel\Intel(R) Management Engine Components\IPT;C:\WINDOWS\System32\OpenSSH\;C:\Program Files\dotnet\;C:\Program Files\Java\jdk-17.0.3.1;C:\Program Files\WorldPainter;C:\Program Files\nodejs\;C:\Program Files\Docker\Docker\resources\bin;C:\Program Files\Git\cmd;C:\Users\Julian Tank\AppData\Local\Microsoft\WindowsApps;C:\Users\Julian Tank\AppData\Local\atom\bin;C:\Users\Julian Tank\AppData\Local\Programs\Microsoft VS Code\bin;C:\Users\Julian Tank\AppData\Local\GitHubDesktop\bin;C:\Users\Julian Tank\AppData\Local\Microsoft\WindowsApps;C:\Users\Julian Tank\.dotnet\tools;C:\Users\Julian Tank\AppData\Roaming\npm;C:\Program Files (x86)\Nmap;C:\MinGW\bin;
USERNAME=Julian Tank
OS=Windows_NT
PROCESSOR_IDENTIFIER=Intel64 Family 6 Model 142 Stepping 10, GenuineIntel
TMP=C:\Users\JULIAN~1\AppData\Local\Temp
TEMP=C:\Users\JULIAN~1\AppData\Local\Temp




Periodic native trim disabled

---------------  S Y S T E M  ---------------

OS:
 Windows 11 , 64 bit Build 22621 (10.0.22621.3527)
OS uptime: 3 days 9:56 hours
Hyper-V role detected

CPU: total 8 (initial active 8) (4 cores per cpu, 2 threads per core) family 6 model 142 stepping 10 microcode 0xe0, cx8, cmov, fxsr, ht, mmx, 3dnowpref, sse, sse2, sse3, ssse3, sse4.1, sse4.2, popcnt, lzcnt, tsc, tscinvbit, avx, avx2, aes, erms, clmul, bmi1, bmi2, adx, fma, vzeroupper, clflush, clflushopt, hv, rdtscp, f16c
Processor Information for all 8 processors :
  Max Mhz: 1800, Current Mhz: 1600, Mhz Limit: 1584

Memory: 4k page, system-wide physical 8066M (955M free)
TotalPageFile size 22664M (AvailPageFile size 5268M)
current process WorkingSet (physical memory assigned to process): 41M, peak: 41M
current process commit charge ("private bytes"): 211M, peak: 211M

vm_info: Java HotSpot(TM) 64-Bit Server VM (21.0.3+7-LTS-152) for windows-amd64 JRE (21.0.3+7-LTS-152), built on 2024-03-11T17:42:26Z by "mach5one" with MS VC++ 17.6 (VS2022)

END.
