#
# A fatal error has been detected by the Java Runtime Environment:
#
#  EXCEPTION_ACCESS_VIOLATION (0xc0000005) at pc=0x00007ff81fb933a8, pid=16724, tid=27872
#
# JRE version: Java(TM) SE Runtime Environment (21.0.3+7) (build 21.0.3+7-LTS-152)
# Java VM: Java HotSpot(TM) 64-Bit Server VM (21.0.3+7-LTS-152, mixed mode, sharing, tiered, compressed oops, compressed class ptrs, g1 gc, windows-amd64)
# Problematic frame:
# C  [Phoenix3D_NativeWindowLib.dll+0x133a8]
#
# No core dump will be written. Minidumps are not enabled by default on client versions of Windows
#
# If you would like to submit a bug report, please visit:
#   https://bugreport.java.com/bugreport/crash.jsp
# The crash happened outside the Java Virtual Machine in native code.
# See problematic frame for where to report the bug.
#

---------------  S U M M A R Y ------------

Command Line: -Djava.library.path=C:\Users\Julian Tank\Desktop\Phoenix3D\src\phoenix3D\nativeIntergration\nativeLibraries\macos;C:\Users\Julian Tank\Desktop\Phoenix3D\src\phoenix3D\nativeIntergration\nativeLibraries\linux;C:\Users\Julian Tank\Desktop\Phoenix3D\src\phoenix3D\nativeIntergration\nativeLibraries\windows -javaagent:C:\Program Files\JetBrains\IntelliJ IDEA Community Edition 2020.3.4\lib\idea_rt.jar=18102:C:\Program Files\JetBrains\IntelliJ IDEA Community Edition 2020.3.4\bin -Dfile.encoding=UTF-8 phoenix3D.Test

Host: Intel(R) Core(TM) i5-8250U CPU @ 1.60GHz, 8 cores, 7G,  Windows 11 , 64 bit Build 22621 (10.0.22621.3527)
Time: Tue Jun 11 19:20:27 2024 GMT Daylight Time elapsed time: 1.430299 seconds (0d 0h 0m 1s)

---------------  T H R E A D  ---------------

Current thread (0x000001a6c2b2b130):  JavaThread "Thread-0"         [_thread_in_native, id=27872, stack(0x0000003a8db00000,0x0000003a8dc00000) (1024K)]

Stack: [0x0000003a8db00000,0x0000003a8dc00000],  sp=0x0000003a8dbff040,  free space=1020k
Native frames: (J=compiled Java code, j=interpreted, Vv=VM code, C=native code)
C  [Phoenix3D_NativeWindowLib.dll+0x133a8]

Java frames: (J=compiled Java code, j=interpreted, Vv=VM code)
j  phoenix3D.nativeIntergration.nativeObjects.NativeWindow.openWindow(J)V+0
j  phoenix3D.graphics.window.Window$1OpenableWindow.run()V+80
j  java.lang.Thread.runWith(Ljava/lang/Object;Ljava/lang/Runnable;)V+5 java.base@21.0.3
j  java.lang.Thread.run()V+19 java.base@21.0.3
v  ~StubRoutines::call_stub 0x000001a6b580100d

siginfo: EXCEPTION_ACCESS_VIOLATION (0xc0000005), reading address 0xffffffff8dbff008


Registers:
RAX=0xffffffff8dbff008, RBX=0x000001a70440aed8, RCX=0x00007ff81fba60a3, RDX=0x0000003a8dbff230
RSP=0x0000003a8dbff040, RBP=0x0000003a8dbff060, RSI=0x0000003a8dbff7c0, RDI=0x000001a6b580893e
R8 =0xffffffff8dbff008, R9 =0x00000000000000de, R10=0x000001a6b580ce1c, R11=0x0000000000000101
R12=0x0000000000000000, R13=0x000001a70440aed8, R14=0x0000003a8dbff230, R15=0x000001a6c2b2b130
RIP=0x00007ff81fb933a8, EFLAGS=0x0000000000010202


Register to memory mapping:

RAX=0xffffffff8dbff008 is an unknown value
RBX={method} {0x000001a70440aee0} 'openWindow' '(J)V' in 'phoenix3D/nativeIntergration/nativeObjects/NativeWindow'
RCX=0x00007ff81fba60a3 Phoenix3D_NativeWindowLib.dll
RDX=0x0000003a8dbff230 is pointing into the stack for thread: 0x000001a6c2b2b130
RSP=0x0000003a8dbff040 is pointing into the stack for thread: 0x000001a6c2b2b130
RBP=0x0000003a8dbff060 is pointing into the stack for thread: 0x000001a6c2b2b130
RSI=0x0000003a8dbff7c0 is pointing into the stack for thread: 0x000001a6c2b2b130
RDI=0x000001a6b580893e is at code_begin+1406 in an Interpreter codelet
return entry points  [0x000001a6b58083c0, 0x000001a6b5808f60]  2976 bytes
R8 =0xffffffff8dbff008 is an unknown value
R9 =0x00000000000000de is an unknown value
R10=0x000001a6b580ce1c is at code_begin+1020 in an Interpreter codelet
native method entry point (kind = native)  [0x000001a6b580ca20, 0x000001a6b580d548]  2856 bytes
R11=0x0000000000000101 is an unknown value
R12=0x0 is null
R13={method} {0x000001a70440aee0} 'openWindow' '(J)V' in 'phoenix3D/nativeIntergration/nativeObjects/NativeWindow'
R14=0x0000003a8dbff230 is pointing into the stack for thread: 0x000001a6c2b2b130
R15=0x000001a6c2b2b130 is a thread

Top of Stack: (sp=0x0000003a8dbff040)
0x0000003a8dbff040:   00007ff81fba60a3 cccccccccccccccc
0x0000003a8dbff050:   cccccccccccccccc cccccccccccccccc
0x0000003a8dbff060:   cccccccccccccccc ffffffff8dbff008
0x0000003a8dbff070:   0000000100000006 0000000000000006
0x0000003a8dbff080:   000001a6c2951ca0 0000004000000003
0x0000003a8dbff090:   0000003a8dbff228 000001a70440ae38
0x0000003a8dbff0a0:   0000000000000000 000001a6b5808988
0x0000003a8dbff0b0:   0000003a8dbff7c0 000001a6c2b2b130
0x0000003a8dbff0c0:   0000003a8dbff1e0 00007fffa7cb26f5
0x0000003a8dbff0d0:   0000003a8dbff0f0 000001a6b582435c
0x0000003a8dbff0e0:   0000000001955556 000001a6c2b2b130
0x0000003a8dbff0f0:   000001a70440ae38 000001a6c2b2b130
0x0000003a8dbff100:   000001a6b5808988 ffffffff8dbff008
0x0000003a8dbff110:   000001a70440ae38 00005783244842ae
0x0000003a8dbff120:   ffffffff8dbff008 0000000000000000
0x0000003a8dbff130:   0000000000000000 000001a6b580d488
0x0000003a8dbff140:   000001a6c2b2b4e8 0000003a8dbff228
0x0000003a8dbff150:   000001a7000003e8 0000003a000001f4
0x0000003a8dbff160:   000001a600000064 000001a6b580893e
0x0000003a8dbff170:   0000003a8dbff200 000001a6b580ce4b
0x0000003a8dbff180:   000001a6c2b2b4e8 0000003a8dbff230
0x0000003a8dbff190:   ffffffff8dbff008 0000003a8dbff198
0x0000003a8dbff1a0:   000001a70440ae38 0000000000000009
0x0000003a8dbff1b0:   000001a70440be60 0000003a8dbff1b8
0x0000003a8dbff1c0:   0000000000000000 0000000000000006
0x0000003a8dbff1d0:   000001a70440be60 0000000000000000
0x0000003a8dbff1e0:   0000000089b5f380 000001a70440aed8
0x0000003a8dbff1f0:   0000000000000000 0000003a8dbff220
0x0000003a8dbff200:   0000003a8dbff280 000001a6b5808860
0x0000003a8dbff210:   0000000000000000 000001a6b580a3d7
0x0000003a8dbff220:   ffffffff8dbff008 0000000000000000
0x0000003a8dbff230:   0000000089b600a0 0000003a8dbff238 

Instructions: (pc=0x00007ff81fb933a8)
0x00007ff81fb932a8:   00 48 8d a5 08 01 00 00 5f 5d c3 cc cc cc cc cc
0x00007ff81fb932b8:   cc cc cc cc cc cc cc cc cc cc cc cc cc cc cc cc
0x00007ff81fb932c8:   cc cc cc cc cc cc cc cc 48 89 54 24 10 48 89 4c
0x00007ff81fb932d8:   24 08 55 57 48 81 ec e8 00 00 00 48 8d 6c 24 20
0x00007ff81fb932e8:   48 8d 0d b4 2d 01 00 e8 3f e1 ff ff b0 01 48 8d
0x00007ff81fb932f8:   a5 c8 00 00 00 5f 5d c3 4c 89 44 24 18 48 89 54
0x00007ff81fb93308:   24 10 48 89 4c 24 08 55 57 48 81 ec 28 01 00 00
0x00007ff81fb93318:   48 8d 6c 24 20 48 8d 0d 7f 2d 01 00 e8 0a e1 ff
0x00007ff81fb93328:   ff 48 8b 85 30 01 00 00 48 89 45 08 48 8b 45 08
0x00007ff81fb93338:   48 8b 00 48 89 45 28 ba 01 00 00 00 48 8b 4d 28
0x00007ff81fb93348:   ff 15 e2 0e 01 00 48 8d a5 08 01 00 00 5f 5d c3
0x00007ff81fb93358:   cc cc cc cc cc cc cc cc cc cc cc cc cc cc cc cc
0x00007ff81fb93368:   cc cc cc cc cc cc cc cc 4c 89 44 24 18 48 89 54
0x00007ff81fb93378:   24 10 48 89 4c 24 08 55 57 48 81 ec 28 01 00 00
0x00007ff81fb93388:   48 8d 6c 24 20 48 8d 0d 0f 2d 01 00 e8 9a e0 ff
0x00007ff81fb93398:   ff 48 8b 85 30 01 00 00 48 89 45 08 48 8b 45 08
0x00007ff81fb933a8:   48 8b 00 48 89 45 28 ba 0a 00 00 00 48 8b 4d 28
0x00007ff81fb933b8:   ff 15 d2 0e 01 00 48 8d a5 08 01 00 00 5f 5d c3
0x00007ff81fb933c8:   cc cc cc cc cc cc cc cc cc cc cc cc cc cc cc cc
0x00007ff81fb933d8:   cc cc cc cc cc cc cc cc 4c 89 44 24 18 48 89 54
0x00007ff81fb933e8:   24 10 48 89 4c 24 08 55 57 48 81 ec 28 01 00 00
0x00007ff81fb933f8:   48 8d 6c 24 20 48 8d 0d 9f 2c 01 00 e8 2a e0 ff
0x00007ff81fb93408:   ff 48 8b 85 30 01 00 00 48 89 45 08 48 8b 45 08
0x00007ff81fb93418:   48 8b 00 48 89 45 28 48 8b 4d 28 ff 15 0f 0e 01
0x00007ff81fb93428:   00 48 8d a5 08 01 00 00 5f 5d c3 cc cc cc cc cc
0x00007ff81fb93438:   cc cc cc cc cc cc cc cc cc cc cc cc cc cc cc cc
0x00007ff81fb93448:   cc cc cc cc cc cc cc cc 4c 89 44 24 18 48 89 54
0x00007ff81fb93458:   24 10 48 89 4c 24 08 55 57 48 81 ec 28 01 00 00
0x00007ff81fb93468:   48 8d 6c 24 20 48 8d 0d 2f 2c 01 00 e8 ba df ff
0x00007ff81fb93478:   ff 48 8b 85 30 01 00 00 48 89 45 08 48 8b 45 08
0x00007ff81fb93488:   48 8b 00 48 89 45 28 48 8b 4d 28 ff 15 ef 0d 01
0x00007ff81fb93498:   00 48 8d a5 08 01 00 00 5f 5d c3 cc cc cc cc cc 


Stack slot to memory mapping:

stack at sp + 0 slots: 0x00007ff81fba60a3 Phoenix3D_NativeWindowLib.dll
stack at sp + 1 slots: 0xcccccccccccccccc is an unknown value
stack at sp + 2 slots: 0xcccccccccccccccc is an unknown value
stack at sp + 3 slots: 0xcccccccccccccccc is an unknown value
stack at sp + 4 slots: 0xcccccccccccccccc is an unknown value
stack at sp + 5 slots: 0xffffffff8dbff008 is an unknown value
stack at sp + 6 slots: 0x0000000100000006 is an unknown value
stack at sp + 7 slots: 0x0000000000000006 is an unknown value


---------------  P R O C E S S  ---------------

Threads class SMR info:
_java_thread_list=0x000001a6c2c79000, length=15, elements={
0x000001a6c27f1600, 0x000001a6c27f2320, 0x000001a6c27f4760, 0x000001a6c27f6690,
0x000001a6c27f7370, 0x000001a6c27f9f20, 0x000001a6c2948090, 0x000001a6c280b420,
0x000001a6c2a0ae70, 0x000001a6c2b4de90, 0x000001a6c2b4e500, 0x000001a6c2b2b130,
0x000001a6c2b2cd90, 0x000001a6a3ba3150, 0x000001a6c280d630
}

Java Threads: ( => current thread )
  0x000001a6c27f1600 JavaThread "Reference Handler"          daemon [_thread_blocked, id=23380, stack(0x0000003a8d000000,0x0000003a8d100000) (1024K)]
  0x000001a6c27f2320 JavaThread "Finalizer"                  daemon [_thread_blocked, id=16300, stack(0x0000003a8d100000,0x0000003a8d200000) (1024K)]
  0x000001a6c27f4760 JavaThread "Signal Dispatcher"          daemon [_thread_blocked, id=28416, stack(0x0000003a8d200000,0x0000003a8d300000) (1024K)]
  0x000001a6c27f6690 JavaThread "Attach Listener"            daemon [_thread_blocked, id=23276, stack(0x0000003a8d300000,0x0000003a8d400000) (1024K)]
  0x000001a6c27f7370 JavaThread "Service Thread"             daemon [_thread_blocked, id=25144, stack(0x0000003a8d400000,0x0000003a8d500000) (1024K)]
  0x000001a6c27f9f20 JavaThread "Monitor Deflation Thread"   daemon [_thread_blocked, id=15956, stack(0x0000003a8d500000,0x0000003a8d600000) (1024K)]
  0x000001a6c2948090 JavaThread "C2 CompilerThread0"         daemon [_thread_blocked, id=17452, stack(0x0000003a8d600000,0x0000003a8d700000) (1024K)]
  0x000001a6c280b420 JavaThread "C1 CompilerThread0"         daemon [_thread_blocked, id=19776, stack(0x0000003a8d700000,0x0000003a8d800000) (1024K)]
  0x000001a6c2a0ae70 JavaThread "Common-Cleaner"             daemon [_thread_blocked, id=16824, stack(0x0000003a8d800000,0x0000003a8d900000) (1024K)]
  0x000001a6c2b4de90 JavaThread "Monitor Ctrl-Break"         daemon [_thread_in_native, id=10300, stack(0x0000003a8d900000,0x0000003a8da00000) (1024K)]
  0x000001a6c2b4e500 JavaThread "Notification Thread"        daemon [_thread_blocked, id=15920, stack(0x0000003a8da00000,0x0000003a8db00000) (1024K)]
=>0x000001a6c2b2b130 JavaThread "Thread-0"                          [_thread_in_native, id=27872, stack(0x0000003a8db00000,0x0000003a8dc00000) (1024K)]
  0x000001a6c2b2cd90 JavaThread "Thread-1"                          [_thread_in_native, id=26384, stack(0x0000003a8dc00000,0x0000003a8dd00000) (1024K)]
  0x000001a6a3ba3150 JavaThread "DestroyJavaVM"                     [_thread_blocked, id=28260, stack(0x0000003a8c800000,0x0000003a8c900000) (1024K)]
  0x000001a6c280d630 JavaThread "C2 CompilerThread1"         daemon [_thread_blocked, id=15076, stack(0x0000003a8dd00000,0x0000003a8de00000) (1024K)]
Total: 15

Other Threads:
  0x000001a6c27d2770 VMThread "VM Thread"                           [id=16800, stack(0x0000003a8cf00000,0x0000003a8d000000) (1024K)]
  0x000001a6c27bafc0 WatcherThread "VM Periodic Task Thread"        [id=9640, stack(0x0000003a8ce00000,0x0000003a8cf00000) (1024K)]
  0x000001a6a5edd340 WorkerThread "GC Thread#0"                     [id=9716, stack(0x0000003a8c900000,0x0000003a8ca00000) (1024K)]
  0x000001a6a5eee970 ConcurrentGCThread "G1 Main Marker"            [id=21492, stack(0x0000003a8ca00000,0x0000003a8cb00000) (1024K)]
  0x000001a6a5ef0f60 WorkerThread "G1 Conc#0"                       [id=22024, stack(0x0000003a8cb00000,0x0000003a8cc00000) (1024K)]
  0x000001a6c2679c10 ConcurrentGCThread "G1 Refine#0"               [id=23252, stack(0x0000003a8cc00000,0x0000003a8cd00000) (1024K)]
  0x000001a6c267a680 ConcurrentGCThread "G1 Service"                [id=22908, stack(0x0000003a8cd00000,0x0000003a8ce00000) (1024K)]
Total: 7

Threads with active compile tasks:
Total: 0

VM state: not at safepoint (normal execution)

VM Mutex/Monitor currently owned by a thread: None

Heap address: 0x0000000081e00000, size: 2018 MB, Compressed Oops mode: 32-bit

CDS archive(s) mapped at: [0x000001a6c3000000-0x000001a6c3c90000-0x000001a6c3c90000), size 13172736, SharedBaseAddress: 0x000001a6c3000000, ArchiveRelocationMode: 1.
Compressed class space mapped at: 0x000001a6c4000000-0x000001a704000000, reserved size: 1073741824
Narrow klass base: 0x000001a6c3000000, Narrow klass shift: 0, Narrow klass range: 0x100000000

GC Precious Log:
 CardTable entry size: 512
 Card Set container configuration: InlinePtr #cards 5 size 8 Array Of Cards #cards 12 size 40 Howl #buckets 4 coarsen threshold 1843 Howl Bitmap #cards 512 size 80 coarsen threshold 460 Card regions per heap region 1 cards per card region 2048
 CPUs: 8 total, 8 available
 Memory: 8066M
 Large Page Support: Disabled
 NUMA Support: Disabled
 Compressed Oops: Enabled (32-bit)
 Heap Region Size: 1M
 Heap Min Capacity: 8M
 Heap Initial Capacity: 128M
 Heap Max Capacity: 2018M
 Pre-touch: Disabled
 Parallel Workers: 8
 Concurrent Workers: 2
 Concurrent Refinement Workers: 8
 Periodic GC: Disabled

Heap:
 garbage-first heap   total 131072K, used 4096K [0x0000000081e00000, 0x0000000100000000)
  region size 1024K, 5 young (5120K), 0 survivors (0K)
 Metaspace       used 1206K, committed 1408K, reserved 1114112K
  class space    used 98K, committed 192K, reserved 1048576K

Heap Regions: E=young(eden), S=young(survivor), O=old, HS=humongous(starts), HC=humongous(continues), CS=collection set, F=free, TAMS=top-at-mark-start, PB=parsable bottom
|   0|0x0000000081e00000, 0x0000000081e00000, 0x0000000081f00000|  0%| F|  |TAMS 0x0000000081e00000| PB 0x0000000081e00000| Untracked 
|   1|0x0000000081f00000, 0x0000000081f00000, 0x0000000082000000|  0%| F|  |TAMS 0x0000000081f00000| PB 0x0000000081f00000| Untracked 
|   2|0x0000000082000000, 0x0000000082000000, 0x0000000082100000|  0%| F|  |TAMS 0x0000000082000000| PB 0x0000000082000000| Untracked 
|   3|0x0000000082100000, 0x0000000082100000, 0x0000000082200000|  0%| F|  |TAMS 0x0000000082100000| PB 0x0000000082100000| Untracked 
|   4|0x0000000082200000, 0x0000000082200000, 0x0000000082300000|  0%| F|  |TAMS 0x0000000082200000| PB 0x0000000082200000| Untracked 
|   5|0x0000000082300000, 0x0000000082300000, 0x0000000082400000|  0%| F|  |TAMS 0x0000000082300000| PB 0x0000000082300000| Untracked 
|   6|0x0000000082400000, 0x0000000082400000, 0x0000000082500000|  0%| F|  |TAMS 0x0000000082400000| PB 0x0000000082400000| Untracked 
|   7|0x0000000082500000, 0x0000000082500000, 0x0000000082600000|  0%| F|  |TAMS 0x0000000082500000| PB 0x0000000082500000| Untracked 
|   8|0x0000000082600000, 0x0000000082600000, 0x0000000082700000|  0%| F|  |TAMS 0x0000000082600000| PB 0x0000000082600000| Untracked 
|   9|0x0000000082700000, 0x0000000082700000, 0x0000000082800000|  0%| F|  |TAMS 0x0000000082700000| PB 0x0000000082700000| Untracked 
|  10|0x0000000082800000, 0x0000000082800000, 0x0000000082900000|  0%| F|  |TAMS 0x0000000082800000| PB 0x0000000082800000| Untracked 
|  11|0x0000000082900000, 0x0000000082900000, 0x0000000082a00000|  0%| F|  |TAMS 0x0000000082900000| PB 0x0000000082900000| Untracked 
|  12|0x0000000082a00000, 0x0000000082a00000, 0x0000000082b00000|  0%| F|  |TAMS 0x0000000082a00000| PB 0x0000000082a00000| Untracked 
|  13|0x0000000082b00000, 0x0000000082b00000, 0x0000000082c00000|  0%| F|  |TAMS 0x0000000082b00000| PB 0x0000000082b00000| Untracked 
|  14|0x0000000082c00000, 0x0000000082c00000, 0x0000000082d00000|  0%| F|  |TAMS 0x0000000082c00000| PB 0x0000000082c00000| Untracked 
|  15|0x0000000082d00000, 0x0000000082d00000, 0x0000000082e00000|  0%| F|  |TAMS 0x0000000082d00000| PB 0x0000000082d00000| Untracked 
|  16|0x0000000082e00000, 0x0000000082e00000, 0x0000000082f00000|  0%| F|  |TAMS 0x0000000082e00000| PB 0x0000000082e00000| Untracked 
|  17|0x0000000082f00000, 0x0000000082f00000, 0x0000000083000000|  0%| F|  |TAMS 0x0000000082f00000| PB 0x0000000082f00000| Untracked 
|  18|0x0000000083000000, 0x0000000083000000, 0x0000000083100000|  0%| F|  |TAMS 0x0000000083000000| PB 0x0000000083000000| Untracked 
|  19|0x0000000083100000, 0x0000000083100000, 0x0000000083200000|  0%| F|  |TAMS 0x0000000083100000| PB 0x0000000083100000| Untracked 
|  20|0x0000000083200000, 0x0000000083200000, 0x0000000083300000|  0%| F|  |TAMS 0x0000000083200000| PB 0x0000000083200000| Untracked 
|  21|0x0000000083300000, 0x0000000083300000, 0x0000000083400000|  0%| F|  |TAMS 0x0000000083300000| PB 0x0000000083300000| Untracked 
|  22|0x0000000083400000, 0x0000000083400000, 0x0000000083500000|  0%| F|  |TAMS 0x0000000083400000| PB 0x0000000083400000| Untracked 
|  23|0x0000000083500000, 0x0000000083500000, 0x0000000083600000|  0%| F|  |TAMS 0x0000000083500000| PB 0x0000000083500000| Untracked 
|  24|0x0000000083600000, 0x0000000083600000, 0x0000000083700000|  0%| F|  |TAMS 0x0000000083600000| PB 0x0000000083600000| Untracked 
|  25|0x0000000083700000, 0x0000000083700000, 0x0000000083800000|  0%| F|  |TAMS 0x0000000083700000| PB 0x0000000083700000| Untracked 
|  26|0x0000000083800000, 0x0000000083800000, 0x0000000083900000|  0%| F|  |TAMS 0x0000000083800000| PB 0x0000000083800000| Untracked 
|  27|0x0000000083900000, 0x0000000083900000, 0x0000000083a00000|  0%| F|  |TAMS 0x0000000083900000| PB 0x0000000083900000| Untracked 
|  28|0x0000000083a00000, 0x0000000083a00000, 0x0000000083b00000|  0%| F|  |TAMS 0x0000000083a00000| PB 0x0000000083a00000| Untracked 
|  29|0x0000000083b00000, 0x0000000083b00000, 0x0000000083c00000|  0%| F|  |TAMS 0x0000000083b00000| PB 0x0000000083b00000| Untracked 
|  30|0x0000000083c00000, 0x0000000083c00000, 0x0000000083d00000|  0%| F|  |TAMS 0x0000000083c00000| PB 0x0000000083c00000| Untracked 
|  31|0x0000000083d00000, 0x0000000083d00000, 0x0000000083e00000|  0%| F|  |TAMS 0x0000000083d00000| PB 0x0000000083d00000| Untracked 
|  32|0x0000000083e00000, 0x0000000083e00000, 0x0000000083f00000|  0%| F|  |TAMS 0x0000000083e00000| PB 0x0000000083e00000| Untracked 
|  33|0x0000000083f00000, 0x0000000083f00000, 0x0000000084000000|  0%| F|  |TAMS 0x0000000083f00000| PB 0x0000000083f00000| Untracked 
|  34|0x0000000084000000, 0x0000000084000000, 0x0000000084100000|  0%| F|  |TAMS 0x0000000084000000| PB 0x0000000084000000| Untracked 
|  35|0x0000000084100000, 0x0000000084100000, 0x0000000084200000|  0%| F|  |TAMS 0x0000000084100000| PB 0x0000000084100000| Untracked 
|  36|0x0000000084200000, 0x0000000084200000, 0x0000000084300000|  0%| F|  |TAMS 0x0000000084200000| PB 0x0000000084200000| Untracked 
|  37|0x0000000084300000, 0x0000000084300000, 0x0000000084400000|  0%| F|  |TAMS 0x0000000084300000| PB 0x0000000084300000| Untracked 
|  38|0x0000000084400000, 0x0000000084400000, 0x0000000084500000|  0%| F|  |TAMS 0x0000000084400000| PB 0x0000000084400000| Untracked 
|  39|0x0000000084500000, 0x0000000084500000, 0x0000000084600000|  0%| F|  |TAMS 0x0000000084500000| PB 0x0000000084500000| Untracked 
|  40|0x0000000084600000, 0x0000000084600000, 0x0000000084700000|  0%| F|  |TAMS 0x0000000084600000| PB 0x0000000084600000| Untracked 
|  41|0x0000000084700000, 0x0000000084700000, 0x0000000084800000|  0%| F|  |TAMS 0x0000000084700000| PB 0x0000000084700000| Untracked 
|  42|0x0000000084800000, 0x0000000084800000, 0x0000000084900000|  0%| F|  |TAMS 0x0000000084800000| PB 0x0000000084800000| Untracked 
|  43|0x0000000084900000, 0x0000000084900000, 0x0000000084a00000|  0%| F|  |TAMS 0x0000000084900000| PB 0x0000000084900000| Untracked 
|  44|0x0000000084a00000, 0x0000000084a00000, 0x0000000084b00000|  0%| F|  |TAMS 0x0000000084a00000| PB 0x0000000084a00000| Untracked 
|  45|0x0000000084b00000, 0x0000000084b00000, 0x0000000084c00000|  0%| F|  |TAMS 0x0000000084b00000| PB 0x0000000084b00000| Untracked 
|  46|0x0000000084c00000, 0x0000000084c00000, 0x0000000084d00000|  0%| F|  |TAMS 0x0000000084c00000| PB 0x0000000084c00000| Untracked 
|  47|0x0000000084d00000, 0x0000000084d00000, 0x0000000084e00000|  0%| F|  |TAMS 0x0000000084d00000| PB 0x0000000084d00000| Untracked 
|  48|0x0000000084e00000, 0x0000000084e00000, 0x0000000084f00000|  0%| F|  |TAMS 0x0000000084e00000| PB 0x0000000084e00000| Untracked 
|  49|0x0000000084f00000, 0x0000000084f00000, 0x0000000085000000|  0%| F|  |TAMS 0x0000000084f00000| PB 0x0000000084f00000| Untracked 
|  50|0x0000000085000000, 0x0000000085000000, 0x0000000085100000|  0%| F|  |TAMS 0x0000000085000000| PB 0x0000000085000000| Untracked 
|  51|0x0000000085100000, 0x0000000085100000, 0x0000000085200000|  0%| F|  |TAMS 0x0000000085100000| PB 0x0000000085100000| Untracked 
|  52|0x0000000085200000, 0x0000000085200000, 0x0000000085300000|  0%| F|  |TAMS 0x0000000085200000| PB 0x0000000085200000| Untracked 
|  53|0x0000000085300000, 0x0000000085300000, 0x0000000085400000|  0%| F|  |TAMS 0x0000000085300000| PB 0x0000000085300000| Untracked 
|  54|0x0000000085400000, 0x0000000085400000, 0x0000000085500000|  0%| F|  |TAMS 0x0000000085400000| PB 0x0000000085400000| Untracked 
|  55|0x0000000085500000, 0x0000000085500000, 0x0000000085600000|  0%| F|  |TAMS 0x0000000085500000| PB 0x0000000085500000| Untracked 
|  56|0x0000000085600000, 0x0000000085600000, 0x0000000085700000|  0%| F|  |TAMS 0x0000000085600000| PB 0x0000000085600000| Untracked 
|  57|0x0000000085700000, 0x0000000085700000, 0x0000000085800000|  0%| F|  |TAMS 0x0000000085700000| PB 0x0000000085700000| Untracked 
|  58|0x0000000085800000, 0x0000000085800000, 0x0000000085900000|  0%| F|  |TAMS 0x0000000085800000| PB 0x0000000085800000| Untracked 
|  59|0x0000000085900000, 0x0000000085900000, 0x0000000085a00000|  0%| F|  |TAMS 0x0000000085900000| PB 0x0000000085900000| Untracked 
|  60|0x0000000085a00000, 0x0000000085a00000, 0x0000000085b00000|  0%| F|  |TAMS 0x0000000085a00000| PB 0x0000000085a00000| Untracked 
|  61|0x0000000085b00000, 0x0000000085b00000, 0x0000000085c00000|  0%| F|  |TAMS 0x0000000085b00000| PB 0x0000000085b00000| Untracked 
|  62|0x0000000085c00000, 0x0000000085c00000, 0x0000000085d00000|  0%| F|  |TAMS 0x0000000085c00000| PB 0x0000000085c00000| Untracked 
|  63|0x0000000085d00000, 0x0000000085d00000, 0x0000000085e00000|  0%| F|  |TAMS 0x0000000085d00000| PB 0x0000000085d00000| Untracked 
|  64|0x0000000085e00000, 0x0000000085e00000, 0x0000000085f00000|  0%| F|  |TAMS 0x0000000085e00000| PB 0x0000000085e00000| Untracked 
|  65|0x0000000085f00000, 0x0000000085f00000, 0x0000000086000000|  0%| F|  |TAMS 0x0000000085f00000| PB 0x0000000085f00000| Untracked 
|  66|0x0000000086000000, 0x0000000086000000, 0x0000000086100000|  0%| F|  |TAMS 0x0000000086000000| PB 0x0000000086000000| Untracked 
|  67|0x0000000086100000, 0x0000000086100000, 0x0000000086200000|  0%| F|  |TAMS 0x0000000086100000| PB 0x0000000086100000| Untracked 
|  68|0x0000000086200000, 0x0000000086200000, 0x0000000086300000|  0%| F|  |TAMS 0x0000000086200000| PB 0x0000000086200000| Untracked 
|  69|0x0000000086300000, 0x0000000086300000, 0x0000000086400000|  0%| F|  |TAMS 0x0000000086300000| PB 0x0000000086300000| Untracked 
|  70|0x0000000086400000, 0x0000000086400000, 0x0000000086500000|  0%| F|  |TAMS 0x0000000086400000| PB 0x0000000086400000| Untracked 
|  71|0x0000000086500000, 0x0000000086500000, 0x0000000086600000|  0%| F|  |TAMS 0x0000000086500000| PB 0x0000000086500000| Untracked 
|  72|0x0000000086600000, 0x0000000086600000, 0x0000000086700000|  0%| F|  |TAMS 0x0000000086600000| PB 0x0000000086600000| Untracked 
|  73|0x0000000086700000, 0x0000000086700000, 0x0000000086800000|  0%| F|  |TAMS 0x0000000086700000| PB 0x0000000086700000| Untracked 
|  74|0x0000000086800000, 0x0000000086800000, 0x0000000086900000|  0%| F|  |TAMS 0x0000000086800000| PB 0x0000000086800000| Untracked 
|  75|0x0000000086900000, 0x0000000086900000, 0x0000000086a00000|  0%| F|  |TAMS 0x0000000086900000| PB 0x0000000086900000| Untracked 
|  76|0x0000000086a00000, 0x0000000086a00000, 0x0000000086b00000|  0%| F|  |TAMS 0x0000000086a00000| PB 0x0000000086a00000| Untracked 
|  77|0x0000000086b00000, 0x0000000086b00000, 0x0000000086c00000|  0%| F|  |TAMS 0x0000000086b00000| PB 0x0000000086b00000| Untracked 
|  78|0x0000000086c00000, 0x0000000086c00000, 0x0000000086d00000|  0%| F|  |TAMS 0x0000000086c00000| PB 0x0000000086c00000| Untracked 
|  79|0x0000000086d00000, 0x0000000086d00000, 0x0000000086e00000|  0%| F|  |TAMS 0x0000000086d00000| PB 0x0000000086d00000| Untracked 
|  80|0x0000000086e00000, 0x0000000086e00000, 0x0000000086f00000|  0%| F|  |TAMS 0x0000000086e00000| PB 0x0000000086e00000| Untracked 
|  81|0x0000000086f00000, 0x0000000086f00000, 0x0000000087000000|  0%| F|  |TAMS 0x0000000086f00000| PB 0x0000000086f00000| Untracked 
|  82|0x0000000087000000, 0x0000000087000000, 0x0000000087100000|  0%| F|  |TAMS 0x0000000087000000| PB 0x0000000087000000| Untracked 
|  83|0x0000000087100000, 0x0000000087100000, 0x0000000087200000|  0%| F|  |TAMS 0x0000000087100000| PB 0x0000000087100000| Untracked 
|  84|0x0000000087200000, 0x0000000087200000, 0x0000000087300000|  0%| F|  |TAMS 0x0000000087200000| PB 0x0000000087200000| Untracked 
|  85|0x0000000087300000, 0x0000000087300000, 0x0000000087400000|  0%| F|  |TAMS 0x0000000087300000| PB 0x0000000087300000| Untracked 
|  86|0x0000000087400000, 0x0000000087400000, 0x0000000087500000|  0%| F|  |TAMS 0x0000000087400000| PB 0x0000000087400000| Untracked 
|  87|0x0000000087500000, 0x0000000087500000, 0x0000000087600000|  0%| F|  |TAMS 0x0000000087500000| PB 0x0000000087500000| Untracked 
|  88|0x0000000087600000, 0x0000000087600000, 0x0000000087700000|  0%| F|  |TAMS 0x0000000087600000| PB 0x0000000087600000| Untracked 
|  89|0x0000000087700000, 0x0000000087700000, 0x0000000087800000|  0%| F|  |TAMS 0x0000000087700000| PB 0x0000000087700000| Untracked 
|  90|0x0000000087800000, 0x0000000087800000, 0x0000000087900000|  0%| F|  |TAMS 0x0000000087800000| PB 0x0000000087800000| Untracked 
|  91|0x0000000087900000, 0x0000000087900000, 0x0000000087a00000|  0%| F|  |TAMS 0x0000000087900000| PB 0x0000000087900000| Untracked 
|  92|0x0000000087a00000, 0x0000000087a00000, 0x0000000087b00000|  0%| F|  |TAMS 0x0000000087a00000| PB 0x0000000087a00000| Untracked 
|  93|0x0000000087b00000, 0x0000000087b00000, 0x0000000087c00000|  0%| F|  |TAMS 0x0000000087b00000| PB 0x0000000087b00000| Untracked 
|  94|0x0000000087c00000, 0x0000000087c00000, 0x0000000087d00000|  0%| F|  |TAMS 0x0000000087c00000| PB 0x0000000087c00000| Untracked 
|  95|0x0000000087d00000, 0x0000000087d00000, 0x0000000087e00000|  0%| F|  |TAMS 0x0000000087d00000| PB 0x0000000087d00000| Untracked 
|  96|0x0000000087e00000, 0x0000000087e00000, 0x0000000087f00000|  0%| F|  |TAMS 0x0000000087e00000| PB 0x0000000087e00000| Untracked 
|  97|0x0000000087f00000, 0x0000000087f00000, 0x0000000088000000|  0%| F|  |TAMS 0x0000000087f00000| PB 0x0000000087f00000| Untracked 
|  98|0x0000000088000000, 0x0000000088000000, 0x0000000088100000|  0%| F|  |TAMS 0x0000000088000000| PB 0x0000000088000000| Untracked 
|  99|0x0000000088100000, 0x0000000088100000, 0x0000000088200000|  0%| F|  |TAMS 0x0000000088100000| PB 0x0000000088100000| Untracked 
| 100|0x0000000088200000, 0x0000000088200000, 0x0000000088300000|  0%| F|  |TAMS 0x0000000088200000| PB 0x0000000088200000| Untracked 
| 101|0x0000000088300000, 0x0000000088300000, 0x0000000088400000|  0%| F|  |TAMS 0x0000000088300000| PB 0x0000000088300000| Untracked 
| 102|0x0000000088400000, 0x0000000088400000, 0x0000000088500000|  0%| F|  |TAMS 0x0000000088400000| PB 0x0000000088400000| Untracked 
| 103|0x0000000088500000, 0x0000000088500000, 0x0000000088600000|  0%| F|  |TAMS 0x0000000088500000| PB 0x0000000088500000| Untracked 
| 104|0x0000000088600000, 0x0000000088600000, 0x0000000088700000|  0%| F|  |TAMS 0x0000000088600000| PB 0x0000000088600000| Untracked 
| 105|0x0000000088700000, 0x0000000088700000, 0x0000000088800000|  0%| F|  |TAMS 0x0000000088700000| PB 0x0000000088700000| Untracked 
| 106|0x0000000088800000, 0x0000000088800000, 0x0000000088900000|  0%| F|  |TAMS 0x0000000088800000| PB 0x0000000088800000| Untracked 
| 107|0x0000000088900000, 0x0000000088900000, 0x0000000088a00000|  0%| F|  |TAMS 0x0000000088900000| PB 0x0000000088900000| Untracked 
| 108|0x0000000088a00000, 0x0000000088a00000, 0x0000000088b00000|  0%| F|  |TAMS 0x0000000088a00000| PB 0x0000000088a00000| Untracked 
| 109|0x0000000088b00000, 0x0000000088b00000, 0x0000000088c00000|  0%| F|  |TAMS 0x0000000088b00000| PB 0x0000000088b00000| Untracked 
| 110|0x0000000088c00000, 0x0000000088c00000, 0x0000000088d00000|  0%| F|  |TAMS 0x0000000088c00000| PB 0x0000000088c00000| Untracked 
| 111|0x0000000088d00000, 0x0000000088d00000, 0x0000000088e00000|  0%| F|  |TAMS 0x0000000088d00000| PB 0x0000000088d00000| Untracked 
| 112|0x0000000088e00000, 0x0000000088e00000, 0x0000000088f00000|  0%| F|  |TAMS 0x0000000088e00000| PB 0x0000000088e00000| Untracked 
| 113|0x0000000088f00000, 0x0000000088f00000, 0x0000000089000000|  0%| F|  |TAMS 0x0000000088f00000| PB 0x0000000088f00000| Untracked 
| 114|0x0000000089000000, 0x0000000089000000, 0x0000000089100000|  0%| F|  |TAMS 0x0000000089000000| PB 0x0000000089000000| Untracked 
| 115|0x0000000089100000, 0x0000000089100000, 0x0000000089200000|  0%| F|  |TAMS 0x0000000089100000| PB 0x0000000089100000| Untracked 
| 116|0x0000000089200000, 0x0000000089200000, 0x0000000089300000|  0%| F|  |TAMS 0x0000000089200000| PB 0x0000000089200000| Untracked 
| 117|0x0000000089300000, 0x0000000089300000, 0x0000000089400000|  0%| F|  |TAMS 0x0000000089300000| PB 0x0000000089300000| Untracked 
| 118|0x0000000089400000, 0x0000000089400000, 0x0000000089500000|  0%| F|  |TAMS 0x0000000089400000| PB 0x0000000089400000| Untracked 
| 119|0x0000000089500000, 0x0000000089500000, 0x0000000089600000|  0%| F|  |TAMS 0x0000000089500000| PB 0x0000000089500000| Untracked 
| 120|0x0000000089600000, 0x0000000089600000, 0x0000000089700000|  0%| F|  |TAMS 0x0000000089600000| PB 0x0000000089600000| Untracked 
| 121|0x0000000089700000, 0x0000000089700000, 0x0000000089800000|  0%| F|  |TAMS 0x0000000089700000| PB 0x0000000089700000| Untracked 
| 122|0x0000000089800000, 0x0000000089800000, 0x0000000089900000|  0%| F|  |TAMS 0x0000000089800000| PB 0x0000000089800000| Untracked 
| 123|0x0000000089900000, 0x0000000089a00000, 0x0000000089a00000|100%| E|  |TAMS 0x0000000089900000| PB 0x0000000089900000| Complete 
| 124|0x0000000089a00000, 0x0000000089b00000, 0x0000000089b00000|100%| E|CS|TAMS 0x0000000089a00000| PB 0x0000000089a00000| Complete 
| 125|0x0000000089b00000, 0x0000000089c00000, 0x0000000089c00000|100%| E|CS|TAMS 0x0000000089b00000| PB 0x0000000089b00000| Complete 
| 126|0x0000000089c00000, 0x0000000089d00000, 0x0000000089d00000|100%| E|CS|TAMS 0x0000000089c00000| PB 0x0000000089c00000| Complete 
| 127|0x0000000089d00000, 0x0000000089e00000, 0x0000000089e00000|100%| E|CS|TAMS 0x0000000089d00000| PB 0x0000000089d00000| Complete 

Card table byte_map: [0x000001a6bda00000,0x000001a6bde00000] _byte_map_base: 0x000001a6bd5f1000

Marking Bits: (CMBitMap*) 0x000001a6a5edd940
 Bits: [0x000001a6bde00000, 0x000001a6bfd88000)

Polling page: 0x000001a6a5620000

Metaspace:

Usage:
  Non-class:      1.08 MB used.
      Class:     98.17 KB used.
       Both:      1.18 MB used.

Virtual space:
  Non-class space:       64.00 MB reserved,       1.19 MB (  2%) committed,  1 nodes.
      Class space:        1.00 GB reserved,     192.00 KB ( <1%) committed,  1 nodes.
             Both:        1.06 GB reserved,       1.38 MB ( <1%) committed. 

Chunk freelists:
   Non-Class:  11.94 MB
       Class:  15.73 MB
        Both:  27.67 MB

MaxMetaspaceSize: unlimited
CompressedClassSpaceSize: 1.00 GB
Initial GC threshold: 21.00 MB
Current GC threshold: 21.00 MB
CDS: on
 - commit_granule_bytes: 65536.
 - commit_granule_words: 8192.
 - virtual_space_node_default_size: 8388608.
 - enlarge_chunks_in_place: 1.
 - use_allocation_guard: 0.


Internal statistics:

num_allocs_failed_limit: 0.
num_arena_births: 28.
num_arena_deaths: 0.
num_vsnodes_births: 2.
num_vsnodes_deaths: 0.
num_space_committed: 22.
num_space_uncommitted: 0.
num_chunks_returned_to_freelist: 0.
num_chunks_taken_from_freelist: 36.
num_chunk_merges: 0.
num_chunk_splits: 20.
num_chunks_enlarged: 12.
num_inconsistent_stats: 0.

CodeHeap 'non-profiled nmethods': size=120000Kb used=116Kb max_used=116Kb free=119883Kb
 bounds [0x000001a6b5da0000, 0x000001a6b6010000, 0x000001a6bd2d0000]
CodeHeap 'profiled nmethods': size=120000Kb used=446Kb max_used=446Kb free=119553Kb
 bounds [0x000001a6ae2d0000, 0x000001a6ae540000, 0x000001a6b5800000]
CodeHeap 'non-nmethods': size=5760Kb used=1327Kb max_used=1348Kb free=4432Kb
 bounds [0x000001a6b5800000, 0x000001a6b5a70000, 0x000001a6b5da0000]
 total_blobs=803 nmethods=368 adapters=340
 compilation: enabled
              stopped_count=0, restarted_count=0
 full_count=0

Compilation events (20 events):
Event: 1.408 Thread 0x000001a6c280b420 nmethod 223 0x000001a6ae30e110 code [0x000001a6ae30e2a0, 0x000001a6ae30e3c8]
Event: 1.408 Thread 0x000001a6c280b420  221       3       java.util.concurrent.locks.AbstractQueuedSynchronizer::release (19 bytes)
Event: 1.408 Thread 0x000001a6c280b420 nmethod 221 0x000001a6ae30e490 code [0x000001a6ae30e6a0, 0x000001a6ae30ecd8]
Event: 1.409 Thread 0x000001a6c280b420  224       3       java.util.concurrent.locks.ReentrantLock$Sync::tryRelease (51 bytes)
Event: 1.409 Thread 0x000001a6c280b420 nmethod 224 0x000001a6ae30ef10 code [0x000001a6ae30f0e0, 0x000001a6ae30f408]
Event: 1.409 Thread 0x000001a6c280b420  238       3       java.lang.invoke.VarHandle::checkAccessModeThenIsDirect (29 bytes)
Event: 1.409 Thread 0x000001a6c280b420 nmethod 238 0x000001a6ae30f510 code [0x000001a6ae30f740, 0x000001a6ae310038]
Event: 1.409 Thread 0x000001a6c280b420  239       3       java.lang.invoke.VarForm::getMemberName (31 bytes)
Event: 1.410 Thread 0x000001a6c280b420 nmethod 239 0x000001a6ae310310 code [0x000001a6ae3104e0, 0x000001a6ae310740]
Event: 1.410 Thread 0x000001a6c280b420  240       3       java.lang.invoke.VarHandleGuards::guard_LI_I (78 bytes)
Event: 1.410 Thread 0x000001a6c2948090  250       4       java.util.concurrent.locks.AbstractQueuedSynchronizer::compareAndSetState (13 bytes)
Event: 1.411 Thread 0x000001a6c2948090 nmethod 250 0x000001a6b5db4090 code [0x000001a6b5db4220, 0x000001a6b5db42c0]
Event: 1.411 Thread 0x000001a6c280b420 nmethod 240 0x000001a6ae310890 code [0x000001a6ae310bc0, 0x000001a6ae312488]
Event: 1.411 Thread 0x000001a6c280b420  241       3       java.lang.invoke.VarHandleByteArrayAsShorts$ArrayHandle::get (36 bytes)
Event: 1.411 Thread 0x000001a6c280b420 nmethod 241 0x000001a6ae312b90 code [0x000001a6ae312d60, 0x000001a6ae313140]
Event: 1.411 Thread 0x000001a6c280b420  247       3       java.io.DataInputStream::readShort (19 bytes)
Event: 1.412 Thread 0x000001a6c280b420 nmethod 247 0x000001a6ae313310 code [0x000001a6ae313520, 0x000001a6ae313b48]
Event: 1.412 Thread 0x000001a6c280b420  248       3       jdk.internal.util.ByteArray::getShort (9 bytes)
Event: 1.412 Thread 0x000001a6c280b420 nmethod 248 0x000001a6ae313e10 code [0x000001a6ae314000, 0x000001a6ae314548]
Event: 1.412 Thread 0x000001a6c280b420  225       3       java.util.concurrent.locks.AbstractQueuedSynchronizer::signalNext (34 bytes)

GC Heap History (0 events):
No events

Dll operation events (10 events):
Event: 0.098 Loaded shared library C:\Program Files\Java\jdk-21\bin\java.dll
Event: 0.143 Loaded shared library C:\Program Files\Java\jdk-21\bin\jsvml.dll
Event: 0.184 Loaded shared library C:\Program Files\Java\jdk-21\bin\zip.dll
Event: 0.188 Loaded shared library C:\Program Files\Java\jdk-21\bin\instrument.dll
Event: 0.196 Loaded shared library C:\Program Files\Java\jdk-21\bin\net.dll
Event: 0.199 Loaded shared library C:\Program Files\Java\jdk-21\bin\nio.dll
Event: 0.203 Loaded shared library C:\Program Files\Java\jdk-21\bin\zip.dll
Event: 0.215 Loaded shared library C:\Program Files\JetBrains\IntelliJ IDEA Community Edition 2020.3.4\bin\breakgen64.dll
Event: 0.228 Loaded shared library C:\Program Files\Java\jdk-21\bin\extnet.dll
Event: 1.393 Loaded shared library C:\Users\Julian Tank\Desktop\Phoenix3D\src\phoenix3D\nativeIntergration\nativeLibraries\windows\Phoenix3D_NativeWindowLib.dll

Deoptimization events (4 events):
Event: 0.216 Thread 0x000001a6a3ba3150 Uncommon trap: trap_request=0xffffff45 fr.pc=0x000001a6b5db0ce4 relative=0x00000000000000c4
Event: 0.216 Thread 0x000001a6a3ba3150 Uncommon trap: reason=unstable_if action=reinterpret pc=0x000001a6b5db0ce4 method=java.lang.String.isLatin1()Z @ 10 c2
Event: 0.216 Thread 0x000001a6a3ba3150 DEOPT PACKING pc=0x000001a6b5db0ce4 sp=0x0000003a8c8fed20
Event: 0.216 Thread 0x000001a6a3ba3150 DEOPT UNPACKING pc=0x000001a6b58546a2 sp=0x0000003a8c8fec60 mode 2

Classes loaded (20 events):
Event: 0.236 Loading class sun/nio/cs/US_ASCII$Decoder
Event: 0.236 Loading class sun/nio/cs/US_ASCII$Decoder done
Event: 0.236 Loading class sun/nio/ch/Util
Event: 0.236 Loading class sun/nio/ch/Util done
Event: 0.236 Loading class sun/nio/ch/Util$1
Event: 0.236 Loading class sun/nio/ch/Util$1 done
Event: 0.236 Loading class sun/nio/ch/Util$BufferCache
Event: 0.236 Loading class sun/nio/ch/Util$BufferCache done
Event: 0.236 Loading class java/nio/DirectByteBuffer$Deallocator
Event: 0.237 Loading class java/nio/DirectByteBuffer$Deallocator done
Event: 1.394 Loading class jdk/internal/vm/VMSupport
Event: 1.395 Loading class jdk/internal/vm/VMSupport done
Event: 1.397 Loading class sun/nio/cs/ISO_8859_1$Encoder
Event: 1.397 Loading class sun/nio/cs/ISO_8859_1$Encoder done
Event: 1.397 Loading class sun/nio/cs/Surrogate$Parser
Event: 1.397 Loading class sun/nio/cs/Surrogate$Parser done
Event: 1.397 Loading class sun/nio/cs/Surrogate
Event: 1.398 Loading class java/lang/Thread$ThreadNumbering
Event: 1.399 Loading class sun/nio/cs/Surrogate done
Event: 1.399 Loading class java/lang/Thread$ThreadNumbering done

Classes unloaded (0 events):
No events

Classes redefined (0 events):
No events

Internal exceptions (3 events):
Event: 0.204 Thread 0x000001a6a3ba3150 Exception <a 'java/lang/NoSuchMethodError'{0x0000000089b38640}: 'void java.lang.invoke.DirectMethodHandle$Holder.invokeStatic(java.lang.Object, java.lang.Object, java.lang.Object)'> (0x0000000089b38640) 
thrown [s\open\src\hotspot\share\interpreter\linkResolver.cpp, line 773]
Event: 0.208 Thread 0x000001a6a3ba3150 Exception <a 'java/lang/NoSuchMethodError'{0x0000000089b4fb48}: 'java.lang.Object java.lang.invoke.Invokers$Holder.invokeExact_MT(java.lang.Object, java.lang.Object, java.lang.Object, java.lang.Object, java.lang.Object)'> (0x0000000089b4fb48) 
thrown [s\open\src\hotspot\share\interpreter\linkResolver.cpp, line 773]
Event: 0.229 Thread 0x000001a6c2b4de90 Exception <a 'java/lang/NoSuchMethodError'{0x0000000089b7eee8}: 'void java.lang.invoke.DirectMethodHandle$Holder.invokeStatic(java.lang.Object, java.lang.Object)'> (0x0000000089b7eee8) 
thrown [s\open\src\hotspot\share\interpreter\linkResolver.cpp, line 773]

ZGC Phase Switch (0 events):
No events

VM Operations (2 events):
Event: 1.130 Executing VM operation: Cleanup
Event: 1.130 Executing VM operation: Cleanup done

Events (16 events):
Event: 0.119 Thread 0x000001a6a3ba3150 Thread added: 0x000001a6a3ba3150
Event: 0.138 Thread 0x000001a6c27f1600 Thread added: 0x000001a6c27f1600
Event: 0.138 Thread 0x000001a6c27f2320 Thread added: 0x000001a6c27f2320
Event: 0.139 Thread 0x000001a6c27f4760 Thread added: 0x000001a6c27f4760
Event: 0.139 Thread 0x000001a6c27f6690 Thread added: 0x000001a6c27f6690
Event: 0.139 Thread 0x000001a6c27f7370 Thread added: 0x000001a6c27f7370
Event: 0.139 Thread 0x000001a6c27f9f20 Thread added: 0x000001a6c27f9f20
Event: 0.139 Thread 0x000001a6c2948090 Thread added: 0x000001a6c2948090
Event: 0.139 Thread 0x000001a6c280b420 Thread added: 0x000001a6c280b420
Event: 0.163 Thread 0x000001a6c2a0ae70 Thread added: 0x000001a6c2a0ae70
Event: 0.215 Thread 0x000001a6c2b4de90 Thread added: 0x000001a6c2b4de90
Event: 0.215 Thread 0x000001a6c2b4e500 Thread added: 0x000001a6c2b4e500
Event: 1.399 Thread 0x000001a6c2b2b130 Thread added: 0x000001a6c2b2b130
Event: 1.399 Thread 0x000001a6c2b2cd90 Thread added: 0x000001a6c2b2cd90
Event: 1.399 Thread 0x000001a6a3ba3150 Thread exited: 0x000001a6a3ba3150
Event: 1.400 Thread 0x000001a6a3ba3150 Thread added: 0x000001a6a3ba3150


Dynamic libraries:
0x00007ff60b690000 - 0x00007ff60b6a0000 	C:\Program Files\Java\jdk-21\bin\java.exe
0x00007ff832730000 - 0x00007ff832947000 	C:\WINDOWS\SYSTEM32\ntdll.dll
0x00007ff831660000 - 0x00007ff831724000 	C:\WINDOWS\System32\KERNEL32.DLL
0x00007ff82fbf0000 - 0x00007ff82ff97000 	C:\WINDOWS\System32\KERNELBASE.dll
0x0000000070630000 - 0x0000000070962000 	C:\Program Files\Norton Security\NortonData\22.15.0.88\Definitions\IPSDefs\20240610.064\IPSEng64.dll
0x00007ff831730000 - 0x00007ff8317e2000 	C:\WINDOWS\System32\ADVAPI32.dll
0x00007ff8315a0000 - 0x00007ff831647000 	C:\WINDOWS\System32\msvcrt.dll
0x00007ff831090000 - 0x00007ff831138000 	C:\WINDOWS\System32\sechost.dll
0x00007ff830360000 - 0x00007ff830388000 	C:\WINDOWS\System32\bcrypt.dll
0x00007ff831480000 - 0x00007ff831595000 	C:\WINDOWS\System32\RPCRT4.dll
0x00007ff831070000 - 0x00007ff831078000 	C:\WINDOWS\System32\PSAPI.DLL
0x00007ff830010000 - 0x00007ff830121000 	C:\WINDOWS\System32\ucrtbase.dll
0x00007ff82cee0000 - 0x00007ff82cefb000 	C:\Program Files\Java\jdk-21\bin\VCRUNTIME140.dll
0x00007ff82ce80000 - 0x00007ff82ce99000 	C:\Program Files\Java\jdk-21\bin\jli.dll
0x00007ff831e30000 - 0x00007ff831fde000 	C:\WINDOWS\System32\USER32.dll
0x00007ff830390000 - 0x00007ff8303b6000 	C:\WINDOWS\System32\win32u.dll
0x00007ff8138c0000 - 0x00007ff813b53000 	C:\WINDOWS\WinSxS\amd64_microsoft.windows.common-controls_6595b64144ccf1df_6.0.22621.3527_none_270e469b73872a76\COMCTL32.dll
0x00007ff8326a0000 - 0x00007ff8326c9000 	C:\WINDOWS\System32\GDI32.dll
0x00007ff82fad0000 - 0x00007ff82fbe9000 	C:\WINDOWS\System32\gdi32full.dll
0x00007ff8303c0000 - 0x00007ff83045a000 	C:\WINDOWS\System32\msvcp_win.dll
0x00007ff81d990000 - 0x00007ff81d99a000 	C:\WINDOWS\SYSTEM32\VERSION.dll
0x00007ff832050000 - 0x00007ff832081000 	C:\WINDOWS\System32\IMM32.DLL
0x00007ff82cf20000 - 0x00007ff82cf2c000 	C:\Program Files\Java\jdk-21\bin\vcruntime140_1.dll
0x00007ffffea20000 - 0x00007ffffeaae000 	C:\Program Files\Java\jdk-21\bin\msvcp140.dll
0x00007fffa78e0000 - 0x00007fffa85ed000 	C:\Program Files\Java\jdk-21\bin\server\jvm.dll
0x00007ff8325d0000 - 0x00007ff832641000 	C:\WINDOWS\System32\WS2_32.dll
0x00007ff82f910000 - 0x00007ff82f95d000 	C:\WINDOWS\SYSTEM32\POWRPROF.dll
0x00007ff827170000 - 0x00007ff8271a4000 	C:\WINDOWS\SYSTEM32\WINMM.dll
0x00007ff82f840000 - 0x00007ff82f853000 	C:\WINDOWS\SYSTEM32\UMPDC.dll
0x00007ff82ea40000 - 0x00007ff82ea58000 	C:\WINDOWS\SYSTEM32\kernel.appcore.dll
0x00007ff82bdd0000 - 0x00007ff82bdda000 	C:\Program Files\Java\jdk-21\bin\jimage.dll
0x00007ff82d000000 - 0x00007ff82d232000 	C:\WINDOWS\SYSTEM32\DBGHELP.DLL
0x00007ff832090000 - 0x00007ff832418000 	C:\WINDOWS\System32\combase.dll
0x00007ff831850000 - 0x00007ff831927000 	C:\WINDOWS\System32\OLEAUT32.dll
0x00007ff818cc0000 - 0x00007ff818cf2000 	C:\WINDOWS\SYSTEM32\dbgcore.DLL
0x00007ff82fa50000 - 0x00007ff82fac9000 	C:\WINDOWS\System32\bcryptPrimitives.dll
0x00007ff82a360000 - 0x00007ff82a36f000 	C:\Program Files\Java\jdk-21\bin\instrument.dll
0x00007ff82a240000 - 0x00007ff82a25f000 	C:\Program Files\Java\jdk-21\bin\java.dll
0x00007ff830780000 - 0x00007ff830fdc000 	C:\WINDOWS\System32\SHELL32.dll
0x00007ff82d940000 - 0x00007ff82e236000 	C:\WINDOWS\SYSTEM32\windows.storage.dll
0x00007ff82d800000 - 0x00007ff82d93e000 	C:\WINDOWS\SYSTEM32\wintypes.dll
0x00007ff831140000 - 0x00007ff831235000 	C:\WINDOWS\System32\SHCORE.dll
0x00007ff8317f0000 - 0x00007ff83184e000 	C:\WINDOWS\System32\shlwapi.dll
0x00007ff82f980000 - 0x00007ff82f9a1000 	C:\WINDOWS\SYSTEM32\profapi.dll
0x00007fffe97e0000 - 0x00007fffe98b7000 	C:\Program Files\Java\jdk-21\bin\jsvml.dll
0x00007ff82a0a0000 - 0x00007ff82a0b8000 	C:\Program Files\Java\jdk-21\bin\zip.dll
0x00007ff82a2a0000 - 0x00007ff82a2b0000 	C:\Program Files\Java\jdk-21\bin\net.dll
0x00007ff82a100000 - 0x00007ff82a236000 	C:\WINDOWS\SYSTEM32\WINHTTP.dll
0x00007ff82eee0000 - 0x00007ff82ef49000 	C:\WINDOWS\system32\mswsock.dll
0x00007ff82a0c0000 - 0x00007ff82a0d6000 	C:\Program Files\Java\jdk-21\bin\nio.dll
0x00007ff8285c0000 - 0x00007ff8285da000 	C:\Program Files\JetBrains\IntelliJ IDEA Community Edition 2020.3.4\bin\breakgen64.dll
0x00007ff829d70000 - 0x00007ff829d79000 	C:\Program Files\Java\jdk-21\bin\extnet.dll
0x00007ff81fb80000 - 0x00007ff81fbaa000 	C:\Users\Julian Tank\Desktop\Phoenix3D\src\phoenix3D\nativeIntergration\nativeLibraries\windows\Phoenix3D_NativeWindowLib.dll
0x00007fffaa3d0000 - 0x00007fffaa597000 	C:\WINDOWS\SYSTEM32\ucrtbased.dll
0x00007ff81f930000 - 0x00007ff81f95b000 	C:\WINDOWS\SYSTEM32\VCRUNTIME140D.dll
0x00007ff82c6b0000 - 0x00007ff82c75b000 	C:\WINDOWS\system32\uxtheme.dll
0x00007ff830620000 - 0x00007ff830773000 	C:\WINDOWS\System32\MSCTF.dll

dbghelp: loaded successfully - version: 4.0.5 - missing functions: none
symbol engine: initialized successfully - sym options: 0x614 - pdb path: .;C:\Program Files\Java\jdk-21\bin;C:\WINDOWS\SYSTEM32;C:\Program Files\Norton Security\NortonData\22.15.0.88\Definitions\IPSDefs\20240610.064;C:\WINDOWS\WinSxS\amd64_microsoft.windows.common-controls_6595b64144ccf1df_6.0.22621.3527_none_270e469b73872a76;C:\Program Files\Java\jdk-21\bin\server;C:\Program Files\JetBrains\IntelliJ IDEA Community Edition 2020.3.4\bin;C:\Users\Julian Tank\Desktop\Phoenix3D\src\phoenix3D\nativeIntergration\nativeLibraries\windows

VM Arguments:
jvm_args: -Djava.library.path=C:\Users\Julian Tank\Desktop\Phoenix3D\src\phoenix3D\nativeIntergration\nativeLibraries\macos;C:\Users\Julian Tank\Desktop\Phoenix3D\src\phoenix3D\nativeIntergration\nativeLibraries\linux;C:\Users\Julian Tank\Desktop\Phoenix3D\src\phoenix3D\nativeIntergration\nativeLibraries\windows -javaagent:C:\Program Files\JetBrains\IntelliJ IDEA Community Edition 2020.3.4\lib\idea_rt.jar=18102:C:\Program Files\JetBrains\IntelliJ IDEA Community Edition 2020.3.4\bin -Dfile.encoding=UTF-8 
java_command: phoenix3D.Test
java_class_path (initial): C:\Users\Julian Tank\Desktop\Phoenix3D\out\production\Phoenix3D
Launcher Type: SUN_STANDARD

[Global flags]
     intx CICompilerCount                          = 4                                         {product} {ergonomic}
     uint ConcGCThreads                            = 2                                         {product} {ergonomic}
     uint G1ConcRefinementThreads                  = 8                                         {product} {ergonomic}
   size_t G1HeapRegionSize                         = 1048576                                   {product} {ergonomic}
    uintx GCDrainStackTargetSize                   = 64                                        {product} {ergonomic}
   size_t InitialHeapSize                          = 134217728                                 {product} {ergonomic}
   size_t MarkStackSize                            = 4194304                                   {product} {ergonomic}
   size_t MaxHeapSize                              = 2116026368                                {product} {ergonomic}
   size_t MaxNewSize                               = 1268776960                                {product} {ergonomic}
   size_t MinHeapDeltaBytes                        = 1048576                                   {product} {ergonomic}
   size_t MinHeapSize                              = 8388608                                   {product} {ergonomic}
    uintx NonNMethodCodeHeapSize                   = 5839372                                {pd product} {ergonomic}
    uintx NonProfiledCodeHeapSize                  = 122909434                              {pd product} {ergonomic}
    uintx ProfiledCodeHeapSize                     = 122909434                              {pd product} {ergonomic}
    uintx ReservedCodeCacheSize                    = 251658240                              {pd product} {ergonomic}
     bool SegmentedCodeCache                       = true                                      {product} {ergonomic}
   size_t SoftMaxHeapSize                          = 2116026368                             {manageable} {ergonomic}
     bool UseCompressedOops                        = true                           {product lp64_product} {ergonomic}
     bool UseG1GC                                  = true                                      {product} {ergonomic}
     bool UseLargePagesIndividualAllocation        = false                                  {pd product} {ergonomic}

Logging:
Log output configuration:
 #0: stdout all=warning uptime,level,tags foldmultilines=false
 #1: stderr all=off uptime,level,tags foldmultilines=false

Environment Variables:
JAVA_HOME=C:\Program Files\Java\jdk-21
PATH=C:\Program Files\Common Files\Oracle\Java\javapath;C:\Program Files (x86)\Common Files\Oracle\Java\javapath;C:\Program Files\Eclipse Adoptium\jdk-17.0.5.8-hotspot\bin;C:\Program Files (x86)\Intel\iCLS Client\;C:\Program Files\Intel\iCLS Client\;C:\WINDOWS\system32;C:\WINDOWS;C:\WINDOWS\System32\Wbem;C:\WINDOWS\System32\WindowsPowerShell\v1.0\;C:\Program Files (x86)\Intel\Intel(R) Management Engine Components\DAL;C:\Program Files\Intel\Intel(R) Management Engine Components\DAL;C:\Program Files (x86)\Intel\Intel(R) Management Engine Components\IPT;C:\Program Files\Intel\Intel(R) Management Engine Components\IPT;C:\WINDOWS\System32\OpenSSH\;C:\Program Files\dotnet\;C:\Program Files\Java\jdk-17.0.3.1;C:\Program Files\WorldPainter;C:\Program Files\nodejs\;C:\Program Files\Docker\Docker\resources\bin;C:\Program Files\Git\cmd;C:\Users\Julian Tank\AppData\Local\Microsoft\WindowsApps;C:\Users\Julian Tank\AppData\Local\atom\bin;C:\Users\Julian Tank\AppData\Local\Programs\Microsoft VS Code\bin;C:\Users\Julian Tank\AppData\Local\GitHubDesktop\bin;C:\Users\Julian Tank\AppData\Local\Microsoft\WindowsApps;C:\Users\Julian Tank\.dotnet\tools;C:\Users\Julian Tank\AppData\Roaming\npm;C:\Program Files (x86)\Nmap;C:\MinGW\bin;
USERNAME=Julian Tank
OS=Windows_NT
PROCESSOR_IDENTIFIER=Intel64 Family 6 Model 142 Stepping 10, GenuineIntel
TMP=C:\Users\JULIAN~1\AppData\Local\Temp
TEMP=C:\Users\JULIAN~1\AppData\Local\Temp




Periodic native trim disabled

---------------  S Y S T E M  ---------------

OS:
 Windows 11 , 64 bit Build 22621 (10.0.22621.3527)
OS uptime: 3 days 9:41 hours
Hyper-V role detected

CPU: total 8 (initial active 8) (4 cores per cpu, 2 threads per core) family 6 model 142 stepping 10 microcode 0xe0, cx8, cmov, fxsr, ht, mmx, 3dnowpref, sse, sse2, sse3, ssse3, sse4.1, sse4.2, popcnt, lzcnt, tsc, tscinvbit, avx, avx2, aes, erms, clmul, bmi1, bmi2, adx, fma, vzeroupper, clflush, clflushopt, hv, rdtscp, f16c
Processor Information for all 8 processors :
  Max Mhz: 1800, Current Mhz: 1600, Mhz Limit: 1584

Memory: 4k page, system-wide physical 8066M (720M free)
TotalPageFile size 22664M (AvailPageFile size 5255M)
current process WorkingSet (physical memory assigned to process): 44M, peak: 44M
current process commit charge ("private bytes"): 213M, peak: 213M

vm_info: Java HotSpot(TM) 64-Bit Server VM (21.0.3+7-LTS-152) for windows-amd64 JRE (21.0.3+7-LTS-152), built on 2024-03-11T17:42:26Z by "mach5one" with MS VC++ 17.6 (VS2022)

END.
