#
# A fatal error has been detected by the Java Runtime Environment:
#
#  EXCEPTION_ACCESS_VIOLATION (0xc0000005) at pc=0x00007ff81f9431b8, pid=28640, tid=16588
#
# JRE version: Java(TM) SE Runtime Environment (21.0.3+7) (build 21.0.3+7-LTS-152)
# Java VM: Java HotSpot(TM) 64-Bit Server VM (21.0.3+7-LTS-152, mixed mode, sharing, tiered, compressed oops, compressed class ptrs, g1 gc, windows-amd64)
# Problematic frame:
# C  [Phoenix3D_NativeWindowLib.dll+0x131b8]
#
# No core dump will be written. Minidumps are not enabled by default on client versions of Windows
#
# If you would like to submit a bug report, please visit:
#   https://bugreport.java.com/bugreport/crash.jsp
# The crash happened outside the Java Virtual Machine in native code.
# See problematic frame for where to report the bug.
#

---------------  S U M M A R Y ------------

Command Line: -Djava.library.path=C:\Users\Julian Tank\Desktop\Phoenix3D\src\phoenix3D\nativeIntergration\nativeLibraries\macos;C:\Users\Julian Tank\Desktop\Phoenix3D\src\phoenix3D\nativeIntergration\nativeLibraries\linux;C:\Users\Julian Tank\Desktop\Phoenix3D\src\phoenix3D\nativeIntergration\nativeLibraries\windows -javaagent:C:\Program Files\JetBrains\IntelliJ IDEA Community Edition 2020.3.4\lib\idea_rt.jar=18189:C:\Program Files\JetBrains\IntelliJ IDEA Community Edition 2020.3.4\bin -Dfile.encoding=UTF-8 phoenix3D.Test

Host: Intel(R) Core(TM) i5-8250U CPU @ 1.60GHz, 8 cores, 7G,  Windows 11 , 64 bit Build 22621 (10.0.22621.3527)
Time: Tue Jun 11 19:25:41 2024 GMT Daylight Time elapsed time: 0.743227 seconds (0d 0h 0m 0s)

---------------  T H R E A D  ---------------

Current thread (0x000002875b993af0):  JavaThread "Thread-1"         [_thread_in_native, id=16588, stack(0x0000008e5ea00000,0x0000008e5eb00000) (1024K)]

Stack: [0x0000008e5ea00000,0x0000008e5eb00000],  sp=0x0000008e5eaff180,  free space=1020k
Native frames: (J=compiled Java code, j=interpreted, Vv=VM code, C=native code)
C  [Phoenix3D_NativeWindowLib.dll+0x131b8]

Java frames: (J=compiled Java code, j=interpreted, Vv=VM code)
j  phoenix3D.nativeIntergration.nativeObjects.NativeWindow.openWindow(J)V+0
j  phoenix3D.graphics.window.Window$1OpenableWindow.run()V+80
j  java.lang.Thread.runWith(Ljava/lang/Object;Ljava/lang/Runnable;)V+5 java.base@21.0.3
j  java.lang.Thread.run()V+19 java.base@21.0.3
v  ~StubRoutines::call_stub 0x000002874e60100d

siginfo: EXCEPTION_ACCESS_VIOLATION (0xc0000005), reading address 0x000000005eaff148


Registers:
RAX=0x000000005eaff148, RBX=0x000002879d408ed8, RCX=0x00007ff81f956093, RDX=0x0000008e5eaff370
RSP=0x0000008e5eaff180, RBP=0x0000008e5eaff1a0, RSI=0x0000008e5eaff900, RDI=0x000002874e60893e
R8 =0x000000005eaff148, R9 =0x0000000000000004, R10=0x000002874e60ce1c, R11=0x0000000000000101
R12=0x0000000000000000, R13=0x000002879d408ed8, R14=0x0000008e5eaff370, R15=0x000002875b993af0
RIP=0x00007ff81f9431b8, EFLAGS=0x0000000000010206


Register to memory mapping:

RAX=0x000000005eaff148 is an unknown value
RBX={method} {0x000002879d408ee0} 'openWindow' '(J)V' in 'phoenix3D/nativeIntergration/nativeObjects/NativeWindow'
RCX=0x00007ff81f956093 Phoenix3D_NativeWindowLib.dll
RDX=0x0000008e5eaff370 is pointing into the stack for thread: 0x000002875b993af0
RSP=0x0000008e5eaff180 is pointing into the stack for thread: 0x000002875b993af0
RBP=0x0000008e5eaff1a0 is pointing into the stack for thread: 0x000002875b993af0
RSI=0x0000008e5eaff900 is pointing into the stack for thread: 0x000002875b993af0
RDI=0x000002874e60893e is at code_begin+1406 in an Interpreter codelet
return entry points  [0x000002874e6083c0, 0x000002874e608f60]  2976 bytes
R8 =0x000000005eaff148 is an unknown value
R9 =0x0000000000000004 is an unknown value
R10=0x000002874e60ce1c is at code_begin+1020 in an Interpreter codelet
native method entry point (kind = native)  [0x000002874e60ca20, 0x000002874e60d548]  2856 bytes
R11=0x0000000000000101 is an unknown value
R12=0x0 is null
R13={method} {0x000002879d408ee0} 'openWindow' '(J)V' in 'phoenix3D/nativeIntergration/nativeObjects/NativeWindow'
R14=0x0000008e5eaff370 is pointing into the stack for thread: 0x000002875b993af0
R15=0x000002875b993af0 is a thread

Top of Stack: (sp=0x0000008e5eaff180)
0x0000008e5eaff180:   00007ff81f956093 00007fffa7f4c91c
0x0000008e5eaff190:   000002875ba06158 000002875b87a7b0
0x0000008e5eaff1a0:   000002875b87a7b0 000000005eaff148
0x0000008e5eaff1b0:   0000000000000000 00007fffab0c7349
0x0000008e5eaff1c0:   0000008e5eaff280 00007fffa7f4abac
0x0000008e5eaff1d0:   000002875b4b40f0 000000000000000d
0x0000008e5eaff1e0:   0000000000000006 00007fffab0c6359
0x0000008e5eaff1f0:   000000007ffe0384 00007ff832756637
0x0000008e5eaff200:   00002e76adc9ecc1 000002874e60893e
0x0000008e5eaff210:   000002875b993af0 000002879d408ed8
0x0000008e5eaff220:   0000000000000000 000002874e60893e
0x0000008e5eaff230:   000002874e60893e 000002875b993af0
0x0000008e5eaff240:   0000008e5eaff340 00007fffa7cb26f5
0x0000008e5eaff250:   0000008e5eaff270 000002875b993af0
0x0000008e5eaff260:   000000000000017c 000002875b993af0
0x0000008e5eaff270:   000002879d408ed8 000002875b993af0
0x0000008e5eaff280:   000002874e60893e 000002874e60ccbc
0x0000008e5eaff290:   000002879d408ed8 000002879d408ed8
0x0000008e5eaff2a0:   00007fff00000064 000002874e60893e
0x0000008e5eaff2b0:   0000008e5eaff340 000002874e60ce4b
0x0000008e5eaff2c0:   000002875b993ea8 0000008e5eaff370
0x0000008e5eaff2d0:   000000005eaff148 0000008e5eaff900
0x0000008e5eaff2e0:   0000000000000000 0000000000000009
0x0000008e5eaff2f0:   000002874e60cadf 0000008e5eaff2f8
0x0000008e5eaff300:   000002879d408ed8 0000000000000006
0x0000008e5eaff310:   000002879d409e60 0000000000000000
0x0000008e5eaff320:   0000000089b5f370 000002879d408ed8
0x0000008e5eaff330:   0000000000000000 0000008e5eaff360
0x0000008e5eaff340:   0000008e5eaff3c0 000002874e608860
0x0000008e5eaff350:   0000000000000000 000002874e60a3d7
0x0000008e5eaff360:   000000005eaff148 0000000000000000
0x0000008e5eaff370:   0000000089b61a00 0000008e5eaff378 

Instructions: (pc=0x00007ff81f9431b8)
0x00007ff81f9430b8:   cc cc cc cc cc cc cc cc cc cc cc cc cc cc cc cc
0x00007ff81f9430c8:   cc cc cc cc cc cc cc cc 4c 89 44 24 18 48 89 54
0x00007ff81f9430d8:   24 10 48 89 4c 24 08 55 57 48 81 ec 28 01 00 00
0x00007ff81f9430e8:   48 8d 6c 24 20 48 8d 0d 9f 2f 01 00 e8 3a e3 ff
0x00007ff81f9430f8:   ff 48 8b 85 30 01 00 00 48 89 45 08 48 8b 45 08
0x00007ff81f943108:   48 8b 00 48 89 45 28 48 8b 4d 28 ff 15 27 11 01
0x00007ff81f943118:   00 48 8d a5 08 01 00 00 5f 5d c3 cc cc cc cc cc
0x00007ff81f943128:   cc cc cc cc cc cc cc cc cc cc cc cc cc cc cc cc
0x00007ff81f943138:   cc cc cc cc cc cc cc cc cc cc cc cc cc cc cc cc
0x00007ff81f943148:   cc cc cc cc cc cc cc cc cc cc cc cc cc cc cc cc
0x00007ff81f943158:   cc cc cc cc cc cc cc cc cc cc cc cc cc cc cc cc
0x00007ff81f943168:   cc cc cc cc cc cc cc cc cc cc cc cc cc cc cc cc
0x00007ff81f943178:   cc cc cc cc cc cc cc cc 4c 89 44 24 18 48 89 54
0x00007ff81f943188:   24 10 48 89 4c 24 08 55 57 48 81 ec 28 01 00 00
0x00007ff81f943198:   48 8d 6c 24 20 48 8d 0d ef 2e 01 00 e8 8a e2 ff
0x00007ff81f9431a8:   ff 48 8b 85 30 01 00 00 48 89 45 08 48 8b 45 08
0x00007ff81f9431b8:   48 8b 00 48 89 45 28 ba 0a 00 00 00 48 8b 4d 28
0x00007ff81f9431c8:   ff 15 c2 10 01 00 48 8d a5 08 01 00 00 5f 5d c3
0x00007ff81f9431d8:   cc cc cc cc cc cc cc cc cc cc cc cc cc cc cc cc
0x00007ff81f9431e8:   cc cc cc cc cc cc cc cc 4c 89 44 24 18 48 89 54
0x00007ff81f9431f8:   24 10 48 89 4c 24 08 55 57 48 81 ec 28 01 00 00
0x00007ff81f943208:   48 8d 6c 24 20 48 8d 0d 7f 2e 01 00 e8 1a e2 ff
0x00007ff81f943218:   ff 48 8b 85 30 01 00 00 48 89 45 08 48 8b 45 08
0x00007ff81f943228:   48 8b 00 48 89 45 28 48 8b 4d 28 ff 15 ff 0f 01
0x00007ff81f943238:   00 48 8d a5 08 01 00 00 5f 5d c3 cc cc cc cc cc
0x00007ff81f943248:   cc cc cc cc cc cc cc cc cc cc cc cc cc cc cc cc
0x00007ff81f943258:   cc cc cc cc cc cc cc cc 4c 89 44 24 18 48 89 54
0x00007ff81f943268:   24 10 48 89 4c 24 08 55 57 48 81 ec 28 01 00 00
0x00007ff81f943278:   48 8d 6c 24 20 48 8d 0d 0f 2e 01 00 e8 aa e1 ff
0x00007ff81f943288:   ff 48 8b 85 30 01 00 00 48 89 45 08 48 8b 45 08
0x00007ff81f943298:   48 8b 00 48 89 45 28 48 8b 4d 28 ff 15 df 0f 01
0x00007ff81f9432a8:   00 48 8d a5 08 01 00 00 5f 5d c3 cc cc cc cc cc 


Stack slot to memory mapping:

stack at sp + 0 slots: 0x00007ff81f956093 Phoenix3D_NativeWindowLib.dll
stack at sp + 1 slots: 0x00007fffa7f4c91c jvm.dll
stack at sp + 2 slots: 0x000002875ba06158 points into unknown readable memory: 0x00007fffa828b490 | 90 b4 28 a8 ff 7f 00 00
stack at sp + 3 slots: 0x000002875b87a7b0 points into unknown readable memory: 0x0000000000000000 | 00 00 00 00 00 00 00 00
stack at sp + 4 slots: 0x000002875b87a7b0 points into unknown readable memory: 0x0000000000000000 | 00 00 00 00 00 00 00 00
stack at sp + 5 slots: 0x000000005eaff148 is an unknown value
stack at sp + 6 slots: 0x0 is null
stack at sp + 7 slots: 0x00007fffab0c7349 ucrtbased.dll


---------------  P R O C E S S  ---------------

Threads class SMR info:
_java_thread_list=0x000002875b97cba0, length=14, elements={
0x000002875b608ac0, 0x000002875b6099e0, 0x000002875b60ddf0, 0x000002875b60ef60,
0x000002875b612f60, 0x000002875b613ec0, 0x000002875b6209c0, 0x000002875b750240,
0x000002875b5d7930, 0x000002875b90d1b0, 0x000002875b9b1940, 0x000002875b993480,
0x000002875b993af0, 0x000002873c972950
}

Java Threads: ( => current thread )
  0x000002875b608ac0 JavaThread "Reference Handler"          daemon [_thread_blocked, id=10428, stack(0x0000008e5de00000,0x0000008e5df00000) (1024K)]
  0x000002875b6099e0 JavaThread "Finalizer"                  daemon [_thread_blocked, id=23168, stack(0x0000008e5df00000,0x0000008e5e000000) (1024K)]
  0x000002875b60ddf0 JavaThread "Signal Dispatcher"          daemon [_thread_blocked, id=31884, stack(0x0000008e5e000000,0x0000008e5e100000) (1024K)]
  0x000002875b60ef60 JavaThread "Attach Listener"            daemon [_thread_blocked, id=14300, stack(0x0000008e5e100000,0x0000008e5e200000) (1024K)]
  0x000002875b612f60 JavaThread "Service Thread"             daemon [_thread_blocked, id=30108, stack(0x0000008e5e200000,0x0000008e5e300000) (1024K)]
  0x000002875b613ec0 JavaThread "Monitor Deflation Thread"   daemon [_thread_blocked, id=29536, stack(0x0000008e5e300000,0x0000008e5e400000) (1024K)]
  0x000002875b6209c0 JavaThread "C2 CompilerThread0"         daemon [_thread_blocked, id=23392, stack(0x0000008e5e400000,0x0000008e5e500000) (1024K)]
  0x000002875b750240 JavaThread "C1 CompilerThread0"         daemon [_thread_blocked, id=26116, stack(0x0000008e5e500000,0x0000008e5e600000) (1024K)]
  0x000002875b5d7930 JavaThread "Common-Cleaner"             daemon [_thread_blocked, id=30680, stack(0x0000008e5e600000,0x0000008e5e700000) (1024K)]
  0x000002875b90d1b0 JavaThread "Monitor Ctrl-Break"         daemon [_thread_in_native, id=9380, stack(0x0000008e5e700000,0x0000008e5e800000) (1024K)]
  0x000002875b9b1940 JavaThread "Notification Thread"        daemon [_thread_blocked, id=27224, stack(0x0000008e5e800000,0x0000008e5e900000) (1024K)]
  0x000002875b993480 JavaThread "Thread-0"                          [_thread_in_native, id=14276, stack(0x0000008e5e900000,0x0000008e5ea00000) (1024K)]
=>0x000002875b993af0 JavaThread "Thread-1"                          [_thread_in_native, id=16588, stack(0x0000008e5ea00000,0x0000008e5eb00000) (1024K)]
  0x000002873c972950 JavaThread "DestroyJavaVM"                     [_thread_blocked, id=29996, stack(0x0000008e5d600000,0x0000008e5d700000) (1024K)]
Total: 14

Other Threads:
  0x000002875b5ec350 VMThread "VM Thread"                           [id=24900, stack(0x0000008e5dd00000,0x0000008e5de00000) (1024K)]
  0x000002875b5d6800 WatcherThread "VM Periodic Task Thread"        [id=26768, stack(0x0000008e5dc00000,0x0000008e5dd00000) (1024K)]
  0x000002873ecda620 WorkerThread "GC Thread#0"                     [id=17868, stack(0x0000008e5d700000,0x0000008e5d800000) (1024K)]
  0x000002873eceb240 ConcurrentGCThread "G1 Main Marker"            [id=26640, stack(0x0000008e5d800000,0x0000008e5d900000) (1024K)]
  0x000002873ecec040 WorkerThread "G1 Conc#0"                       [id=17184, stack(0x0000008e5d900000,0x0000008e5da00000) (1024K)]
  0x000002875b493ae0 ConcurrentGCThread "G1 Refine#0"               [id=30772, stack(0x0000008e5da00000,0x0000008e5db00000) (1024K)]
  0x000002875b494460 ConcurrentGCThread "G1 Service"                [id=15836, stack(0x0000008e5db00000,0x0000008e5dc00000) (1024K)]
Total: 7

Threads with active compile tasks:
Total: 0

VM state: not at safepoint (normal execution)

VM Mutex/Monitor currently owned by a thread: None

Heap address: 0x0000000081e00000, size: 2018 MB, Compressed Oops mode: 32-bit

CDS archive(s) mapped at: [0x000002875c000000-0x000002875cc90000-0x000002875cc90000), size 13172736, SharedBaseAddress: 0x000002875c000000, ArchiveRelocationMode: 1.
Compressed class space mapped at: 0x000002875d000000-0x000002879d000000, reserved size: 1073741824
Narrow klass base: 0x000002875c000000, Narrow klass shift: 0, Narrow klass range: 0x100000000

GC Precious Log:
 CardTable entry size: 512
 Card Set container configuration: InlinePtr #cards 5 size 8 Array Of Cards #cards 12 size 40 Howl #buckets 4 coarsen threshold 1843 Howl Bitmap #cards 512 size 80 coarsen threshold 460 Card regions per heap region 1 cards per card region 2048
 CPUs: 8 total, 8 available
 Memory: 8066M
 Large Page Support: Disabled
 NUMA Support: Disabled
 Compressed Oops: Enabled (32-bit)
 Heap Region Size: 1M
 Heap Min Capacity: 8M
 Heap Initial Capacity: 128M
 Heap Max Capacity: 2018M
 Pre-touch: Disabled
 Parallel Workers: 8
 Concurrent Workers: 2
 Concurrent Refinement Workers: 8
 Periodic GC: Disabled

Heap:
 garbage-first heap   total 131072K, used 3072K [0x0000000081e00000, 0x0000000100000000)
  region size 1024K, 4 young (4096K), 0 survivors (0K)
 Metaspace       used 773K, committed 896K, reserved 1114112K
  class space    used 63K, committed 128K, reserved 1048576K

Heap Regions: E=young(eden), S=young(survivor), O=old, HS=humongous(starts), HC=humongous(continues), CS=collection set, F=free, TAMS=top-at-mark-start, PB=parsable bottom
|   0|0x0000000081e00000, 0x0000000081e00000, 0x0000000081f00000|  0%| F|  |TAMS 0x0000000081e00000| PB 0x0000000081e00000| Untracked 
|   1|0x0000000081f00000, 0x0000000081f00000, 0x0000000082000000|  0%| F|  |TAMS 0x0000000081f00000| PB 0x0000000081f00000| Untracked 
|   2|0x0000000082000000, 0x0000000082000000, 0x0000000082100000|  0%| F|  |TAMS 0x0000000082000000| PB 0x0000000082000000| Untracked 
|   3|0x0000000082100000, 0x0000000082100000, 0x0000000082200000|  0%| F|  |TAMS 0x0000000082100000| PB 0x0000000082100000| Untracked 
|   4|0x0000000082200000, 0x0000000082200000, 0x0000000082300000|  0%| F|  |TAMS 0x0000000082200000| PB 0x0000000082200000| Untracked 
|   5|0x0000000082300000, 0x0000000082300000, 0x0000000082400000|  0%| F|  |TAMS 0x0000000082300000| PB 0x0000000082300000| Untracked 
|   6|0x0000000082400000, 0x0000000082400000, 0x0000000082500000|  0%| F|  |TAMS 0x0000000082400000| PB 0x0000000082400000| Untracked 
|   7|0x0000000082500000, 0x0000000082500000, 0x0000000082600000|  0%| F|  |TAMS 0x0000000082500000| PB 0x0000000082500000| Untracked 
|   8|0x0000000082600000, 0x0000000082600000, 0x0000000082700000|  0%| F|  |TAMS 0x0000000082600000| PB 0x0000000082600000| Untracked 
|   9|0x0000000082700000, 0x0000000082700000, 0x0000000082800000|  0%| F|  |TAMS 0x0000000082700000| PB 0x0000000082700000| Untracked 
|  10|0x0000000082800000, 0x0000000082800000, 0x0000000082900000|  0%| F|  |TAMS 0x0000000082800000| PB 0x0000000082800000| Untracked 
|  11|0x0000000082900000, 0x0000000082900000, 0x0000000082a00000|  0%| F|  |TAMS 0x0000000082900000| PB 0x0000000082900000| Untracked 
|  12|0x0000000082a00000, 0x0000000082a00000, 0x0000000082b00000|  0%| F|  |TAMS 0x0000000082a00000| PB 0x0000000082a00000| Untracked 
|  13|0x0000000082b00000, 0x0000000082b00000, 0x0000000082c00000|  0%| F|  |TAMS 0x0000000082b00000| PB 0x0000000082b00000| Untracked 
|  14|0x0000000082c00000, 0x0000000082c00000, 0x0000000082d00000|  0%| F|  |TAMS 0x0000000082c00000| PB 0x0000000082c00000| Untracked 
|  15|0x0000000082d00000, 0x0000000082d00000, 0x0000000082e00000|  0%| F|  |TAMS 0x0000000082d00000| PB 0x0000000082d00000| Untracked 
|  16|0x0000000082e00000, 0x0000000082e00000, 0x0000000082f00000|  0%| F|  |TAMS 0x0000000082e00000| PB 0x0000000082e00000| Untracked 
|  17|0x0000000082f00000, 0x0000000082f00000, 0x0000000083000000|  0%| F|  |TAMS 0x0000000082f00000| PB 0x0000000082f00000| Untracked 
|  18|0x0000000083000000, 0x0000000083000000, 0x0000000083100000|  0%| F|  |TAMS 0x0000000083000000| PB 0x0000000083000000| Untracked 
|  19|0x0000000083100000, 0x0000000083100000, 0x0000000083200000|  0%| F|  |TAMS 0x0000000083100000| PB 0x0000000083100000| Untracked 
|  20|0x0000000083200000, 0x0000000083200000, 0x0000000083300000|  0%| F|  |TAMS 0x0000000083200000| PB 0x0000000083200000| Untracked 
|  21|0x0000000083300000, 0x0000000083300000, 0x0000000083400000|  0%| F|  |TAMS 0x0000000083300000| PB 0x0000000083300000| Untracked 
|  22|0x0000000083400000, 0x0000000083400000, 0x0000000083500000|  0%| F|  |TAMS 0x0000000083400000| PB 0x0000000083400000| Untracked 
|  23|0x0000000083500000, 0x0000000083500000, 0x0000000083600000|  0%| F|  |TAMS 0x0000000083500000| PB 0x0000000083500000| Untracked 
|  24|0x0000000083600000, 0x0000000083600000, 0x0000000083700000|  0%| F|  |TAMS 0x0000000083600000| PB 0x0000000083600000| Untracked 
|  25|0x0000000083700000, 0x0000000083700000, 0x0000000083800000|  0%| F|  |TAMS 0x0000000083700000| PB 0x0000000083700000| Untracked 
|  26|0x0000000083800000, 0x0000000083800000, 0x0000000083900000|  0%| F|  |TAMS 0x0000000083800000| PB 0x0000000083800000| Untracked 
|  27|0x0000000083900000, 0x0000000083900000, 0x0000000083a00000|  0%| F|  |TAMS 0x0000000083900000| PB 0x0000000083900000| Untracked 
|  28|0x0000000083a00000, 0x0000000083a00000, 0x0000000083b00000|  0%| F|  |TAMS 0x0000000083a00000| PB 0x0000000083a00000| Untracked 
|  29|0x0000000083b00000, 0x0000000083b00000, 0x0000000083c00000|  0%| F|  |TAMS 0x0000000083b00000| PB 0x0000000083b00000| Untracked 
|  30|0x0000000083c00000, 0x0000000083c00000, 0x0000000083d00000|  0%| F|  |TAMS 0x0000000083c00000| PB 0x0000000083c00000| Untracked 
|  31|0x0000000083d00000, 0x0000000083d00000, 0x0000000083e00000|  0%| F|  |TAMS 0x0000000083d00000| PB 0x0000000083d00000| Untracked 
|  32|0x0000000083e00000, 0x0000000083e00000, 0x0000000083f00000|  0%| F|  |TAMS 0x0000000083e00000| PB 0x0000000083e00000| Untracked 
|  33|0x0000000083f00000, 0x0000000083f00000, 0x0000000084000000|  0%| F|  |TAMS 0x0000000083f00000| PB 0x0000000083f00000| Untracked 
|  34|0x0000000084000000, 0x0000000084000000, 0x0000000084100000|  0%| F|  |TAMS 0x0000000084000000| PB 0x0000000084000000| Untracked 
|  35|0x0000000084100000, 0x0000000084100000, 0x0000000084200000|  0%| F|  |TAMS 0x0000000084100000| PB 0x0000000084100000| Untracked 
|  36|0x0000000084200000, 0x0000000084200000, 0x0000000084300000|  0%| F|  |TAMS 0x0000000084200000| PB 0x0000000084200000| Untracked 
|  37|0x0000000084300000, 0x0000000084300000, 0x0000000084400000|  0%| F|  |TAMS 0x0000000084300000| PB 0x0000000084300000| Untracked 
|  38|0x0000000084400000, 0x0000000084400000, 0x0000000084500000|  0%| F|  |TAMS 0x0000000084400000| PB 0x0000000084400000| Untracked 
|  39|0x0000000084500000, 0x0000000084500000, 0x0000000084600000|  0%| F|  |TAMS 0x0000000084500000| PB 0x0000000084500000| Untracked 
|  40|0x0000000084600000, 0x0000000084600000, 0x0000000084700000|  0%| F|  |TAMS 0x0000000084600000| PB 0x0000000084600000| Untracked 
|  41|0x0000000084700000, 0x0000000084700000, 0x0000000084800000|  0%| F|  |TAMS 0x0000000084700000| PB 0x0000000084700000| Untracked 
|  42|0x0000000084800000, 0x0000000084800000, 0x0000000084900000|  0%| F|  |TAMS 0x0000000084800000| PB 0x0000000084800000| Untracked 
|  43|0x0000000084900000, 0x0000000084900000, 0x0000000084a00000|  0%| F|  |TAMS 0x0000000084900000| PB 0x0000000084900000| Untracked 
|  44|0x0000000084a00000, 0x0000000084a00000, 0x0000000084b00000|  0%| F|  |TAMS 0x0000000084a00000| PB 0x0000000084a00000| Untracked 
|  45|0x0000000084b00000, 0x0000000084b00000, 0x0000000084c00000|  0%| F|  |TAMS 0x0000000084b00000| PB 0x0000000084b00000| Untracked 
|  46|0x0000000084c00000, 0x0000000084c00000, 0x0000000084d00000|  0%| F|  |TAMS 0x0000000084c00000| PB 0x0000000084c00000| Untracked 
|  47|0x0000000084d00000, 0x0000000084d00000, 0x0000000084e00000|  0%| F|  |TAMS 0x0000000084d00000| PB 0x0000000084d00000| Untracked 
|  48|0x0000000084e00000, 0x0000000084e00000, 0x0000000084f00000|  0%| F|  |TAMS 0x0000000084e00000| PB 0x0000000084e00000| Untracked 
|  49|0x0000000084f00000, 0x0000000084f00000, 0x0000000085000000|  0%| F|  |TAMS 0x0000000084f00000| PB 0x0000000084f00000| Untracked 
|  50|0x0000000085000000, 0x0000000085000000, 0x0000000085100000|  0%| F|  |TAMS 0x0000000085000000| PB 0x0000000085000000| Untracked 
|  51|0x0000000085100000, 0x0000000085100000, 0x0000000085200000|  0%| F|  |TAMS 0x0000000085100000| PB 0x0000000085100000| Untracked 
|  52|0x0000000085200000, 0x0000000085200000, 0x0000000085300000|  0%| F|  |TAMS 0x0000000085200000| PB 0x0000000085200000| Untracked 
|  53|0x0000000085300000, 0x0000000085300000, 0x0000000085400000|  0%| F|  |TAMS 0x0000000085300000| PB 0x0000000085300000| Untracked 
|  54|0x0000000085400000, 0x0000000085400000, 0x0000000085500000|  0%| F|  |TAMS 0x0000000085400000| PB 0x0000000085400000| Untracked 
|  55|0x0000000085500000, 0x0000000085500000, 0x0000000085600000|  0%| F|  |TAMS 0x0000000085500000| PB 0x0000000085500000| Untracked 
|  56|0x0000000085600000, 0x0000000085600000, 0x0000000085700000|  0%| F|  |TAMS 0x0000000085600000| PB 0x0000000085600000| Untracked 
|  57|0x0000000085700000, 0x0000000085700000, 0x0000000085800000|  0%| F|  |TAMS 0x0000000085700000| PB 0x0000000085700000| Untracked 
|  58|0x0000000085800000, 0x0000000085800000, 0x0000000085900000|  0%| F|  |TAMS 0x0000000085800000| PB 0x0000000085800000| Untracked 
|  59|0x0000000085900000, 0x0000000085900000, 0x0000000085a00000|  0%| F|  |TAMS 0x0000000085900000| PB 0x0000000085900000| Untracked 
|  60|0x0000000085a00000, 0x0000000085a00000, 0x0000000085b00000|  0%| F|  |TAMS 0x0000000085a00000| PB 0x0000000085a00000| Untracked 
|  61|0x0000000085b00000, 0x0000000085b00000, 0x0000000085c00000|  0%| F|  |TAMS 0x0000000085b00000| PB 0x0000000085b00000| Untracked 
|  62|0x0000000085c00000, 0x0000000085c00000, 0x0000000085d00000|  0%| F|  |TAMS 0x0000000085c00000| PB 0x0000000085c00000| Untracked 
|  63|0x0000000085d00000, 0x0000000085d00000, 0x0000000085e00000|  0%| F|  |TAMS 0x0000000085d00000| PB 0x0000000085d00000| Untracked 
|  64|0x0000000085e00000, 0x0000000085e00000, 0x0000000085f00000|  0%| F|  |TAMS 0x0000000085e00000| PB 0x0000000085e00000| Untracked 
|  65|0x0000000085f00000, 0x0000000085f00000, 0x0000000086000000|  0%| F|  |TAMS 0x0000000085f00000| PB 0x0000000085f00000| Untracked 
|  66|0x0000000086000000, 0x0000000086000000, 0x0000000086100000|  0%| F|  |TAMS 0x0000000086000000| PB 0x0000000086000000| Untracked 
|  67|0x0000000086100000, 0x0000000086100000, 0x0000000086200000|  0%| F|  |TAMS 0x0000000086100000| PB 0x0000000086100000| Untracked 
|  68|0x0000000086200000, 0x0000000086200000, 0x0000000086300000|  0%| F|  |TAMS 0x0000000086200000| PB 0x0000000086200000| Untracked 
|  69|0x0000000086300000, 0x0000000086300000, 0x0000000086400000|  0%| F|  |TAMS 0x0000000086300000| PB 0x0000000086300000| Untracked 
|  70|0x0000000086400000, 0x0000000086400000, 0x0000000086500000|  0%| F|  |TAMS 0x0000000086400000| PB 0x0000000086400000| Untracked 
|  71|0x0000000086500000, 0x0000000086500000, 0x0000000086600000|  0%| F|  |TAMS 0x0000000086500000| PB 0x0000000086500000| Untracked 
|  72|0x0000000086600000, 0x0000000086600000, 0x0000000086700000|  0%| F|  |TAMS 0x0000000086600000| PB 0x0000000086600000| Untracked 
|  73|0x0000000086700000, 0x0000000086700000, 0x0000000086800000|  0%| F|  |TAMS 0x0000000086700000| PB 0x0000000086700000| Untracked 
|  74|0x0000000086800000, 0x0000000086800000, 0x0000000086900000|  0%| F|  |TAMS 0x0000000086800000| PB 0x0000000086800000| Untracked 
|  75|0x0000000086900000, 0x0000000086900000, 0x0000000086a00000|  0%| F|  |TAMS 0x0000000086900000| PB 0x0000000086900000| Untracked 
|  76|0x0000000086a00000, 0x0000000086a00000, 0x0000000086b00000|  0%| F|  |TAMS 0x0000000086a00000| PB 0x0000000086a00000| Untracked 
|  77|0x0000000086b00000, 0x0000000086b00000, 0x0000000086c00000|  0%| F|  |TAMS 0x0000000086b00000| PB 0x0000000086b00000| Untracked 
|  78|0x0000000086c00000, 0x0000000086c00000, 0x0000000086d00000|  0%| F|  |TAMS 0x0000000086c00000| PB 0x0000000086c00000| Untracked 
|  79|0x0000000086d00000, 0x0000000086d00000, 0x0000000086e00000|  0%| F|  |TAMS 0x0000000086d00000| PB 0x0000000086d00000| Untracked 
|  80|0x0000000086e00000, 0x0000000086e00000, 0x0000000086f00000|  0%| F|  |TAMS 0x0000000086e00000| PB 0x0000000086e00000| Untracked 
|  81|0x0000000086f00000, 0x0000000086f00000, 0x0000000087000000|  0%| F|  |TAMS 0x0000000086f00000| PB 0x0000000086f00000| Untracked 
|  82|0x0000000087000000, 0x0000000087000000, 0x0000000087100000|  0%| F|  |TAMS 0x0000000087000000| PB 0x0000000087000000| Untracked 
|  83|0x0000000087100000, 0x0000000087100000, 0x0000000087200000|  0%| F|  |TAMS 0x0000000087100000| PB 0x0000000087100000| Untracked 
|  84|0x0000000087200000, 0x0000000087200000, 0x0000000087300000|  0%| F|  |TAMS 0x0000000087200000| PB 0x0000000087200000| Untracked 
|  85|0x0000000087300000, 0x0000000087300000, 0x0000000087400000|  0%| F|  |TAMS 0x0000000087300000| PB 0x0000000087300000| Untracked 
|  86|0x0000000087400000, 0x0000000087400000, 0x0000000087500000|  0%| F|  |TAMS 0x0000000087400000| PB 0x0000000087400000| Untracked 
|  87|0x0000000087500000, 0x0000000087500000, 0x0000000087600000|  0%| F|  |TAMS 0x0000000087500000| PB 0x0000000087500000| Untracked 
|  88|0x0000000087600000, 0x0000000087600000, 0x0000000087700000|  0%| F|  |TAMS 0x0000000087600000| PB 0x0000000087600000| Untracked 
|  89|0x0000000087700000, 0x0000000087700000, 0x0000000087800000|  0%| F|  |TAMS 0x0000000087700000| PB 0x0000000087700000| Untracked 
|  90|0x0000000087800000, 0x0000000087800000, 0x0000000087900000|  0%| F|  |TAMS 0x0000000087800000| PB 0x0000000087800000| Untracked 
|  91|0x0000000087900000, 0x0000000087900000, 0x0000000087a00000|  0%| F|  |TAMS 0x0000000087900000| PB 0x0000000087900000| Untracked 
|  92|0x0000000087a00000, 0x0000000087a00000, 0x0000000087b00000|  0%| F|  |TAMS 0x0000000087a00000| PB 0x0000000087a00000| Untracked 
|  93|0x0000000087b00000, 0x0000000087b00000, 0x0000000087c00000|  0%| F|  |TAMS 0x0000000087b00000| PB 0x0000000087b00000| Untracked 
|  94|0x0000000087c00000, 0x0000000087c00000, 0x0000000087d00000|  0%| F|  |TAMS 0x0000000087c00000| PB 0x0000000087c00000| Untracked 
|  95|0x0000000087d00000, 0x0000000087d00000, 0x0000000087e00000|  0%| F|  |TAMS 0x0000000087d00000| PB 0x0000000087d00000| Untracked 
|  96|0x0000000087e00000, 0x0000000087e00000, 0x0000000087f00000|  0%| F|  |TAMS 0x0000000087e00000| PB 0x0000000087e00000| Untracked 
|  97|0x0000000087f00000, 0x0000000087f00000, 0x0000000088000000|  0%| F|  |TAMS 0x0000000087f00000| PB 0x0000000087f00000| Untracked 
|  98|0x0000000088000000, 0x0000000088000000, 0x0000000088100000|  0%| F|  |TAMS 0x0000000088000000| PB 0x0000000088000000| Untracked 
|  99|0x0000000088100000, 0x0000000088100000, 0x0000000088200000|  0%| F|  |TAMS 0x0000000088100000| PB 0x0000000088100000| Untracked 
| 100|0x0000000088200000, 0x0000000088200000, 0x0000000088300000|  0%| F|  |TAMS 0x0000000088200000| PB 0x0000000088200000| Untracked 
| 101|0x0000000088300000, 0x0000000088300000, 0x0000000088400000|  0%| F|  |TAMS 0x0000000088300000| PB 0x0000000088300000| Untracked 
| 102|0x0000000088400000, 0x0000000088400000, 0x0000000088500000|  0%| F|  |TAMS 0x0000000088400000| PB 0x0000000088400000| Untracked 
| 103|0x0000000088500000, 0x0000000088500000, 0x0000000088600000|  0%| F|  |TAMS 0x0000000088500000| PB 0x0000000088500000| Untracked 
| 104|0x0000000088600000, 0x0000000088600000, 0x0000000088700000|  0%| F|  |TAMS 0x0000000088600000| PB 0x0000000088600000| Untracked 
| 105|0x0000000088700000, 0x0000000088700000, 0x0000000088800000|  0%| F|  |TAMS 0x0000000088700000| PB 0x0000000088700000| Untracked 
| 106|0x0000000088800000, 0x0000000088800000, 0x0000000088900000|  0%| F|  |TAMS 0x0000000088800000| PB 0x0000000088800000| Untracked 
| 107|0x0000000088900000, 0x0000000088900000, 0x0000000088a00000|  0%| F|  |TAMS 0x0000000088900000| PB 0x0000000088900000| Untracked 
| 108|0x0000000088a00000, 0x0000000088a00000, 0x0000000088b00000|  0%| F|  |TAMS 0x0000000088a00000| PB 0x0000000088a00000| Untracked 
| 109|0x0000000088b00000, 0x0000000088b00000, 0x0000000088c00000|  0%| F|  |TAMS 0x0000000088b00000| PB 0x0000000088b00000| Untracked 
| 110|0x0000000088c00000, 0x0000000088c00000, 0x0000000088d00000|  0%| F|  |TAMS 0x0000000088c00000| PB 0x0000000088c00000| Untracked 
| 111|0x0000000088d00000, 0x0000000088d00000, 0x0000000088e00000|  0%| F|  |TAMS 0x0000000088d00000| PB 0x0000000088d00000| Untracked 
| 112|0x0000000088e00000, 0x0000000088e00000, 0x0000000088f00000|  0%| F|  |TAMS 0x0000000088e00000| PB 0x0000000088e00000| Untracked 
| 113|0x0000000088f00000, 0x0000000088f00000, 0x0000000089000000|  0%| F|  |TAMS 0x0000000088f00000| PB 0x0000000088f00000| Untracked 
| 114|0x0000000089000000, 0x0000000089000000, 0x0000000089100000|  0%| F|  |TAMS 0x0000000089000000| PB 0x0000000089000000| Untracked 
| 115|0x0000000089100000, 0x0000000089100000, 0x0000000089200000|  0%| F|  |TAMS 0x0000000089100000| PB 0x0000000089100000| Untracked 
| 116|0x0000000089200000, 0x0000000089200000, 0x0000000089300000|  0%| F|  |TAMS 0x0000000089200000| PB 0x0000000089200000| Untracked 
| 117|0x0000000089300000, 0x0000000089300000, 0x0000000089400000|  0%| F|  |TAMS 0x0000000089300000| PB 0x0000000089300000| Untracked 
| 118|0x0000000089400000, 0x0000000089400000, 0x0000000089500000|  0%| F|  |TAMS 0x0000000089400000| PB 0x0000000089400000| Untracked 
| 119|0x0000000089500000, 0x0000000089500000, 0x0000000089600000|  0%| F|  |TAMS 0x0000000089500000| PB 0x0000000089500000| Untracked 
| 120|0x0000000089600000, 0x0000000089600000, 0x0000000089700000|  0%| F|  |TAMS 0x0000000089600000| PB 0x0000000089600000| Untracked 
| 121|0x0000000089700000, 0x0000000089700000, 0x0000000089800000|  0%| F|  |TAMS 0x0000000089700000| PB 0x0000000089700000| Untracked 
| 122|0x0000000089800000, 0x0000000089800000, 0x0000000089900000|  0%| F|  |TAMS 0x0000000089800000| PB 0x0000000089800000| Untracked 
| 123|0x0000000089900000, 0x0000000089900000, 0x0000000089a00000|  0%| F|  |TAMS 0x0000000089900000| PB 0x0000000089900000| Untracked 
| 124|0x0000000089a00000, 0x0000000089a76440, 0x0000000089b00000| 46%| E|  |TAMS 0x0000000089a00000| PB 0x0000000089a00000| Complete 
| 125|0x0000000089b00000, 0x0000000089c00000, 0x0000000089c00000|100%| E|CS|TAMS 0x0000000089b00000| PB 0x0000000089b00000| Complete 
| 126|0x0000000089c00000, 0x0000000089d00000, 0x0000000089d00000|100%| E|CS|TAMS 0x0000000089c00000| PB 0x0000000089c00000| Complete 
| 127|0x0000000089d00000, 0x0000000089e00000, 0x0000000089e00000|100%| E|CS|TAMS 0x0000000089d00000| PB 0x0000000089d00000| Complete 

Card table byte_map: [0x0000028756820000,0x0000028756c20000] _byte_map_base: 0x0000028756411000

Marking Bits: (CMBitMap*) 0x000002873ecdad20
 Bits: [0x0000028756c20000, 0x0000028758ba8000)

Polling page: 0x000002873cb90000

Metaspace:

Usage:
  Non-class:    710.15 KB used.
      Class:     63.41 KB used.
       Both:    773.55 KB used.

Virtual space:
  Non-class space:       64.00 MB reserved,     768.00 KB (  1%) committed,  1 nodes.
      Class space:        1.00 GB reserved,     128.00 KB ( <1%) committed,  1 nodes.
             Both:        1.06 GB reserved,     896.00 KB ( <1%) committed. 

Chunk freelists:
   Non-Class:  11.95 MB
       Class:  15.73 MB
        Both:  27.68 MB

MaxMetaspaceSize: unlimited
CompressedClassSpaceSize: 1.00 GB
Initial GC threshold: 21.00 MB
Current GC threshold: 21.00 MB
CDS: on
 - commit_granule_bytes: 65536.
 - commit_granule_words: 8192.
 - virtual_space_node_default_size: 8388608.
 - enlarge_chunks_in_place: 1.
 - use_allocation_guard: 0.


Internal statistics:

num_allocs_failed_limit: 0.
num_arena_births: 24.
num_arena_deaths: 0.
num_vsnodes_births: 2.
num_vsnodes_deaths: 0.
num_space_committed: 14.
num_space_uncommitted: 0.
num_chunks_returned_to_freelist: 0.
num_chunks_taken_from_freelist: 30.
num_chunk_merges: 0.
num_chunk_splits: 20.
num_chunks_enlarged: 12.
num_inconsistent_stats: 0.

CodeHeap 'non-profiled nmethods': size=120000Kb used=75Kb max_used=75Kb free=119924Kb
 bounds [0x000002874eba0000, 0x000002874ee10000, 0x00000287560d0000]
CodeHeap 'profiled nmethods': size=120000Kb used=221Kb max_used=221Kb free=119778Kb
 bounds [0x00000287470d0000, 0x0000028747340000, 0x000002874e600000]
CodeHeap 'non-nmethods': size=5760Kb used=1300Kb max_used=1313Kb free=4459Kb
 bounds [0x000002874e600000, 0x000002874e870000, 0x000002874eba0000]
 total_blobs=628 nmethods=215 adapters=318
 compilation: enabled
              stopped_count=0, restarted_count=0
 full_count=0

Compilation events (20 events):
Event: 0.149 Thread 0x000002875b750240  203       3       jdk.internal.org.objectweb.asm.ByteVector::putShort (52 bytes)
Event: 0.149 Thread 0x000002875b750240 nmethod 203 0x0000028747103b10 code [0x0000028747103cc0, 0x0000028747103ec8]
Event: 0.149 Thread 0x000002875b750240  204       1       java.lang.invoke.MethodTypeForm::erasedType (5 bytes)
Event: 0.149 Thread 0x000002875b750240 nmethod 204 0x000002874ebb2090 code [0x000002874ebb2220, 0x000002874ebb22e8]
Event: 0.154 Thread 0x000002875b750240  205       3       java.lang.System::getSecurityManager (12 bytes)
Event: 0.154 Thread 0x000002875b750240 nmethod 205 0x0000028747104010 code [0x00000287471041c0, 0x0000028747104330]
Event: 0.154 Thread 0x000002875b750240  206       3       java.lang.System::allowSecurityManager (13 bytes)
Event: 0.154 Thread 0x000002875b750240 nmethod 206 0x0000028747104410 code [0x00000287471045a0, 0x00000287471046a0]
Event: 0.154 Thread 0x000002875b750240  207       3       java.lang.String::charAt (25 bytes)
Event: 0.155 Thread 0x000002875b750240 nmethod 207 0x0000028747104710 code [0x0000028747104900, 0x0000028747104e48]
Event: 0.159 Thread 0x000002875b750240  208       3       java.lang.StringLatin1::newString (24 bytes)
Event: 0.160 Thread 0x000002875b750240 nmethod 208 0x0000028747105090 code [0x0000028747105360, 0x0000028747106148]
Event: 0.720 Thread 0x000002875b750240  209       3       java.lang.StringLatin1::lastIndexOf (40 bytes)
Event: 0.721 Thread 0x000002875b750240 nmethod 209 0x0000028747106610 code [0x00000287471067e0, 0x0000028747106bd0]
Event: 0.724 Thread 0x000002875b750240  211       3       java.lang.Enum::<init> (15 bytes)
Event: 0.724 Thread 0x000002875b750240 nmethod 211 0x0000028747106d10 code [0x0000028747106ec0, 0x0000028747107080]
Event: 0.731 Thread 0x000002875b6209c0  213       4       java.util.Objects::requireNonNull (14 bytes)
Event: 0.731 Thread 0x000002875b750240  214       3       java.lang.ref.Reference::<init> (25 bytes)
Event: 0.731 Thread 0x000002875b750240 nmethod 214 0x0000028747107110 code [0x00000287471072c0, 0x0000028747107538]
Event: 0.731 Thread 0x000002875b6209c0 nmethod 213 0x000002874ebb2c90 code [0x000002874ebb2e20, 0x000002874ebb2ea8]

GC Heap History (0 events):
No events

Dll operation events (10 events):
Event: 0.013 Loaded shared library C:\Program Files\Java\jdk-21\bin\java.dll
Event: 0.061 Loaded shared library C:\Program Files\Java\jdk-21\bin\jsvml.dll
Event: 0.117 Loaded shared library C:\Program Files\Java\jdk-21\bin\zip.dll
Event: 0.122 Loaded shared library C:\Program Files\Java\jdk-21\bin\instrument.dll
Event: 0.132 Loaded shared library C:\Program Files\Java\jdk-21\bin\net.dll
Event: 0.136 Loaded shared library C:\Program Files\Java\jdk-21\bin\nio.dll
Event: 0.142 Loaded shared library C:\Program Files\Java\jdk-21\bin\zip.dll
Event: 0.153 Loaded shared library C:\Program Files\JetBrains\IntelliJ IDEA Community Edition 2020.3.4\bin\breakgen64.dll
Event: 0.720 Loaded shared library C:\Users\Julian Tank\Desktop\Phoenix3D\src\phoenix3D\nativeIntergration\nativeLibraries\windows\Phoenix3D_NativeWindowLib.dll
Event: 0.721 Loaded shared library C:\Program Files\Java\jdk-21\bin\extnet.dll

Deoptimization events (4 events):
Event: 0.154 Thread 0x000002873c972950 Uncommon trap: trap_request=0xffffff45 fr.pc=0x000002874ebb12e4 relative=0x00000000000000c4
Event: 0.154 Thread 0x000002873c972950 Uncommon trap: reason=unstable_if action=reinterpret pc=0x000002874ebb12e4 method=java.lang.String.isLatin1()Z @ 10 c2
Event: 0.154 Thread 0x000002873c972950 DEOPT PACKING pc=0x000002874ebb12e4 sp=0x0000008e5d6ff150
Event: 0.154 Thread 0x000002873c972950 DEOPT UNPACKING pc=0x000002874e6546a2 sp=0x0000008e5d6ff090 mode 2

Classes loaded (20 events):
Event: 0.728 Loading class sun/nio/ch/NativeThread
Event: 0.728 Loading class sun/nio/ch/NativeThread done
Event: 0.730 Loading class java/io/BufferedReader
Event: 0.730 Loading class java/io/BufferedReader done
Event: 0.730 Loading class java/net/Socket$SocketInputStream
Event: 0.730 Loading class java/net/Socket$SocketInputStream done
Event: 0.730 Loading class sun/nio/ch/NioSocketImpl$1
Event: 0.730 Loading class sun/nio/ch/NioSocketImpl$1 done
Event: 0.731 Loading class sun/nio/cs/StreamDecoder
Event: 0.731 Loading class sun/nio/cs/StreamDecoder done
Event: 0.731 Loading class sun/nio/cs/US_ASCII$Decoder
Event: 0.731 Loading class sun/nio/cs/US_ASCII$Decoder done
Event: 0.731 Loading class sun/nio/ch/Util
Event: 0.732 Loading class sun/nio/ch/Util done
Event: 0.732 Loading class sun/nio/ch/Util$1
Event: 0.732 Loading class sun/nio/ch/Util$1 done
Event: 0.732 Loading class sun/nio/ch/Util$BufferCache
Event: 0.732 Loading class sun/nio/ch/Util$BufferCache done
Event: 0.732 Loading class java/nio/DirectByteBuffer$Deallocator
Event: 0.732 Loading class java/nio/DirectByteBuffer$Deallocator done

Classes unloaded (0 events):
No events

Classes redefined (0 events):
No events

Internal exceptions (3 events):
Event: 0.144 Thread 0x000002873c972950 Exception <a 'java/lang/NoSuchMethodError'{0x0000000089b38630}: 'void java.lang.invoke.DirectMethodHandle$Holder.invokeStatic(java.lang.Object, java.lang.Object, java.lang.Object)'> (0x0000000089b38630) 
thrown [s\open\src\hotspot\share\interpreter\linkResolver.cpp, line 773]
Event: 0.148 Thread 0x000002873c972950 Exception <a 'java/lang/NoSuchMethodError'{0x0000000089b4fb38}: 'java.lang.Object java.lang.invoke.Invokers$Holder.invokeExact_MT(java.lang.Object, java.lang.Object, java.lang.Object, java.lang.Object, java.lang.Object)'> (0x0000000089b4fb38) 
thrown [s\open\src\hotspot\share\interpreter\linkResolver.cpp, line 773]
Event: 0.723 Thread 0x000002875b90d1b0 Exception <a 'java/lang/NoSuchMethodError'{0x0000000089b7eee8}: 'void java.lang.invoke.DirectMethodHandle$Holder.invokeStatic(java.lang.Object, java.lang.Object)'> (0x0000000089b7eee8) 
thrown [s\open\src\hotspot\share\interpreter\linkResolver.cpp, line 773]

ZGC Phase Switch (0 events):
No events

VM Operations (2 events):
Event: 0.097 Executing VM operation: HandshakeAllThreads (Deoptimize)
Event: 0.097 Executing VM operation: HandshakeAllThreads (Deoptimize) done

Events (16 events):
Event: 0.036 Thread 0x000002873c972950 Thread added: 0x000002873c972950
Event: 0.057 Thread 0x000002875b608ac0 Thread added: 0x000002875b608ac0
Event: 0.057 Thread 0x000002875b6099e0 Thread added: 0x000002875b6099e0
Event: 0.057 Thread 0x000002875b60ddf0 Thread added: 0x000002875b60ddf0
Event: 0.058 Thread 0x000002875b60ef60 Thread added: 0x000002875b60ef60
Event: 0.058 Thread 0x000002875b612f60 Thread added: 0x000002875b612f60
Event: 0.058 Thread 0x000002875b613ec0 Thread added: 0x000002875b613ec0
Event: 0.058 Thread 0x000002875b6209c0 Thread added: 0x000002875b6209c0
Event: 0.058 Thread 0x000002875b750240 Thread added: 0x000002875b750240
Event: 0.085 Thread 0x000002875b5d7930 Thread added: 0x000002875b5d7930
Event: 0.153 Thread 0x000002875b90d1b0 Thread added: 0x000002875b90d1b0
Event: 0.153 Thread 0x000002875b9b1940 Thread added: 0x000002875b9b1940
Event: 0.722 Thread 0x000002875b993480 Thread added: 0x000002875b993480
Event: 0.722 Thread 0x000002875b993af0 Thread added: 0x000002875b993af0
Event: 0.722 Thread 0x000002873c972950 Thread exited: 0x000002873c972950
Event: 0.722 Thread 0x000002873c972950 Thread added: 0x000002873c972950


Dynamic libraries:
0x00007ff60b690000 - 0x00007ff60b6a0000 	C:\Program Files\Java\jdk-21\bin\java.exe
0x00007ff832730000 - 0x00007ff832947000 	C:\WINDOWS\SYSTEM32\ntdll.dll
0x00007ff831660000 - 0x00007ff831724000 	C:\WINDOWS\System32\KERNEL32.DLL
0x00007ff82fbf0000 - 0x00007ff82ff97000 	C:\WINDOWS\System32\KERNELBASE.dll
0x0000000070630000 - 0x0000000070962000 	C:\Program Files\Norton Security\NortonData\22.15.0.88\Definitions\IPSDefs\20240610.064\IPSEng64.dll
0x00007ff831730000 - 0x00007ff8317e2000 	C:\WINDOWS\System32\ADVAPI32.dll
0x00007ff8315a0000 - 0x00007ff831647000 	C:\WINDOWS\System32\msvcrt.dll
0x00007ff831090000 - 0x00007ff831138000 	C:\WINDOWS\System32\sechost.dll
0x00007ff830360000 - 0x00007ff830388000 	C:\WINDOWS\System32\bcrypt.dll
0x00007ff831480000 - 0x00007ff831595000 	C:\WINDOWS\System32\RPCRT4.dll
0x00007ff831070000 - 0x00007ff831078000 	C:\WINDOWS\System32\PSAPI.DLL
0x00007ff830010000 - 0x00007ff830121000 	C:\WINDOWS\System32\ucrtbase.dll
0x00007ff82cee0000 - 0x00007ff82cefb000 	C:\Program Files\Java\jdk-21\bin\VCRUNTIME140.dll
0x00007ff82ce80000 - 0x00007ff82ce99000 	C:\Program Files\Java\jdk-21\bin\jli.dll
0x00007ff831e30000 - 0x00007ff831fde000 	C:\WINDOWS\System32\USER32.dll
0x00007ff830390000 - 0x00007ff8303b6000 	C:\WINDOWS\System32\win32u.dll
0x00007ff8138c0000 - 0x00007ff813b53000 	C:\WINDOWS\WinSxS\amd64_microsoft.windows.common-controls_6595b64144ccf1df_6.0.22621.3527_none_270e469b73872a76\COMCTL32.dll
0x00007ff8326a0000 - 0x00007ff8326c9000 	C:\WINDOWS\System32\GDI32.dll
0x00007ff82fad0000 - 0x00007ff82fbe9000 	C:\WINDOWS\System32\gdi32full.dll
0x00007ff8303c0000 - 0x00007ff83045a000 	C:\WINDOWS\System32\msvcp_win.dll
0x00007ff81d990000 - 0x00007ff81d99a000 	C:\WINDOWS\SYSTEM32\VERSION.dll
0x00007ff832050000 - 0x00007ff832081000 	C:\WINDOWS\System32\IMM32.DLL
0x00007ff82cf20000 - 0x00007ff82cf2c000 	C:\Program Files\Java\jdk-21\bin\vcruntime140_1.dll
0x00007ffffea20000 - 0x00007ffffeaae000 	C:\Program Files\Java\jdk-21\bin\msvcp140.dll
0x00007fffa78e0000 - 0x00007fffa85ed000 	C:\Program Files\Java\jdk-21\bin\server\jvm.dll
0x00007ff8325d0000 - 0x00007ff832641000 	C:\WINDOWS\System32\WS2_32.dll
0x00007ff82f910000 - 0x00007ff82f95d000 	C:\WINDOWS\SYSTEM32\POWRPROF.dll
0x00007ff827170000 - 0x00007ff8271a4000 	C:\WINDOWS\SYSTEM32\WINMM.dll
0x00007ff82f840000 - 0x00007ff82f853000 	C:\WINDOWS\SYSTEM32\UMPDC.dll
0x00007ff82ea40000 - 0x00007ff82ea58000 	C:\WINDOWS\SYSTEM32\kernel.appcore.dll
0x00007ff82bdd0000 - 0x00007ff82bdda000 	C:\Program Files\Java\jdk-21\bin\jimage.dll
0x00007ff82d000000 - 0x00007ff82d232000 	C:\WINDOWS\SYSTEM32\DBGHELP.DLL
0x00007ff832090000 - 0x00007ff832418000 	C:\WINDOWS\System32\combase.dll
0x00007ff831850000 - 0x00007ff831927000 	C:\WINDOWS\System32\OLEAUT32.dll
0x00007ff818cc0000 - 0x00007ff818cf2000 	C:\WINDOWS\SYSTEM32\dbgcore.DLL
0x00007ff82fa50000 - 0x00007ff82fac9000 	C:\WINDOWS\System32\bcryptPrimitives.dll
0x00007ff82a2a0000 - 0x00007ff82a2af000 	C:\Program Files\Java\jdk-21\bin\instrument.dll
0x00007ff82a240000 - 0x00007ff82a25f000 	C:\Program Files\Java\jdk-21\bin\java.dll
0x00007ff830780000 - 0x00007ff830fdc000 	C:\WINDOWS\System32\SHELL32.dll
0x00007ff82d940000 - 0x00007ff82e236000 	C:\WINDOWS\SYSTEM32\windows.storage.dll
0x00007ff82d800000 - 0x00007ff82d93e000 	C:\WINDOWS\SYSTEM32\wintypes.dll
0x00007ff831140000 - 0x00007ff831235000 	C:\WINDOWS\System32\SHCORE.dll
0x00007ff8317f0000 - 0x00007ff83184e000 	C:\WINDOWS\System32\shlwapi.dll
0x00007ff82f980000 - 0x00007ff82f9a1000 	C:\WINDOWS\SYSTEM32\profapi.dll
0x00007fffe97e0000 - 0x00007fffe98b7000 	C:\Program Files\Java\jdk-21\bin\jsvml.dll
0x00007ff8285c0000 - 0x00007ff8285d8000 	C:\Program Files\Java\jdk-21\bin\zip.dll
0x00007ff82a0d0000 - 0x00007ff82a0e0000 	C:\Program Files\Java\jdk-21\bin\net.dll
0x00007ff82a100000 - 0x00007ff82a236000 	C:\WINDOWS\SYSTEM32\WINHTTP.dll
0x00007ff82eee0000 - 0x00007ff82ef49000 	C:\WINDOWS\system32\mswsock.dll
0x00007ff82a0b0000 - 0x00007ff82a0c6000 	C:\Program Files\Java\jdk-21\bin\nio.dll
0x00007ff81f970000 - 0x00007ff81f98a000 	C:\Program Files\JetBrains\IntelliJ IDEA Community Edition 2020.3.4\bin\breakgen64.dll
0x00007ff81f930000 - 0x00007ff81f95a000 	C:\Users\Julian Tank\Desktop\Phoenix3D\src\phoenix3D\nativeIntergration\nativeLibraries\windows\Phoenix3D_NativeWindowLib.dll
0x00007ff81da50000 - 0x00007ff81da7b000 	C:\WINDOWS\SYSTEM32\VCRUNTIME140D.dll
0x00007fffab070000 - 0x00007fffab237000 	C:\WINDOWS\SYSTEM32\ucrtbased.dll
0x00007ff820110000 - 0x00007ff820119000 	C:\Program Files\Java\jdk-21\bin\extnet.dll
0x00007ff82c6b0000 - 0x00007ff82c75b000 	C:\WINDOWS\system32\uxtheme.dll
0x00007ff830620000 - 0x00007ff830773000 	C:\WINDOWS\System32\MSCTF.dll

dbghelp: loaded successfully - version: 4.0.5 - missing functions: none
symbol engine: initialized successfully - sym options: 0x614 - pdb path: .;C:\Program Files\Java\jdk-21\bin;C:\WINDOWS\SYSTEM32;C:\Program Files\Norton Security\NortonData\22.15.0.88\Definitions\IPSDefs\20240610.064;C:\WINDOWS\WinSxS\amd64_microsoft.windows.common-controls_6595b64144ccf1df_6.0.22621.3527_none_270e469b73872a76;C:\Program Files\Java\jdk-21\bin\server;C:\Program Files\JetBrains\IntelliJ IDEA Community Edition 2020.3.4\bin;C:\Users\Julian Tank\Desktop\Phoenix3D\src\phoenix3D\nativeIntergration\nativeLibraries\windows

VM Arguments:
jvm_args: -Djava.library.path=C:\Users\Julian Tank\Desktop\Phoenix3D\src\phoenix3D\nativeIntergration\nativeLibraries\macos;C:\Users\Julian Tank\Desktop\Phoenix3D\src\phoenix3D\nativeIntergration\nativeLibraries\linux;C:\Users\Julian Tank\Desktop\Phoenix3D\src\phoenix3D\nativeIntergration\nativeLibraries\windows -javaagent:C:\Program Files\JetBrains\IntelliJ IDEA Community Edition 2020.3.4\lib\idea_rt.jar=18189:C:\Program Files\JetBrains\IntelliJ IDEA Community Edition 2020.3.4\bin -Dfile.encoding=UTF-8 
java_command: phoenix3D.Test
java_class_path (initial): C:\Users\Julian Tank\Desktop\Phoenix3D\out\production\Phoenix3D
Launcher Type: SUN_STANDARD

[Global flags]
     intx CICompilerCount                          = 4                                         {product} {ergonomic}
     uint ConcGCThreads                            = 2                                         {product} {ergonomic}
     uint G1ConcRefinementThreads                  = 8                                         {product} {ergonomic}
   size_t G1HeapRegionSize                         = 1048576                                   {product} {ergonomic}
    uintx GCDrainStackTargetSize                   = 64                                        {product} {ergonomic}
   size_t InitialHeapSize                          = 134217728                                 {product} {ergonomic}
   size_t MarkStackSize                            = 4194304                                   {product} {ergonomic}
   size_t MaxHeapSize                              = 2116026368                                {product} {ergonomic}
   size_t MaxNewSize                               = 1268776960                                {product} {ergonomic}
   size_t MinHeapDeltaBytes                        = 1048576                                   {product} {ergonomic}
   size_t MinHeapSize                              = 8388608                                   {product} {ergonomic}
    uintx NonNMethodCodeHeapSize                   = 5839372                                {pd product} {ergonomic}
    uintx NonProfiledCodeHeapSize                  = 122909434                              {pd product} {ergonomic}
    uintx ProfiledCodeHeapSize                     = 122909434                              {pd product} {ergonomic}
    uintx ReservedCodeCacheSize                    = 251658240                              {pd product} {ergonomic}
     bool SegmentedCodeCache                       = true                                      {product} {ergonomic}
   size_t SoftMaxHeapSize                          = 2116026368                             {manageable} {ergonomic}
     bool UseCompressedOops                        = true                           {product lp64_product} {ergonomic}
     bool UseG1GC                                  = true                                      {product} {ergonomic}
     bool UseLargePagesIndividualAllocation        = false                                  {pd product} {ergonomic}

Logging:
Log output configuration:
 #0: stdout all=warning uptime,level,tags foldmultilines=false
 #1: stderr all=off uptime,level,tags foldmultilines=false

Environment Variables:
JAVA_HOME=C:\Program Files\Java\jdk-21
PATH=C:\Program Files\Common Files\Oracle\Java\javapath;C:\Program Files (x86)\Common Files\Oracle\Java\javapath;C:\Program Files\Eclipse Adoptium\jdk-17.0.5.8-hotspot\bin;C:\Program Files (x86)\Intel\iCLS Client\;C:\Program Files\Intel\iCLS Client\;C:\WINDOWS\system32;C:\WINDOWS;C:\WINDOWS\System32\Wbem;C:\WINDOWS\System32\WindowsPowerShell\v1.0\;C:\Program Files (x86)\Intel\Intel(R) Management Engine Components\DAL;C:\Program Files\Intel\Intel(R) Management Engine Components\DAL;C:\Program Files (x86)\Intel\Intel(R) Management Engine Components\IPT;C:\Program Files\Intel\Intel(R) Management Engine Components\IPT;C:\WINDOWS\System32\OpenSSH\;C:\Program Files\dotnet\;C:\Program Files\Java\jdk-17.0.3.1;C:\Program Files\WorldPainter;C:\Program Files\nodejs\;C:\Program Files\Docker\Docker\resources\bin;C:\Program Files\Git\cmd;C:\Users\Julian Tank\AppData\Local\Microsoft\WindowsApps;C:\Users\Julian Tank\AppData\Local\atom\bin;C:\Users\Julian Tank\AppData\Local\Programs\Microsoft VS Code\bin;C:\Users\Julian Tank\AppData\Local\GitHubDesktop\bin;C:\Users\Julian Tank\AppData\Local\Microsoft\WindowsApps;C:\Users\Julian Tank\.dotnet\tools;C:\Users\Julian Tank\AppData\Roaming\npm;C:\Program Files (x86)\Nmap;C:\MinGW\bin;
USERNAME=Julian Tank
OS=Windows_NT
PROCESSOR_IDENTIFIER=Intel64 Family 6 Model 142 Stepping 10, GenuineIntel
TMP=C:\Users\JULIAN~1\AppData\Local\Temp
TEMP=C:\Users\JULIAN~1\AppData\Local\Temp




Periodic native trim disabled

---------------  S Y S T E M  ---------------

OS:
 Windows 11 , 64 bit Build 22621 (10.0.22621.3527)
OS uptime: 3 days 9:46 hours
Hyper-V role detected

CPU: total 8 (initial active 8) (4 cores per cpu, 2 threads per core) family 6 model 142 stepping 10 microcode 0xe0, cx8, cmov, fxsr, ht, mmx, 3dnowpref, sse, sse2, sse3, ssse3, sse4.1, sse4.2, popcnt, lzcnt, tsc, tscinvbit, avx, avx2, aes, erms, clmul, bmi1, bmi2, adx, fma, vzeroupper, clflush, clflushopt, hv, rdtscp, f16c
Processor Information for all 8 processors :
  Max Mhz: 1800, Current Mhz: 1600, Mhz Limit: 1584

Memory: 4k page, system-wide physical 8066M (953M free)
TotalPageFile size 22664M (AvailPageFile size 5277M)
current process WorkingSet (physical memory assigned to process): 41M, peak: 41M
current process commit charge ("private bytes"): 211M, peak: 211M

vm_info: Java HotSpot(TM) 64-Bit Server VM (21.0.3+7-LTS-152) for windows-amd64 JRE (21.0.3+7-LTS-152), built on 2024-03-11T17:42:26Z by "mach5one" with MS VC++ 17.6 (VS2022)

END.
